2020-06-10 09:04:16,673 | model_koubei.py | INFO  | 程序开始时间：2020-06-10 09:04:16.664373
2020-06-10 09:04:29,144 | model_koubei.py | INFO  | 3530 中华V3口碑数据获取中...
2020-06-10 09:04:35,907 | model_koubei.py | INFO  | 车系：3530 中华V3 口碑：2950183 数据获取中...
2020-06-10 09:04:36,694 | model_koubei.py | INFO  | 3530 中华V3 口碑：2950183 数据保存成功!
2020-06-10 09:04:36,695 | model_koubei.py | INFO  | 车系：3530 中华V3 口碑：2906346 数据获取中...
2020-06-10 09:04:37,077 | model_koubei.py | INFO  | 3530 中华V3 口碑：2906346 数据保存成功!
2020-06-10 09:04:37,078 | model_koubei.py | INFO  | 车系：3530 中华V3 口碑：2905094 数据获取中...
2020-06-10 09:04:37,859 | model_koubei.py | INFO  | 3530 中华V3 口碑：2905094 数据保存成功!
2020-06-10 09:04:37,860 | model_koubei.py | INFO  | 车系：3530 中华V3 口碑：2900485 数据获取中...
2020-06-10 09:04:38,487 | model_koubei.py | INFO  | 3530 中华V3 口碑：2900485 数据保存成功!
2020-06-10 09:04:38,487 | model_koubei.py | INFO  | 车系：3530 中华V3 口碑：2899523 数据获取中...
2020-06-10 09:04:39,037 | model_koubei.py | INFO  | 3530 中华V3 口碑：2899523 数据保存成功!
2020-06-10 09:04:39,037 | model_koubei.py | INFO  | 车系：3530 中华V3 口碑：2899312 数据获取中...
2020-06-10 09:04:39,656 | model_koubei.py | INFO  | 3530 中华V3 口碑：2899312 数据保存成功!
2020-06-10 09:04:39,656 | model_koubei.py | INFO  | 车系：3530 中华V3 口碑：2898452 数据获取中...
2020-06-10 09:04:39,988 | model_koubei.py | INFO  | 3530 中华V3 口碑：2898452 数据保存成功!
2020-06-10 09:04:39,989 | model_koubei.py | INFO  | 车系：3530 中华V3 口碑：2898249 数据获取中...
2020-06-10 09:04:40,584 | model_koubei.py | INFO  | 3530 中华V3 口碑：2898249 数据保存成功!
2020-06-10 09:04:40,585 | model_koubei.py | INFO  | 车系：3530 中华V3 口碑：2897854 数据获取中...
2020-06-10 09:04:41,020 | model_koubei.py | INFO  | 3530 中华V3 口碑：2897854 数据保存成功!
2020-06-10 09:04:41,021 | model_koubei.py | INFO  | 车系：3530 中华V3 口碑：2897760 数据获取中...
2020-06-10 09:04:41,520 | model_koubei.py | INFO  | 3530 中华V3 口碑：2897760 数据保存成功!
2020-06-10 09:04:41,520 | model_koubei.py | INFO  | 车系：3530 中华V3 口碑：2896959 数据获取中...
2020-06-10 09:04:42,108 | model_koubei.py | INFO  | 3530 中华V3 口碑：2896959 数据保存成功!
2020-06-10 09:04:42,109 | model_koubei.py | INFO  | 车系：3530 中华V3 口碑：2892275 数据获取中...
2020-06-10 09:04:42,641 | model_koubei.py | INFO  | 3530 中华V3 口碑：2892275 数据保存成功!
2020-06-10 09:04:42,641 | model_koubei.py | INFO  | 车系：3530 中华V3 口碑：2891656 数据获取中...
2020-06-10 09:04:43,162 | model_koubei.py | INFO  | 3530 中华V3 口碑：2891656 数据保存成功!
2020-06-10 09:04:43,163 | model_koubei.py | INFO  | 车系：3530 中华V3 口碑：2891503 数据获取中...
2020-06-10 09:04:43,785 | model_koubei.py | INFO  | 3530 中华V3 口碑：2891503 数据保存成功!
2020-06-10 09:04:43,785 | model_koubei.py | INFO  | 车系：3530 中华V3 口碑：2887612 数据获取中...
2020-06-10 09:04:44,271 | model_koubei.py | INFO  | 3530 中华V3 口碑：2887612 数据保存成功!
2020-06-10 09:04:44,272 | model_koubei.py | INFO  | 车系：3530 中华V3 口碑：2886363 数据获取中...
2020-06-10 09:04:44,914 | model_koubei.py | INFO  | 3530 中华V3 口碑：2886363 数据保存成功!
2020-06-10 09:04:44,914 | model_koubei.py | INFO  | 车系：3530 中华V3 口碑：2883750 数据获取中...
2020-06-10 09:04:45,581 | model_koubei.py | INFO  | 3530 中华V3 口碑：2883750 数据保存成功!
2020-06-10 09:04:45,581 | model_koubei.py | INFO  | 车系：3530 中华V3 口碑：2883002 数据获取中...
2020-06-10 09:04:46,212 | model_koubei.py | INFO  | 3530 中华V3 口碑：2883002 数据保存成功!
2020-06-10 09:04:46,212 | model_koubei.py | INFO  | 车系：3530 中华V3 口碑：2870338 数据获取中...
2020-06-10 09:04:46,690 | model_koubei.py | INFO  | 3530 中华V3 口碑：2870338 数据保存成功!
2020-06-10 09:04:46,690 | model_koubei.py | INFO  | 车系：3530 中华V3 口碑：2868046 数据获取中...
2020-06-10 09:04:47,096 | model_koubei.py | INFO  | 3530 中华V3 口碑：2868046 数据保存成功!
2020-06-10 09:04:47,096 | model_koubei.py | INFO  | 车系：3530 中华V3 口碑：2865556 数据获取中...
2020-06-10 09:04:47,655 | model_koubei.py | INFO  | 3530 中华V3 口碑：2865556 数据保存成功!
2020-06-10 09:04:47,656 | model_koubei.py | INFO  | 车系：3530 中华V3 口碑：2864334 数据获取中...
2020-06-10 09:04:48,088 | model_koubei.py | INFO  | 3530 中华V3 口碑：2864334 数据保存成功!
2020-06-10 09:04:48,088 | model_koubei.py | INFO  | 车系：3530 中华V3 口碑：2864200 数据获取中...
2020-06-10 09:04:48,688 | model_koubei.py | INFO  | 3530 中华V3 口碑：2864200 数据保存成功!
2020-06-10 09:04:48,688 | model_koubei.py | INFO  | 车系：3530 中华V3 口碑：2864039 数据获取中...
2020-06-10 09:04:48,942 | model_koubei.py | INFO  | 3530 中华V3 口碑：2864039 数据保存成功!
2020-06-10 09:04:48,942 | model_koubei.py | INFO  | 车系：3530 中华V3 口碑：2863840 数据获取中...
2020-06-10 09:04:49,709 | model_koubei.py | INFO  | 3530 中华V3 口碑：2863840 数据保存成功!
2020-06-10 09:04:49,709 | model_koubei.py | INFO  | 车系：3530 中华V3 口碑：2863813 数据获取中...
2020-06-10 09:04:50,373 | model_koubei.py | INFO  | 3530 中华V3 口碑：2863813 数据保存成功!
2020-06-10 09:04:50,373 | model_koubei.py | INFO  | 车系：3530 中华V3 口碑：2863012 数据获取中...
2020-06-10 09:04:51,110 | model_koubei.py | INFO  | 3530 中华V3 口碑：2863012 数据保存成功!
2020-06-10 09:04:51,110 | model_koubei.py | INFO  | 车系：3530 中华V3 口碑：2862859 数据获取中...
2020-06-10 09:04:51,516 | model_koubei.py | INFO  | 3530 中华V3 口碑：2862859 数据保存成功!
2020-06-10 09:04:51,516 | model_koubei.py | INFO  | 车系：3530 中华V3 口碑：2862545 数据获取中...
2020-06-10 09:04:51,970 | model_koubei.py | INFO  | 3530 中华V3 口碑：2862545 数据保存成功!
2020-06-10 09:04:51,971 | model_koubei.py | INFO  | 车系：3530 中华V3 口碑：2860666 数据获取中...
2020-06-10 09:04:52,481 | model_koubei.py | INFO  | 3530 中华V3 口碑：2860666 数据保存成功!
2020-06-10 09:04:52,481 | model_koubei.py | INFO  | 车系：3530 中华V3 口碑：2858914 数据获取中...
2020-06-10 09:04:52,781 | model_koubei.py | INFO  | 3530 中华V3 口碑：2858914 数据保存成功!
2020-06-10 09:04:52,782 | model_koubei.py | INFO  | 车系：3530 中华V3 口碑：2858626 数据获取中...
2020-06-10 09:04:53,258 | model_koubei.py | INFO  | 3530 中华V3 口碑：2858626 数据保存成功!
2020-06-10 09:04:53,258 | model_koubei.py | INFO  | 车系：3530 中华V3 口碑：2858382 数据获取中...
2020-06-10 09:04:53,814 | model_koubei.py | INFO  | 3530 中华V3 口碑：2858382 数据保存成功!
2020-06-10 09:04:53,814 | model_koubei.py | INFO  | 车系：3530 中华V3 口碑：2858280 数据获取中...
2020-06-10 09:04:54,269 | model_koubei.py | INFO  | 3530 中华V3 口碑：2858280 数据保存成功!
2020-06-10 09:04:54,269 | model_koubei.py | INFO  | 车系：3530 中华V3 口碑：2857096 数据获取中...
2020-06-10 09:04:54,662 | model_koubei.py | INFO  | 3530 中华V3 口碑：2857096 数据保存成功!
2020-06-10 09:04:54,663 | model_koubei.py | INFO  | 车系：3530 中华V3 口碑：2856712 数据获取中...
2020-06-10 09:04:55,243 | model_koubei.py | INFO  | 3530 中华V3 口碑：2856712 数据保存成功!
2020-06-10 09:04:55,243 | model_koubei.py | INFO  | 车系：3530 中华V3 口碑：2856582 数据获取中...
2020-06-10 09:04:56,020 | model_koubei.py | INFO  | 3530 中华V3 口碑：2856582 数据保存成功!
2020-06-10 09:04:56,020 | model_koubei.py | INFO  | 车系：3530 中华V3 口碑：2856384 数据获取中...
2020-06-10 09:04:56,378 | model_koubei.py | INFO  | 3530 中华V3 口碑：2856384 数据保存成功!
2020-06-10 09:04:56,379 | model_koubei.py | INFO  | 车系：3530 中华V3 口碑：2855580 数据获取中...
2020-06-10 09:04:56,741 | model_koubei.py | INFO  | 3530 中华V3 口碑：2855580 数据保存成功!
2020-06-10 09:04:56,742 | model_koubei.py | INFO  | 车系：3530 中华V3 口碑：2854276 数据获取中...
2020-06-10 09:04:57,349 | model_koubei.py | INFO  | 3530 中华V3 口碑：2854276 数据保存成功!
2020-06-10 09:05:05,210 | model_koubei.py | INFO  | 车系：3530 中华V3 口碑：2853769 数据获取中...
2020-06-10 09:05:05,738 | model_koubei.py | INFO  | 3530 中华V3 口碑：2853769 数据保存成功!
2020-06-10 09:05:05,738 | model_koubei.py | INFO  | 车系：3530 中华V3 口碑：2853464 数据获取中...
2020-06-10 09:05:06,149 | model_koubei.py | INFO  | 3530 中华V3 口碑：2853464 数据保存成功!
2020-06-10 09:05:06,149 | model_koubei.py | INFO  | 车系：3530 中华V3 口碑：2852658 数据获取中...
2020-06-10 09:05:06,503 | model_koubei.py | INFO  | 3530 中华V3 口碑：2852658 数据保存成功!
2020-06-10 09:05:06,504 | model_koubei.py | INFO  | 车系：3530 中华V3 口碑：2850853 数据获取中...
2020-06-10 09:05:07,070 | model_koubei.py | INFO  | 3530 中华V3 口碑：2850853 数据保存成功!
2020-06-10 09:05:07,081 | model_koubei.py | INFO  | 车系：3530 中华V3 口碑：2846476 数据获取中...
2020-06-10 09:05:07,621 | model_koubei.py | INFO  | 3530 中华V3 口碑：2846476 数据保存成功!
2020-06-10 09:05:07,622 | model_koubei.py | INFO  | 车系：3530 中华V3 口碑：2845519 数据获取中...
2020-06-10 09:05:08,213 | model_koubei.py | INFO  | 3530 中华V3 口碑：2845519 数据保存成功!
2020-06-10 09:05:08,213 | model_koubei.py | INFO  | 车系：3530 中华V3 口碑：2843593 数据获取中...
2020-06-10 09:05:08,914 | model_koubei.py | INFO  | 3530 中华V3 口碑：2843593 数据保存成功!
2020-06-10 09:05:08,914 | model_koubei.py | INFO  | 车系：3530 中华V3 口碑：2837886 数据获取中...
2020-06-10 09:05:09,450 | model_koubei.py | INFO  | 3530 中华V3 口碑：2837886 数据保存成功!
2020-06-10 09:05:09,450 | model_koubei.py | INFO  | 车系：3530 中华V3 口碑：2836706 数据获取中...
2020-06-10 09:05:09,899 | model_koubei.py | INFO  | 3530 中华V3 口碑：2836706 数据保存成功!
2020-06-10 09:05:09,899 | model_koubei.py | INFO  | 车系：3530 中华V3 口碑：2834018 数据获取中...
2020-06-10 09:05:10,398 | model_koubei.py | INFO  | 3530 中华V3 口碑：2834018 数据保存成功!
2020-06-10 09:05:10,398 | model_koubei.py | INFO  | 车系：3530 中华V3 口碑：2822347 数据获取中...
2020-06-10 09:05:11,053 | model_koubei.py | INFO  | 3530 中华V3 口碑：2822347 数据保存成功!
2020-06-10 09:05:11,053 | model_koubei.py | INFO  | 车系：3530 中华V3 口碑：2820986 数据获取中...
2020-06-10 09:05:11,519 | model_koubei.py | INFO  | 3530 中华V3 口碑：2820986 数据保存成功!
2020-06-10 09:05:11,520 | model_koubei.py | INFO  | 车系：3530 中华V3 口碑：2820634 数据获取中...
2020-06-10 09:05:12,103 | model_koubei.py | INFO  | 3530 中华V3 口碑：2820634 数据保存成功!
2020-06-10 09:05:12,103 | model_koubei.py | INFO  | 车系：3530 中华V3 口碑：2818536 数据获取中...
2020-06-10 09:05:12,882 | model_koubei.py | INFO  | 3530 中华V3 口碑：2818536 数据保存成功!
2020-06-10 09:05:12,882 | model_koubei.py | INFO  | 车系：3530 中华V3 口碑：2818241 数据获取中...
2020-06-10 09:05:13,323 | model_koubei.py | INFO  | 3530 中华V3 口碑：2818241 数据保存成功!
2020-06-10 09:05:13,323 | model_koubei.py | INFO  | 车系：3530 中华V3 口碑：2815198 数据获取中...
2020-06-10 09:05:13,648 | model_koubei.py | INFO  | 3530 中华V3 口碑：2815198 数据保存成功!
2020-06-10 09:05:13,649 | model_koubei.py | INFO  | 车系：3530 中华V3 口碑：2806538 数据获取中...
2020-06-10 09:05:14,148 | model_koubei.py | INFO  | 3530 中华V3 口碑：2806538 数据保存成功!
2020-06-10 09:05:14,149 | model_koubei.py | INFO  | 车系：3530 中华V3 口碑：2805330 数据获取中...
2020-06-10 09:05:14,510 | model_koubei.py | INFO  | 3530 中华V3 口碑：2805330 数据保存成功!
2020-06-10 09:05:14,510 | model_koubei.py | INFO  | 车系：3530 中华V3 口碑：2803136 数据获取中...
2020-06-10 09:05:14,827 | model_koubei.py | INFO  | 3530 中华V3 口碑：2803136 数据保存成功!
2020-06-10 09:05:14,827 | model_koubei.py | INFO  | 车系：3530 中华V3 口碑：2802990 数据获取中...
2020-06-10 09:05:15,275 | model_koubei.py | INFO  | 3530 中华V3 口碑：2802990 数据保存成功!
2020-06-10 09:05:15,276 | model_koubei.py | INFO  | 车系：3530 中华V3 口碑：2740697 数据获取中...
2020-06-10 09:05:15,712 | model_koubei.py | INFO  | 3530 中华V3 口碑：2740697 数据保存成功!
2020-06-10 09:05:15,713 | model_koubei.py | INFO  | 车系：3530 中华V3 口碑：2780928 数据获取中...
2020-06-10 09:05:16,019 | model_koubei.py | INFO  | 3530 中华V3 口碑：2780928 数据保存成功!
2020-06-10 09:05:16,019 | model_koubei.py | INFO  | 车系：3530 中华V3 口碑：2768715 数据获取中...
2020-06-10 09:05:16,585 | model_koubei.py | INFO  | 3530 中华V3 口碑：2768715 数据保存成功!
2020-06-10 09:05:16,586 | model_koubei.py | INFO  | 车系：3530 中华V3 口碑：2766594 数据获取中...
2020-06-10 09:05:16,955 | model_koubei.py | INFO  | 3530 中华V3 口碑：2766594 数据保存成功!
2020-06-10 09:05:16,956 | model_koubei.py | INFO  | 车系：3530 中华V3 口碑：2763221 数据获取中...
2020-06-10 09:05:17,585 | model_koubei.py | INFO  | 3530 中华V3 口碑：2763221 数据保存成功!
2020-06-10 09:05:17,585 | model_koubei.py | INFO  | 车系：3530 中华V3 口碑：2743678 数据获取中...
2020-06-10 09:05:18,408 | model_koubei.py | INFO  | 3530 中华V3 口碑：2743678 数据保存成功!
2020-06-10 09:05:18,409 | model_koubei.py | INFO  | 车系：3530 中华V3 口碑：2739079 数据获取中...
2020-06-10 09:05:18,741 | model_koubei.py | INFO  | 3530 中华V3 口碑：2739079 数据保存成功!
2020-06-10 09:05:18,741 | model_koubei.py | INFO  | 车系：3530 中华V3 口碑：2729640 数据获取中...
2020-06-10 09:05:19,395 | model_koubei.py | INFO  | 3530 中华V3 口碑：2729640 数据保存成功!
2020-06-10 09:05:19,395 | model_koubei.py | INFO  | 车系：3530 中华V3 口碑：2726605 数据获取中...
2020-06-10 09:05:19,773 | model_koubei.py | INFO  | 3530 中华V3 口碑：2726605 数据保存成功!
2020-06-10 09:05:19,773 | model_koubei.py | INFO  | 车系：3530 中华V3 口碑：2719297 数据获取中...
2020-06-10 09:05:20,261 | model_koubei.py | INFO  | 3530 中华V3 口碑：2719297 数据保存成功!
2020-06-10 09:05:20,262 | model_koubei.py | INFO  | 车系：3530 中华V3 口碑：2681882 数据获取中...
2020-06-10 09:05:20,826 | model_koubei.py | INFO  | 3530 中华V3 口碑：2681882 数据保存成功!
2020-06-10 09:05:20,827 | model_koubei.py | INFO  | 车系：3530 中华V3 口碑：2673114 数据获取中...
2020-06-10 09:05:21,193 | model_koubei.py | INFO  | 3530 中华V3 口碑：2673114 数据保存成功!
2020-06-10 09:05:21,193 | model_koubei.py | INFO  | 车系：3530 中华V3 口碑：2658035 数据获取中...
2020-06-10 09:05:21,834 | model_koubei.py | INFO  | 3530 中华V3 口碑：2658035 数据保存成功!
2020-06-10 09:05:21,834 | model_koubei.py | INFO  | 车系：3530 中华V3 口碑：2947101 数据获取中...
2020-06-10 09:05:22,414 | model_koubei.py | INFO  | 3530 中华V3 口碑：2947101 数据保存成功!
2020-06-10 09:05:22,414 | model_koubei.py | INFO  | 车系：3530 中华V3 口碑：2858355 数据获取中...
2020-06-10 09:05:22,986 | model_koubei.py | INFO  | 3530 中华V3 口碑：2858355 数据保存成功!
2020-06-10 09:05:22,986 | model_koubei.py | INFO  | 车系：3530 中华V3 口碑：2846015 数据获取中...
2020-06-10 09:05:23,456 | model_koubei.py | INFO  | 3530 中华V3 口碑：2846015 数据保存成功!
2020-06-10 09:05:23,456 | model_koubei.py | INFO  | 车系：3530 中华V3 口碑：2844046 数据获取中...
2020-06-10 09:05:24,178 | model_koubei.py | INFO  | 3530 中华V3 口碑：2844046 数据保存成功!
2020-06-10 09:05:24,178 | model_koubei.py | INFO  | 车系：3530 中华V3 口碑：2738138 数据获取中...
2020-06-10 09:05:24,909 | model_koubei.py | INFO  | 3530 中华V3 口碑：2738138 数据保存成功!
2020-06-10 09:05:24,909 | model_koubei.py | INFO  | 车系：3530 中华V3 口碑：2729268 数据获取中...
2020-06-10 09:05:25,430 | model_koubei.py | INFO  | 3530 中华V3 口碑：2729268 数据保存成功!
2020-06-10 09:05:25,431 | model_koubei.py | INFO  | 车系：3530 中华V3 口碑：2679147 数据获取中...
2020-06-10 09:05:25,918 | model_koubei.py | INFO  | 3530 中华V3 口碑：2679147 数据保存成功!
2020-06-10 09:05:32,456 | model_koubei.py | INFO  | 车系：3530 中华V3 口碑：2906392 数据获取中...
2020-06-10 09:05:33,377 | model_koubei.py | INFO  | 3530 中华V3 口碑：2906392 数据保存成功!
2020-06-10 09:05:33,378 | model_koubei.py | INFO  | 车系：3530 中华V3 口碑：2906103 数据获取中...
2020-06-10 09:05:33,895 | model_koubei.py | INFO  | 3530 中华V3 口碑：2906103 数据保存成功!
2020-06-10 09:05:33,896 | model_koubei.py | INFO  | 车系：3530 中华V3 口碑：2894699 数据获取中...
2020-06-10 09:05:34,505 | model_koubei.py | INFO  | 3530 中华V3 口碑：2894699 数据保存成功!
2020-06-10 09:05:34,506 | model_koubei.py | INFO  | 车系：3530 中华V3 口碑：2855174 数据获取中...
2020-06-10 09:05:35,113 | model_koubei.py | INFO  | 3530 中华V3 口碑：2855174 数据保存成功!
2020-06-10 09:05:35,113 | model_koubei.py | INFO  | 车系：3530 中华V3 口碑：2816752 数据获取中...
2020-06-10 09:05:35,505 | model_koubei.py | INFO  | 3530 中华V3 口碑：2816752 数据保存成功!
2020-06-10 09:05:35,505 | model_koubei.py | INFO  | 车系：3530 中华V3 口碑：2790223 数据获取中...
2020-06-10 09:05:36,126 | model_koubei.py | INFO  | 3530 中华V3 口碑：2790223 数据保存成功!
2020-06-10 09:05:36,127 | model_koubei.py | INFO  | 车系：3530 中华V3 口碑：2779322 数据获取中...
2020-06-10 09:05:36,660 | model_koubei.py | INFO  | 3530 中华V3 口碑：2779322 数据保存成功!
2020-06-10 09:05:36,660 | model_koubei.py | INFO  | 车系：3530 中华V3 口碑：2723638 数据获取中...
2020-06-10 09:05:36,960 | model_koubei.py | INFO  | 3530 中华V3 口碑：2723638 数据保存成功!
2020-06-10 09:05:36,961 | model_koubei.py | INFO  | 车系：3530 中华V3 口碑：2756874 数据获取中...
2020-06-10 09:05:37,391 | model_koubei.py | INFO  | 3530 中华V3 口碑：2756874 数据保存成功!
2020-06-10 09:05:37,391 | model_koubei.py | INFO  | 车系：3530 中华V3 口碑：2917393 数据获取中...
2020-06-10 09:05:37,970 | model_koubei.py | INFO  | 3530 中华V3 口碑：2917393 数据保存成功!
2020-06-10 09:05:37,970 | model_koubei.py | INFO  | 车系：3530 中华V3 口碑：2912395 数据获取中...
2020-06-10 09:05:38,423 | model_koubei.py | INFO  | 3530 中华V3 口碑：2912395 数据保存成功!
2020-06-10 09:05:38,423 | model_koubei.py | INFO  | 车系：3530 中华V3 口碑：2908956 数据获取中...
2020-06-10 09:05:38,928 | model_koubei.py | INFO  | 3530 中华V3 口碑：2908956 数据保存成功!
2020-06-10 09:05:38,928 | model_koubei.py | INFO  | 车系：3530 中华V3 口碑：2908474 数据获取中...
2020-06-10 09:05:39,409 | model_koubei.py | INFO  | 3530 中华V3 口碑：2908474 数据保存成功!
2020-06-10 09:05:39,410 | model_koubei.py | INFO  | 车系：3530 中华V3 口碑：2523210 数据获取中...
2020-06-10 09:05:40,014 | model_koubei.py | INFO  | 3530 中华V3 口碑：2523210 数据保存成功!
2020-06-10 09:05:40,015 | model_koubei.py | INFO  | 车系：3530 中华V3 口碑：2906940 数据获取中...
2020-06-10 09:05:40,430 | model_koubei.py | INFO  | 3530 中华V3 口碑：2906940 数据保存成功!
2020-06-10 09:05:40,430 | model_koubei.py | INFO  | 车系：3530 中华V3 口碑：2906825 数据获取中...
2020-06-10 09:05:40,803 | model_koubei.py | INFO  | 3530 中华V3 口碑：2906825 数据保存成功!
2020-06-10 09:05:40,803 | model_koubei.py | INFO  | 车系：3530 中华V3 口碑：2905493 数据获取中...
2020-06-10 09:05:41,473 | model_koubei.py | INFO  | 3530 中华V3 口碑：2905493 数据保存成功!
2020-06-10 09:05:41,473 | model_koubei.py | INFO  | 车系：3530 中华V3 口碑：2904332 数据获取中...
2020-06-10 09:05:41,945 | model_koubei.py | INFO  | 3530 中华V3 口碑：2904332 数据保存成功!
2020-06-10 09:05:41,946 | model_koubei.py | INFO  | 车系：3530 中华V3 口碑：2902586 数据获取中...
2020-06-10 09:05:42,279 | model_koubei.py | INFO  | 3530 中华V3 口碑：2902586 数据保存成功!
2020-06-10 09:05:42,279 | model_koubei.py | INFO  | 车系：3530 中华V3 口碑：2902577 数据获取中...
2020-06-10 09:05:42,660 | model_koubei.py | INFO  | 3530 中华V3 口碑：2902577 数据保存成功!
2020-06-10 09:05:42,660 | model_koubei.py | INFO  | 车系：3530 中华V3 口碑：2902562 数据获取中...
2020-06-10 09:05:43,255 | model_koubei.py | INFO  | 3530 中华V3 口碑：2902562 数据保存成功!
2020-06-10 09:05:43,255 | model_koubei.py | INFO  | 车系：3530 中华V3 口碑：2900963 数据获取中...
2020-06-10 09:05:43,892 | model_koubei.py | INFO  | 3530 中华V3 口碑：2900963 数据保存成功!
2020-06-10 09:05:43,892 | model_koubei.py | INFO  | 车系：3530 中华V3 口碑：2900189 数据获取中...
2020-06-10 09:05:44,409 | model_koubei.py | INFO  | 3530 中华V3 口碑：2900189 数据保存成功!
2020-06-10 09:05:44,410 | model_koubei.py | INFO  | 车系：3530 中华V3 口碑：2897871 数据获取中...
2020-06-10 09:05:45,037 | model_koubei.py | INFO  | 3530 中华V3 口碑：2897871 数据保存成功!
2020-06-10 09:05:45,038 | model_koubei.py | INFO  | 车系：3530 中华V3 口碑：2897192 数据获取中...
2020-06-10 09:05:45,433 | model_koubei.py | INFO  | 3530 中华V3 口碑：2897192 数据保存成功!
2020-06-10 09:05:45,433 | model_koubei.py | INFO  | 车系：3530 中华V3 口碑：2896832 数据获取中...
2020-06-10 09:05:45,945 | model_koubei.py | INFO  | 3530 中华V3 口碑：2896832 数据保存成功!
2020-06-10 09:05:45,945 | model_koubei.py | INFO  | 车系：3530 中华V3 口碑：2893839 数据获取中...
2020-06-10 09:05:46,411 | model_koubei.py | INFO  | 3530 中华V3 口碑：2893839 数据保存成功!
2020-06-10 09:05:46,411 | model_koubei.py | INFO  | 车系：3530 中华V3 口碑：2893555 数据获取中...
2020-06-10 09:05:46,805 | model_koubei.py | INFO  | 3530 中华V3 口碑：2893555 数据保存成功!
2020-06-10 09:05:46,805 | model_koubei.py | INFO  | 车系：3530 中华V3 口碑：2893476 数据获取中...
2020-06-10 09:05:47,408 | model_koubei.py | INFO  | 3530 中华V3 口碑：2893476 数据保存成功!
2020-06-10 09:05:47,408 | model_koubei.py | INFO  | 车系：3530 中华V3 口碑：2893321 数据获取中...
2020-06-10 09:05:47,975 | model_koubei.py | INFO  | 3530 中华V3 口碑：2893321 数据保存成功!
2020-06-10 09:05:47,975 | model_koubei.py | INFO  | 车系：3530 中华V3 口碑：2890041 数据获取中...
2020-06-10 09:05:48,462 | model_koubei.py | INFO  | 3530 中华V3 口碑：2890041 数据保存成功!
2020-06-10 09:05:48,463 | model_koubei.py | INFO  | 车系：3530 中华V3 口碑：2889998 数据获取中...
2020-06-10 09:05:48,928 | model_koubei.py | INFO  | 3530 中华V3 口碑：2889998 数据保存成功!
2020-06-10 09:05:48,929 | model_koubei.py | INFO  | 车系：3530 中华V3 口碑：2885494 数据获取中...
2020-06-10 09:05:49,472 | model_koubei.py | INFO  | 3530 中华V3 口碑：2885494 数据保存成功!
2020-06-10 09:05:49,472 | model_koubei.py | INFO  | 车系：3530 中华V3 口碑：2884503 数据获取中...
2020-06-10 09:05:49,846 | model_koubei.py | INFO  | 3530 中华V3 口碑：2884503 数据保存成功!
2020-06-10 09:05:49,846 | model_koubei.py | INFO  | 车系：3530 中华V3 口碑：2883194 数据获取中...
2020-06-10 09:05:50,349 | model_koubei.py | INFO  | 3530 中华V3 口碑：2883194 数据保存成功!
2020-06-10 09:05:50,349 | model_koubei.py | INFO  | 车系：3530 中华V3 口碑：2882871 数据获取中...
2020-06-10 09:05:50,948 | model_koubei.py | INFO  | 3530 中华V3 口碑：2882871 数据保存成功!
2020-06-10 09:05:50,948 | model_koubei.py | INFO  | 车系：3530 中华V3 口碑：2881610 数据获取中...
2020-06-10 09:05:51,313 | model_koubei.py | INFO  | 3530 中华V3 口碑：2881610 数据保存成功!
2020-06-10 09:05:51,313 | model_koubei.py | INFO  | 车系：3530 中华V3 口碑：2878620 数据获取中...
2020-06-10 09:05:51,668 | model_koubei.py | INFO  | 3530 中华V3 口碑：2878620 数据保存成功!
2020-06-10 09:05:51,669 | model_koubei.py | INFO  | 车系：3530 中华V3 口碑：2876792 数据获取中...
2020-06-10 09:05:52,086 | model_koubei.py | INFO  | 3530 中华V3 口碑：2876792 数据保存成功!
2020-06-10 09:05:52,086 | model_koubei.py | INFO  | 车系：3530 中华V3 口碑：2873859 数据获取中...
2020-06-10 09:05:52,385 | model_koubei.py | INFO  | 3530 中华V3 口碑：2873859 数据保存成功!
2020-06-10 09:05:58,671 | model_koubei.py | INFO  | 车系：3530 中华V3 口碑：2732029 数据获取中...
2020-06-10 09:05:59,263 | model_koubei.py | INFO  | 3530 中华V3 口碑：2732029 数据保存成功!
2020-06-10 09:05:59,264 | model_koubei.py | INFO  | 车系：3530 中华V3 口碑：2864281 数据获取中...
2020-06-10 09:05:59,843 | model_koubei.py | INFO  | 3530 中华V3 口碑：2864281 数据保存成功!
2020-06-10 09:05:59,843 | model_koubei.py | INFO  | 车系：3530 中华V3 口碑：2864210 数据获取中...
2020-06-10 09:06:00,262 | model_koubei.py | INFO  | 3530 中华V3 口碑：2864210 数据保存成功!
2020-06-10 09:06:00,262 | model_koubei.py | INFO  | 车系：3530 中华V3 口碑：2864116 数据获取中...
2020-06-10 09:06:00,817 | model_koubei.py | INFO  | 3530 中华V3 口碑：2864116 数据保存成功!
2020-06-10 09:06:00,818 | model_koubei.py | INFO  | 车系：3530 中华V3 口碑：2863727 数据获取中...
2020-06-10 09:06:01,354 | model_koubei.py | INFO  | 3530 中华V3 口碑：2863727 数据保存成功!
2020-06-10 09:06:01,354 | model_koubei.py | INFO  | 车系：3530 中华V3 口碑：2862287 数据获取中...
2020-06-10 09:06:02,053 | model_koubei.py | INFO  | 3530 中华V3 口碑：2862287 数据保存成功!
2020-06-10 09:06:02,054 | model_koubei.py | INFO  | 车系：3530 中华V3 口碑：2861878 数据获取中...
2020-06-10 09:06:02,641 | model_koubei.py | INFO  | 3530 中华V3 口碑：2861878 数据保存成功!
2020-06-10 09:06:02,642 | model_koubei.py | INFO  | 车系：3530 中华V3 口碑：2861683 数据获取中...
2020-06-10 09:06:03,041 | model_koubei.py | INFO  | 3530 中华V3 口碑：2861683 数据保存成功!
2020-06-10 09:06:03,042 | model_koubei.py | INFO  | 车系：3530 中华V3 口碑：2860943 数据获取中...
2020-06-10 09:06:03,495 | model_koubei.py | INFO  | 3530 中华V3 口碑：2860943 数据保存成功!
2020-06-10 09:06:03,495 | model_koubei.py | INFO  | 车系：3530 中华V3 口碑：2860938 数据获取中...
2020-06-10 09:06:04,023 | model_koubei.py | INFO  | 3530 中华V3 口碑：2860938 数据保存成功!
2020-06-10 09:06:04,023 | model_koubei.py | INFO  | 车系：3530 中华V3 口碑：2859989 数据获取中...
2020-06-10 09:06:04,368 | model_koubei.py | INFO  | 3530 中华V3 口碑：2859989 数据保存成功!
2020-06-10 09:06:04,369 | model_koubei.py | INFO  | 车系：3530 中华V3 口碑：2859957 数据获取中...
2020-06-10 09:06:04,843 | model_koubei.py | INFO  | 3530 中华V3 口碑：2859957 数据保存成功!
2020-06-10 09:06:04,844 | model_koubei.py | INFO  | 车系：3530 中华V3 口碑：2859466 数据获取中...
2020-06-10 09:06:05,278 | model_koubei.py | INFO  | 3530 中华V3 口碑：2859466 数据保存成功!
2020-06-10 09:06:05,278 | model_koubei.py | INFO  | 车系：3530 中华V3 口碑：2859282 数据获取中...
2020-06-10 09:06:05,666 | model_koubei.py | INFO  | 3530 中华V3 口碑：2859282 数据保存成功!
2020-06-10 09:06:05,667 | model_koubei.py | INFO  | 车系：3530 中华V3 口碑：2856723 数据获取中...
2020-06-10 09:06:05,987 | model_koubei.py | INFO  | 3530 中华V3 口碑：2856723 数据保存成功!
2020-06-10 09:06:05,987 | model_koubei.py | INFO  | 车系：3530 中华V3 口碑：2856640 数据获取中...
2020-06-10 09:06:06,726 | model_koubei.py | INFO  | 3530 中华V3 口碑：2856640 数据保存成功!
2020-06-10 09:06:06,726 | model_koubei.py | INFO  | 车系：3530 中华V3 口碑：2856517 数据获取中...
2020-06-10 09:06:07,212 | model_koubei.py | INFO  | 3530 中华V3 口碑：2856517 数据保存成功!
2020-06-10 09:06:07,213 | model_koubei.py | INFO  | 车系：3530 中华V3 口碑：2856017 数据获取中...
2020-06-10 09:06:07,855 | model_koubei.py | INFO  | 3530 中华V3 口碑：2856017 数据保存成功!
2020-06-10 09:06:07,855 | model_koubei.py | INFO  | 车系：3530 中华V3 口碑：2855027 数据获取中...
2020-06-10 09:06:08,332 | model_koubei.py | INFO  | 3530 中华V3 口碑：2855027 数据保存成功!
2020-06-10 09:06:08,332 | model_koubei.py | INFO  | 车系：3530 中华V3 口碑：2852257 数据获取中...
2020-06-10 09:06:08,679 | model_koubei.py | INFO  | 3530 中华V3 口碑：2852257 数据保存成功!
2020-06-10 09:06:08,679 | model_koubei.py | INFO  | 车系：3530 中华V3 口碑：2844363 数据获取中...
2020-06-10 09:06:09,202 | model_koubei.py | INFO  | 3530 中华V3 口碑：2844363 数据保存成功!
2020-06-10 09:06:09,202 | model_koubei.py | INFO  | 车系：3530 中华V3 口碑：2842608 数据获取中...
2020-06-10 09:06:09,764 | model_koubei.py | INFO  | 3530 中华V3 口碑：2842608 数据保存成功!
2020-06-10 09:06:09,765 | model_koubei.py | INFO  | 车系：3530 中华V3 口碑：2841055 数据获取中...
2020-06-10 09:06:10,191 | model_koubei.py | INFO  | 3530 中华V3 口碑：2841055 数据保存成功!
2020-06-10 09:06:10,192 | model_koubei.py | INFO  | 车系：3530 中华V3 口碑：2839334 数据获取中...
2020-06-10 09:06:10,824 | model_koubei.py | INFO  | 3530 中华V3 口碑：2839334 数据保存成功!
2020-06-10 09:06:10,825 | model_koubei.py | INFO  | 车系：3530 中华V3 口碑：2834079 数据获取中...
2020-06-10 09:06:11,207 | model_koubei.py | INFO  | 3530 中华V3 口碑：2834079 数据保存成功!
2020-06-10 09:06:11,207 | model_koubei.py | INFO  | 车系：3530 中华V3 口碑：2831150 数据获取中...
2020-06-10 09:06:11,778 | model_koubei.py | INFO  | 3530 中华V3 口碑：2831150 数据保存成功!
2020-06-10 09:06:11,778 | model_koubei.py | INFO  | 车系：3530 中华V3 口碑：2830086 数据获取中...
2020-06-10 09:06:12,260 | model_koubei.py | INFO  | 3530 中华V3 口碑：2830086 数据保存成功!
2020-06-10 09:06:12,261 | model_koubei.py | INFO  | 车系：3530 中华V3 口碑：2828641 数据获取中...
2020-06-10 09:06:12,899 | model_koubei.py | INFO  | 3530 中华V3 口碑：2828641 数据保存成功!
2020-06-10 09:06:12,899 | model_koubei.py | INFO  | 车系：3530 中华V3 口碑：2828040 数据获取中...
2020-06-10 09:06:13,425 | model_koubei.py | INFO  | 3530 中华V3 口碑：2828040 数据保存成功!
2020-06-10 09:06:13,425 | model_koubei.py | INFO  | 车系：3530 中华V3 口碑：2823820 数据获取中...
2020-06-10 09:06:13,960 | model_koubei.py | INFO  | 3530 中华V3 口碑：2823820 数据保存成功!
2020-06-10 09:06:13,960 | model_koubei.py | INFO  | 车系：3530 中华V3 口碑：2822229 数据获取中...
2020-06-10 09:06:14,401 | model_koubei.py | INFO  | 3530 中华V3 口碑：2822229 数据保存成功!
2020-06-10 09:06:14,401 | model_koubei.py | INFO  | 车系：3530 中华V3 口碑：2822075 数据获取中...
2020-06-10 09:06:15,045 | model_koubei.py | INFO  | 3530 中华V3 口碑：2822075 数据保存成功!
2020-06-10 09:06:15,045 | model_koubei.py | INFO  | 车系：3530 中华V3 口碑：2820990 数据获取中...
2020-06-10 09:06:15,644 | model_koubei.py | INFO  | 3530 中华V3 口碑：2820990 数据保存成功!
2020-06-10 09:06:15,644 | model_koubei.py | INFO  | 车系：3530 中华V3 口碑：2818252 数据获取中...
2020-06-10 09:06:16,110 | model_koubei.py | INFO  | 3530 中华V3 口碑：2818252 数据保存成功!
2020-06-10 09:06:16,110 | model_koubei.py | INFO  | 车系：3530 中华V3 口碑：2817546 数据获取中...
2020-06-10 09:06:16,431 | model_koubei.py | INFO  | 3530 中华V3 口碑：2817546 数据保存成功!
2020-06-10 09:06:16,431 | model_koubei.py | INFO  | 车系：3530 中华V3 口碑：2817339 数据获取中...
2020-06-10 09:06:17,030 | model_koubei.py | INFO  | 3530 中华V3 口碑：2817339 数据保存成功!
2020-06-10 09:06:17,031 | model_koubei.py | INFO  | 车系：3530 中华V3 口碑：2814764 数据获取中...
2020-06-10 09:06:17,474 | model_koubei.py | INFO  | 3530 中华V3 口碑：2814764 数据保存成功!
2020-06-10 09:06:17,474 | model_koubei.py | INFO  | 车系：3530 中华V3 口碑：2814349 数据获取中...
2020-06-10 09:06:18,050 | model_koubei.py | INFO  | 3530 中华V3 口碑：2814349 数据保存成功!
2020-06-10 09:06:18,051 | model_koubei.py | INFO  | 车系：3530 中华V3 口碑：2813825 数据获取中...
2020-06-10 09:06:18,672 | model_koubei.py | INFO  | 3530 中华V3 口碑：2813825 数据保存成功!
2020-06-10 09:06:18,672 | model_koubei.py | INFO  | 车系：3530 中华V3 口碑：2813821 数据获取中...
2020-06-10 09:06:19,027 | model_koubei.py | INFO  | 3530 中华V3 口碑：2813821 数据保存成功!
2020-06-10 09:06:25,210 | model_koubei.py | INFO  | 车系：3530 中华V3 口碑：2820990 数据获取中...
2020-06-10 09:06:25,699 | model_koubei.py | INFO  | 3530 中华V3 口碑：2820990 数据保存成功!
2020-06-10 09:06:25,700 | model_koubei.py | INFO  | 车系：3530 中华V3 口碑：2818252 数据获取中...
2020-06-10 09:06:26,117 | model_koubei.py | INFO  | 3530 中华V3 口碑：2818252 数据保存成功!
2020-06-10 09:06:26,117 | model_koubei.py | INFO  | 车系：3530 中华V3 口碑：2817546 数据获取中...
2020-06-10 09:06:26,456 | model_koubei.py | INFO  | 3530 中华V3 口碑：2817546 数据保存成功!
2020-06-10 09:06:26,456 | model_koubei.py | INFO  | 车系：3530 中华V3 口碑：2817339 数据获取中...
2020-06-10 09:06:26,649 | model_koubei.py | INFO  | 3530 中华V3 口碑：2817339 数据保存成功!
2020-06-10 09:06:26,650 | model_koubei.py | INFO  | 车系：3530 中华V3 口碑：2814764 数据获取中...
2020-06-10 09:06:26,967 | model_koubei.py | INFO  | 3530 中华V3 口碑：2814764 数据保存成功!
2020-06-10 09:06:26,967 | model_koubei.py | INFO  | 车系：3530 中华V3 口碑：2814349 数据获取中...
2020-06-10 09:06:27,222 | model_koubei.py | INFO  | 3530 中华V3 口碑：2814349 数据保存成功!
2020-06-10 09:06:27,222 | model_koubei.py | INFO  | 车系：3530 中华V3 口碑：2813825 数据获取中...
2020-06-10 09:06:27,694 | model_koubei.py | INFO  | 3530 中华V3 口碑：2813825 数据保存成功!
2020-06-10 09:06:27,694 | model_koubei.py | INFO  | 车系：3530 中华V3 口碑：2813821 数据获取中...
2020-06-10 09:06:27,926 | model_koubei.py | INFO  | 3530 中华V3 口碑：2813821 数据保存成功!
2020-06-10 09:06:27,926 | model_koubei.py | INFO  | 车系：3530 中华V3 口碑：2813793 数据获取中...
2020-06-10 09:06:28,275 | model_koubei.py | INFO  | 3530 中华V3 口碑：2813793 数据保存成功!
2020-06-10 09:06:28,275 | model_koubei.py | INFO  | 车系：3530 中华V3 口碑：2813575 数据获取中...
2020-06-10 09:06:28,752 | model_koubei.py | INFO  | 3530 中华V3 口碑：2813575 数据保存成功!
2020-06-10 09:06:28,753 | model_koubei.py | INFO  | 车系：3530 中华V3 口碑：2812558 数据获取中...
2020-06-10 09:06:29,157 | model_koubei.py | INFO  | 3530 中华V3 口碑：2812558 数据保存成功!
2020-06-10 09:06:29,157 | model_koubei.py | INFO  | 车系：3530 中华V3 口碑：2811294 数据获取中...
2020-06-10 09:06:29,567 | model_koubei.py | INFO  | 3530 中华V3 口碑：2811294 数据保存成功!
2020-06-10 09:06:29,568 | model_koubei.py | INFO  | 车系：3530 中华V3 口碑：2809844 数据获取中...
2020-06-10 09:06:30,055 | model_koubei.py | INFO  | 3530 中华V3 口碑：2809844 数据保存成功!
2020-06-10 09:06:30,056 | model_koubei.py | INFO  | 车系：3530 中华V3 口碑：2808271 数据获取中...
2020-06-10 09:06:30,477 | model_koubei.py | INFO  | 3530 中华V3 口碑：2808271 数据保存成功!
2020-06-10 09:06:30,477 | model_koubei.py | INFO  | 车系：3530 中华V3 口碑：2807777 数据获取中...
2020-06-10 09:06:30,988 | model_koubei.py | INFO  | 3530 中华V3 口碑：2807777 数据保存成功!
2020-06-10 09:06:30,988 | model_koubei.py | INFO  | 车系：3530 中华V3 口碑：2806300 数据获取中...
2020-06-10 09:06:31,420 | model_koubei.py | INFO  | 3530 中华V3 口碑：2806300 数据保存成功!
2020-06-10 09:06:31,420 | model_koubei.py | INFO  | 车系：3530 中华V3 口碑：2803266 数据获取中...
2020-06-10 09:06:31,809 | model_koubei.py | INFO  | 3530 中华V3 口碑：2803266 数据保存成功!
2020-06-10 09:06:31,809 | model_koubei.py | INFO  | 车系：3530 中华V3 口碑：2802957 数据获取中...
2020-06-10 09:06:32,141 | model_koubei.py | INFO  | 3530 中华V3 口碑：2802957 数据保存成功!
2020-06-10 09:06:32,141 | model_koubei.py | INFO  | 车系：3530 中华V3 口碑：2802622 数据获取中...
2020-06-10 09:06:32,651 | model_koubei.py | INFO  | 3530 中华V3 口碑：2802622 数据保存成功!
2020-06-10 09:06:32,651 | model_koubei.py | INFO  | 车系：3530 中华V3 口碑：2802426 数据获取中...
2020-06-10 09:06:33,098 | model_koubei.py | INFO  | 3530 中华V3 口碑：2802426 数据保存成功!
2020-06-10 09:06:33,100 | model_koubei.py | INFO  | 车系：3530 中华V3 口碑：2802118 数据获取中...
2020-06-10 09:06:33,474 | model_koubei.py | INFO  | 3530 中华V3 口碑：2802118 数据保存成功!
2020-06-10 09:06:33,474 | model_koubei.py | INFO  | 车系：3530 中华V3 口碑：2802080 数据获取中...
2020-06-10 09:06:33,871 | model_koubei.py | INFO  | 3530 中华V3 口碑：2802080 数据保存成功!
2020-06-10 09:06:33,871 | model_koubei.py | INFO  | 车系：3530 中华V3 口碑：2801586 数据获取中...
2020-06-10 09:06:34,204 | model_koubei.py | INFO  | 3530 中华V3 口碑：2801586 数据保存成功!
2020-06-10 09:06:34,205 | model_koubei.py | INFO  | 车系：3530 中华V3 口碑：2800136 数据获取中...
2020-06-10 09:06:34,903 | model_koubei.py | INFO  | 3530 中华V3 口碑：2800136 数据保存成功!
2020-06-10 09:06:34,903 | model_koubei.py | INFO  | 车系：3530 中华V3 口碑：2799207 数据获取中...
2020-06-10 09:06:35,193 | model_koubei.py | INFO  | 3530 中华V3 口碑：2799207 数据保存成功!
2020-06-10 09:06:35,193 | model_koubei.py | INFO  | 车系：3530 中华V3 口碑：2798863 数据获取中...
2020-06-10 09:06:35,559 | model_koubei.py | INFO  | 3530 中华V3 口碑：2798863 数据保存成功!
2020-06-10 09:06:35,559 | model_koubei.py | INFO  | 车系：3530 中华V3 口碑：2796812 数据获取中...
2020-06-10 09:06:35,869 | model_koubei.py | INFO  | 3530 中华V3 口碑：2796812 数据保存成功!
2020-06-10 09:06:35,869 | model_koubei.py | INFO  | 车系：3530 中华V3 口碑：2796203 数据获取中...
2020-06-10 09:06:36,434 | model_koubei.py | INFO  | 3530 中华V3 口碑：2796203 数据保存成功!
2020-06-10 09:06:36,434 | model_koubei.py | INFO  | 车系：3530 中华V3 口碑：2793987 数据获取中...
2020-06-10 09:06:36,718 | model_koubei.py | INFO  | 3530 中华V3 口碑：2793987 数据保存成功!
2020-06-10 09:06:36,719 | model_koubei.py | INFO  | 车系：3530 中华V3 口碑：2793129 数据获取中...
2020-06-10 09:06:37,267 | model_koubei.py | INFO  | 3530 中华V3 口碑：2793129 数据保存成功!
2020-06-10 09:06:37,268 | model_koubei.py | INFO  | 车系：3530 中华V3 口碑：2790470 数据获取中...
2020-06-10 09:06:37,767 | model_koubei.py | INFO  | 3530 中华V3 口碑：2790470 数据保存成功!
2020-06-10 09:06:37,767 | model_koubei.py | INFO  | 车系：3530 中华V3 口碑：2789801 数据获取中...
2020-06-10 09:06:38,061 | model_koubei.py | INFO  | 3530 中华V3 口碑：2789801 数据保存成功!
2020-06-10 09:06:38,061 | model_koubei.py | INFO  | 车系：3530 中华V3 口碑：2786689 数据获取中...
2020-06-10 09:06:38,349 | model_koubei.py | INFO  | 3530 中华V3 口碑：2786689 数据保存成功!
2020-06-10 09:06:38,349 | model_koubei.py | INFO  | 车系：3530 中华V3 口碑：2785627 数据获取中...
2020-06-10 09:06:38,804 | model_koubei.py | INFO  | 3530 中华V3 口碑：2785627 数据保存成功!
2020-06-10 09:06:38,805 | model_koubei.py | INFO  | 车系：3530 中华V3 口碑：2785453 数据获取中...
2020-06-10 09:06:39,041 | model_koubei.py | INFO  | 3530 中华V3 口碑：2785453 数据保存成功!
2020-06-10 09:06:39,042 | model_koubei.py | INFO  | 车系：3530 中华V3 口碑：2725805 数据获取中...
2020-06-10 09:06:39,414 | model_koubei.py | INFO  | 3530 中华V3 口碑：2725805 数据保存成功!
2020-06-10 09:06:39,414 | model_koubei.py | INFO  | 车系：3530 中华V3 口碑：2780758 数据获取中...
2020-06-10 09:06:39,846 | model_koubei.py | INFO  | 3530 中华V3 口碑：2780758 数据保存成功!
2020-06-10 09:06:39,846 | model_koubei.py | INFO  | 车系：3530 中华V3 口碑：2779979 数据获取中...
2020-06-10 09:06:40,151 | model_koubei.py | INFO  | 3530 中华V3 口碑：2779979 数据保存成功!
2020-06-10 09:06:40,151 | model_koubei.py | INFO  | 车系：3530 中华V3 口碑：2778748 数据获取中...
2020-06-10 09:06:40,495 | model_koubei.py | INFO  | 3530 中华V3 口碑：2778748 数据保存成功!
2020-06-10 09:06:40,495 | model_koubei.py | INFO  | 车系：3530 中华V3 口碑：2778736 数据获取中...
2020-06-10 09:06:40,817 | model_koubei.py | INFO  | 3530 中华V3 口碑：2778736 数据保存成功!
2020-06-10 09:06:46,323 | model_koubei.py | INFO  | 车系：3530 中华V3 口碑：2777770 数据获取中...
2020-06-10 09:06:46,738 | model_koubei.py | INFO  | 3530 中华V3 口碑：2777770 数据保存成功!
2020-06-10 09:06:46,739 | model_koubei.py | INFO  | 车系：3530 中华V3 口碑：2776882 数据获取中...
2020-06-10 09:06:47,296 | model_koubei.py | INFO  | 3530 中华V3 口碑：2776882 数据保存成功!
2020-06-10 09:06:47,296 | model_koubei.py | INFO  | 车系：3530 中华V3 口碑：2776435 数据获取中...
2020-06-10 09:06:47,713 | model_koubei.py | INFO  | 3530 中华V3 口碑：2776435 数据保存成功!
2020-06-10 09:06:47,714 | model_koubei.py | INFO  | 车系：3530 中华V3 口碑：2776336 数据获取中...
2020-06-10 09:06:48,107 | model_koubei.py | INFO  | 3530 中华V3 口碑：2776336 数据保存成功!
2020-06-10 09:06:48,107 | model_koubei.py | INFO  | 车系：3530 中华V3 口碑：2776271 数据获取中...
2020-06-10 09:06:48,488 | model_koubei.py | INFO  | 3530 中华V3 口碑：2776271 数据保存成功!
2020-06-10 09:06:48,489 | model_koubei.py | INFO  | 车系：3530 中华V3 口碑：2521567 数据获取中...
2020-06-10 09:06:48,860 | model_koubei.py | INFO  | 3530 中华V3 口碑：2521567 数据保存成功!
2020-06-10 09:06:48,860 | model_koubei.py | INFO  | 车系：3530 中华V3 口碑：2774914 数据获取中...
2020-06-10 09:06:49,183 | model_koubei.py | INFO  | 3530 中华V3 口碑：2774914 数据保存成功!
2020-06-10 09:06:49,183 | model_koubei.py | INFO  | 车系：3530 中华V3 口碑：2773208 数据获取中...
2020-06-10 09:06:49,515 | model_koubei.py | INFO  | 3530 中华V3 口碑：2773208 数据保存成功!
2020-06-10 09:06:49,516 | model_koubei.py | INFO  | 车系：3530 中华V3 口碑：2773025 数据获取中...
2020-06-10 09:06:49,991 | model_koubei.py | INFO  | 3530 中华V3 口碑：2773025 数据保存成功!
2020-06-10 09:06:49,991 | model_koubei.py | INFO  | 车系：3530 中华V3 口碑：2772610 数据获取中...
2020-06-10 09:06:50,413 | model_koubei.py | INFO  | 3530 中华V3 口碑：2772610 数据保存成功!
2020-06-10 09:06:50,414 | model_koubei.py | INFO  | 车系：3530 中华V3 口碑：2771784 数据获取中...
2020-06-10 09:06:50,757 | model_koubei.py | INFO  | 3530 中华V3 口碑：2771784 数据保存成功!
2020-06-10 09:06:50,758 | model_koubei.py | INFO  | 车系：3530 中华V3 口碑：2771573 数据获取中...
2020-06-10 09:06:51,056 | model_koubei.py | INFO  | 3530 中华V3 口碑：2771573 数据保存成功!
2020-06-10 09:06:51,056 | model_koubei.py | INFO  | 车系：3530 中华V3 口碑：2767301 数据获取中...
2020-06-10 09:06:51,655 | model_koubei.py | INFO  | 3530 中华V3 口碑：2767301 数据保存成功!
2020-06-10 09:06:51,655 | model_koubei.py | INFO  | 车系：3530 中华V3 口碑：2766984 数据获取中...
2020-06-10 09:06:52,063 | model_koubei.py | INFO  | 3530 中华V3 口碑：2766984 数据保存成功!
2020-06-10 09:06:52,063 | model_koubei.py | INFO  | 车系：3530 中华V3 口碑：2765171 数据获取中...
2020-06-10 09:06:52,444 | model_koubei.py | INFO  | 3530 中华V3 口碑：2765171 数据保存成功!
2020-06-10 09:06:52,444 | model_koubei.py | INFO  | 车系：3530 中华V3 口碑：2765111 数据获取中...
2020-06-10 09:06:52,753 | model_koubei.py | INFO  | 3530 中华V3 口碑：2765111 数据保存成功!
2020-06-10 09:06:52,754 | model_koubei.py | INFO  | 车系：3530 中华V3 口碑：2763664 数据获取中...
2020-06-10 09:06:53,173 | model_koubei.py | INFO  | 3530 中华V3 口碑：2763664 数据保存成功!
2020-06-10 09:06:53,173 | model_koubei.py | INFO  | 车系：3530 中华V3 口碑：2758873 数据获取中...
2020-06-10 09:06:53,531 | model_koubei.py | INFO  | 3530 中华V3 口碑：2758873 数据保存成功!
2020-06-10 09:06:53,531 | model_koubei.py | INFO  | 车系：3530 中华V3 口碑：2756828 数据获取中...
2020-06-10 09:06:53,892 | model_koubei.py | INFO  | 3530 中华V3 口碑：2756828 数据保存成功!
2020-06-10 09:06:53,892 | model_koubei.py | INFO  | 车系：3530 中华V3 口碑：2754922 数据获取中...
2020-06-10 09:06:54,363 | model_koubei.py | INFO  | 3530 中华V3 口碑：2754922 数据保存成功!
2020-06-10 09:06:54,363 | model_koubei.py | INFO  | 车系：3530 中华V3 口碑：2754891 数据获取中...
2020-06-10 09:06:54,725 | model_koubei.py | INFO  | 3530 中华V3 口碑：2754891 数据保存成功!
2020-06-10 09:06:54,726 | model_koubei.py | INFO  | 车系：3530 中华V3 口碑：2752408 数据获取中...
2020-06-10 09:06:55,036 | model_koubei.py | INFO  | 3530 中华V3 口碑：2752408 数据保存成功!
2020-06-10 09:06:55,037 | model_koubei.py | INFO  | 车系：3530 中华V3 口碑：2750733 数据获取中...
2020-06-10 09:06:55,350 | model_koubei.py | INFO  | 3530 中华V3 口碑：2750733 数据保存成功!
2020-06-10 09:06:55,350 | model_koubei.py | INFO  | 车系：3530 中华V3 口碑：2746570 数据获取中...
2020-06-10 09:06:55,779 | model_koubei.py | INFO  | 3530 中华V3 口碑：2746570 数据保存成功!
2020-06-10 09:06:55,779 | model_koubei.py | INFO  | 车系：3530 中华V3 口碑：2742167 数据获取中...
2020-06-10 09:06:56,193 | model_koubei.py | INFO  | 3530 中华V3 口碑：2742167 数据保存成功!
2020-06-10 09:06:56,194 | model_koubei.py | INFO  | 车系：3530 中华V3 口碑：2740869 数据获取中...
2020-06-10 09:06:56,659 | model_koubei.py | INFO  | 3530 中华V3 口碑：2740869 数据保存成功!
2020-06-10 09:06:56,659 | model_koubei.py | INFO  | 车系：3530 中华V3 口碑：2740243 数据获取中...
2020-06-10 09:06:57,059 | model_koubei.py | INFO  | 3530 中华V3 口碑：2740243 数据保存成功!
2020-06-10 09:06:57,059 | model_koubei.py | INFO  | 车系：3530 中华V3 口碑：2738766 数据获取中...
2020-06-10 09:06:57,346 | model_koubei.py | INFO  | 3530 中华V3 口碑：2738766 数据保存成功!
2020-06-10 09:06:57,347 | model_koubei.py | INFO  | 车系：3530 中华V3 口碑：2737803 数据获取中...
2020-06-10 09:06:57,702 | model_koubei.py | INFO  | 3530 中华V3 口碑：2737803 数据保存成功!
2020-06-10 09:06:57,702 | model_koubei.py | INFO  | 车系：3530 中华V3 口碑：2256016 数据获取中...
2020-06-10 09:06:58,108 | model_koubei.py | INFO  | 3530 中华V3 口碑：2256016 数据保存成功!
2020-06-10 09:06:58,108 | model_koubei.py | INFO  | 车系：3530 中华V3 口碑：2737348 数据获取中...
2020-06-10 09:06:58,456 | model_koubei.py | INFO  | 3530 中华V3 口碑：2737348 数据保存成功!
2020-06-10 09:06:58,457 | model_koubei.py | INFO  | 车系：3530 中华V3 口碑：2735844 数据获取中...
2020-06-10 09:06:58,723 | model_koubei.py | INFO  | 3530 中华V3 口碑：2735844 数据保存成功!
2020-06-10 09:06:58,723 | model_koubei.py | INFO  | 车系：3530 中华V3 口碑：2734133 数据获取中...
2020-06-10 09:06:59,062 | model_koubei.py | INFO  | 3530 中华V3 口碑：2734133 数据保存成功!
2020-06-10 09:06:59,062 | model_koubei.py | INFO  | 车系：3530 中华V3 口碑：2732134 数据获取中...
2020-06-10 09:06:59,462 | model_koubei.py | INFO  | 3530 中华V3 口碑：2732134 数据保存成功!
2020-06-10 09:06:59,462 | model_koubei.py | INFO  | 车系：3530 中华V3 口碑：2731259 数据获取中...
2020-06-10 09:06:59,845 | model_koubei.py | INFO  | 3530 中华V3 口碑：2731259 数据保存成功!
2020-06-10 09:06:59,845 | model_koubei.py | INFO  | 车系：3530 中华V3 口碑：2728841 数据获取中...
2020-06-10 09:07:00,310 | model_koubei.py | INFO  | 3530 中华V3 口碑：2728841 数据保存成功!
2020-06-10 09:07:00,310 | model_koubei.py | INFO  | 车系：3530 中华V3 口碑：2724677 数据获取中...
2020-06-10 09:07:00,687 | model_koubei.py | INFO  | 3530 中华V3 口碑：2724677 数据保存成功!
2020-06-10 09:07:00,688 | model_koubei.py | INFO  | 车系：3530 中华V3 口碑：2723967 数据获取中...
2020-06-10 09:07:01,067 | model_koubei.py | INFO  | 3530 中华V3 口碑：2723967 数据保存成功!
2020-06-10 09:07:01,068 | model_koubei.py | INFO  | 车系：3530 中华V3 口碑：2722876 数据获取中...
2020-06-10 09:07:01,688 | model_koubei.py | INFO  | 3530 中华V3 口碑：2722876 数据保存成功!
2020-06-10 09:07:01,688 | model_koubei.py | INFO  | 车系：3530 中华V3 口碑：2722604 数据获取中...
2020-06-10 09:07:02,007 | model_koubei.py | INFO  | 3530 中华V3 口碑：2722604 数据保存成功!
2020-06-10 09:07:07,734 | model_koubei.py | INFO  | 车系：3530 中华V3 口碑：2580896 数据获取中...
2020-06-10 09:07:08,220 | model_koubei.py | INFO  | 3530 中华V3 口碑：2580896 数据保存成功!
2020-06-10 09:07:08,220 | model_koubei.py | INFO  | 车系：3530 中华V3 口碑：2718495 数据获取中...
2020-06-10 09:07:08,608 | model_koubei.py | INFO  | 3530 中华V3 口碑：2718495 数据保存成功!
2020-06-10 09:07:08,608 | model_koubei.py | INFO  | 车系：3530 中华V3 口碑：2714880 数据获取中...
2020-06-10 09:07:08,929 | model_koubei.py | INFO  | 3530 中华V3 口碑：2714880 数据保存成功!
2020-06-10 09:07:08,929 | model_koubei.py | INFO  | 车系：3530 中华V3 口碑：2663674 数据获取中...
2020-06-10 09:07:09,308 | model_koubei.py | INFO  | 3530 中华V3 口碑：2663674 数据保存成功!
2020-06-10 09:07:09,308 | model_koubei.py | INFO  | 车系：3530 中华V3 口碑：2714301 数据获取中...
2020-06-10 09:07:09,695 | model_koubei.py | INFO  | 3530 中华V3 口碑：2714301 数据保存成功!
2020-06-10 09:07:09,696 | model_koubei.py | INFO  | 车系：3530 中华V3 口碑：2708009 数据获取中...
2020-06-10 09:07:10,063 | model_koubei.py | INFO  | 3530 中华V3 口碑：2708009 数据保存成功!
2020-06-10 09:07:10,063 | model_koubei.py | INFO  | 车系：3530 中华V3 口碑：2706353 数据获取中...
2020-06-10 09:07:10,478 | model_koubei.py | INFO  | 3530 中华V3 口碑：2706353 数据保存成功!
2020-06-10 09:07:10,479 | model_koubei.py | INFO  | 车系：3530 中华V3 口碑：2705565 数据获取中...
2020-06-10 09:07:11,005 | model_koubei.py | INFO  | 3530 中华V3 口碑：2705565 数据保存成功!
2020-06-10 09:07:11,005 | model_koubei.py | INFO  | 车系：3530 中华V3 口碑：2700740 数据获取中...
2020-06-10 09:07:11,398 | model_koubei.py | INFO  | 3530 中华V3 口碑：2700740 数据保存成功!
2020-06-10 09:07:11,398 | model_koubei.py | INFO  | 车系：3530 中华V3 口碑：2692823 数据获取中...
2020-06-10 09:07:11,848 | model_koubei.py | INFO  | 3530 中华V3 口碑：2692823 数据保存成功!
2020-06-10 09:07:11,848 | model_koubei.py | INFO  | 车系：3530 中华V3 口碑：2692452 数据获取中...
2020-06-10 09:07:12,180 | model_koubei.py | INFO  | 3530 中华V3 口碑：2692452 数据保存成功!
2020-06-10 09:07:12,180 | model_koubei.py | INFO  | 车系：3530 中华V3 口碑：2692303 数据获取中...
2020-06-10 09:07:12,414 | model_koubei.py | INFO  | 3530 中华V3 口碑：2692303 数据保存成功!
2020-06-10 09:07:12,414 | model_koubei.py | INFO  | 车系：3530 中华V3 口碑：2365547 数据获取中...
2020-06-10 09:07:13,075 | model_koubei.py | INFO  | 3530 中华V3 口碑：2365547 数据保存成功!
2020-06-10 09:07:13,075 | model_koubei.py | INFO  | 车系：3530 中华V3 口碑：2691334 数据获取中...
2020-06-10 09:07:13,457 | model_koubei.py | INFO  | 3530 中华V3 口碑：2691334 数据保存成功!
2020-06-10 09:07:13,458 | model_koubei.py | INFO  | 车系：3530 中华V3 口碑：2689598 数据获取中...
2020-06-10 09:07:13,958 | model_koubei.py | INFO  | 3530 中华V3 口碑：2689598 数据保存成功!
2020-06-10 09:07:13,958 | model_koubei.py | INFO  | 车系：3530 中华V3 口碑：2689274 数据获取中...
2020-06-10 09:07:14,432 | model_koubei.py | INFO  | 3530 中华V3 口碑：2689274 数据保存成功!
2020-06-10 09:07:14,432 | model_koubei.py | INFO  | 车系：3530 中华V3 口碑：2687568 数据获取中...
2020-06-10 09:07:14,853 | model_koubei.py | INFO  | 3530 中华V3 口碑：2687568 数据保存成功!
2020-06-10 09:07:14,854 | model_koubei.py | INFO  | 车系：3530 中华V3 口碑：2685898 数据获取中...
2020-06-10 09:07:15,220 | model_koubei.py | INFO  | 3530 中华V3 口碑：2685898 数据保存成功!
2020-06-10 09:07:15,221 | model_koubei.py | INFO  | 车系：3530 中华V3 口碑：2683248 数据获取中...
2020-06-10 09:07:15,436 | model_koubei.py | INFO  | 3530 中华V3 口碑：2683248 数据保存成功!
2020-06-10 09:07:15,436 | model_koubei.py | INFO  | 车系：3530 中华V3 口碑：2681333 数据获取中...
2020-06-10 09:07:16,159 | model_koubei.py | INFO  | 3530 中华V3 口碑：2681333 数据保存成功!
2020-06-10 09:07:16,160 | model_koubei.py | INFO  | 车系：3530 中华V3 口碑：2681214 数据获取中...
2020-06-10 09:07:16,847 | model_koubei.py | INFO  | 3530 中华V3 口碑：2681214 数据保存成功!
2020-06-10 09:07:16,847 | model_koubei.py | INFO  | 车系：3530 中华V3 口碑：2678398 数据获取中...
2020-06-10 09:07:17,159 | model_koubei.py | INFO  | 3530 中华V3 口碑：2678398 数据保存成功!
2020-06-10 09:07:17,159 | model_koubei.py | INFO  | 车系：3530 中华V3 口碑：2677841 数据获取中...
2020-06-10 09:07:17,517 | model_koubei.py | INFO  | 3530 中华V3 口碑：2677841 数据保存成功!
2020-06-10 09:07:17,517 | model_koubei.py | INFO  | 车系：3530 中华V3 口碑：2677139 数据获取中...
2020-06-10 09:07:17,893 | model_koubei.py | INFO  | 3530 中华V3 口碑：2677139 数据保存成功!
2020-06-10 09:07:17,894 | model_koubei.py | INFO  | 车系：3530 中华V3 口碑：2677046 数据获取中...
2020-06-10 09:07:18,393 | model_koubei.py | INFO  | 3530 中华V3 口碑：2677046 数据保存成功!
2020-06-10 09:07:18,393 | model_koubei.py | INFO  | 车系：3530 中华V3 口碑：2676944 数据获取中...
2020-06-10 09:07:18,661 | model_koubei.py | INFO  | 3530 中华V3 口碑：2676944 数据保存成功!
2020-06-10 09:07:18,661 | model_koubei.py | INFO  | 车系：3530 中华V3 口碑：2676523 数据获取中...
2020-06-10 09:07:19,143 | model_koubei.py | INFO  | 3530 中华V3 口碑：2676523 数据保存成功!
2020-06-10 09:07:19,143 | model_koubei.py | INFO  | 车系：3530 中华V3 口碑：2676203 数据获取中...
2020-06-10 09:07:19,525 | model_koubei.py | INFO  | 3530 中华V3 口碑：2676203 数据保存成功!
2020-06-10 09:07:19,525 | model_koubei.py | INFO  | 车系：3530 中华V3 口碑：2672998 数据获取中...
2020-06-10 09:07:19,913 | model_koubei.py | INFO  | 3530 中华V3 口碑：2672998 数据保存成功!
2020-06-10 09:07:19,913 | model_koubei.py | INFO  | 车系：3530 中华V3 口碑：2672974 数据获取中...
2020-06-10 09:07:20,401 | model_koubei.py | INFO  | 3530 中华V3 口碑：2672974 数据保存成功!
2020-06-10 09:07:20,401 | model_koubei.py | INFO  | 车系：3530 中华V3 口碑：2672930 数据获取中...
2020-06-10 09:07:20,779 | model_koubei.py | INFO  | 3530 中华V3 口碑：2672930 数据保存成功!
2020-06-10 09:07:20,780 | model_koubei.py | INFO  | 车系：3530 中华V3 口碑：2669446 数据获取中...
2020-06-10 09:07:21,073 | model_koubei.py | INFO  | 3530 中华V3 口碑：2669446 数据保存成功!
2020-06-10 09:07:21,073 | model_koubei.py | INFO  | 车系：3530 中华V3 口碑：2668399 数据获取中...
2020-06-10 09:07:21,732 | model_koubei.py | INFO  | 3530 中华V3 口碑：2668399 数据保存成功!
2020-06-10 09:07:21,733 | model_koubei.py | INFO  | 车系：3530 中华V3 口碑：2668067 数据获取中...
2020-06-10 09:07:22,318 | model_koubei.py | INFO  | 3530 中华V3 口碑：2668067 数据保存成功!
2020-06-10 09:07:22,319 | model_koubei.py | INFO  | 车系：3530 中华V3 口碑：2591819 数据获取中...
2020-06-10 09:07:22,875 | model_koubei.py | INFO  | 3530 中华V3 口碑：2591819 数据保存成功!
2020-06-10 09:07:22,875 | model_koubei.py | INFO  | 车系：3530 中华V3 口碑：2660892 数据获取中...
2020-06-10 09:07:23,115 | model_koubei.py | INFO  | 3530 中华V3 口碑：2660892 数据保存成功!
2020-06-10 09:07:23,115 | model_koubei.py | INFO  | 车系：3530 中华V3 口碑：2659328 数据获取中...
2020-06-10 09:07:23,740 | model_koubei.py | INFO  | 3530 中华V3 口碑：2659328 数据保存成功!
2020-06-10 09:07:23,740 | model_koubei.py | INFO  | 车系：3530 中华V3 口碑：2658608 数据获取中...
2020-06-10 09:07:24,334 | model_koubei.py | INFO  | 3530 中华V3 口碑：2658608 数据保存成功!
2020-06-10 09:07:24,334 | model_koubei.py | INFO  | 车系：3530 中华V3 口碑：2657606 数据获取中...
2020-06-10 09:07:24,863 | model_koubei.py | INFO  | 3530 中华V3 口碑：2657606 数据保存成功!
2020-06-10 09:07:24,863 | model_koubei.py | INFO  | 车系：3530 中华V3 口碑：2657390 数据获取中...
2020-06-10 09:07:25,440 | model_koubei.py | INFO  | 3530 中华V3 口碑：2657390 数据保存成功!
2020-06-10 09:07:32,716 | model_koubei.py | INFO  | 车系：3530 中华V3 口碑：2655756 数据获取中...
2020-06-10 09:07:33,383 | model_koubei.py | INFO  | 3530 中华V3 口碑：2655756 数据保存成功!
2020-06-10 09:07:33,383 | model_koubei.py | INFO  | 车系：3530 中华V3 口碑：2654417 数据获取中...
2020-06-10 09:07:33,991 | model_koubei.py | INFO  | 3530 中华V3 口碑：2654417 数据保存成功!
2020-06-10 09:07:33,991 | model_koubei.py | INFO  | 车系：3530 中华V3 口碑：2625008 数据获取中...
2020-06-10 09:07:34,547 | model_koubei.py | INFO  | 3530 中华V3 口碑：2625008 数据保存成功!
2020-06-10 09:07:34,547 | model_koubei.py | INFO  | 车系：3530 中华V3 口碑：2617472 数据获取中...
2020-06-10 09:07:34,974 | model_koubei.py | INFO  | 3530 中华V3 口碑：2617472 数据保存成功!
2020-06-10 09:07:34,974 | model_koubei.py | INFO  | 车系：3530 中华V3 口碑：2614381 数据获取中...
2020-06-10 09:07:35,660 | model_koubei.py | INFO  | 3530 中华V3 口碑：2614381 数据保存成功!
2020-06-10 09:07:35,660 | model_koubei.py | INFO  | 车系：3530 中华V3 口碑：2601445 数据获取中...
2020-06-10 09:07:36,224 | model_koubei.py | INFO  | 3530 中华V3 口碑：2601445 数据保存成功!
2020-06-10 09:07:36,225 | model_koubei.py | INFO  | 车系：3530 中华V3 口碑：2539271 数据获取中...
2020-06-10 09:07:36,977 | model_koubei.py | INFO  | 3530 中华V3 口碑：2539271 数据保存成功!
2020-06-10 09:07:36,977 | model_koubei.py | INFO  | 车系：3530 中华V3 口碑：2535043 数据获取中...
2020-06-10 09:07:37,594 | model_koubei.py | INFO  | 3530 中华V3 口碑：2535043 数据保存成功!
2020-06-10 09:07:37,594 | model_koubei.py | INFO  | 车系：3530 中华V3 口碑：2591346 数据获取中...
2020-06-10 09:07:38,130 | model_koubei.py | INFO  | 3530 中华V3 口碑：2591346 数据保存成功!
2020-06-10 09:07:38,130 | model_koubei.py | INFO  | 车系：3530 中华V3 口碑：2586635 数据获取中...
2020-06-10 09:07:38,542 | model_koubei.py | INFO  | 3530 中华V3 口碑：2586635 数据保存成功!
2020-06-10 09:07:38,542 | model_koubei.py | INFO  | 车系：3530 中华V3 口碑：2584849 数据获取中...
2020-06-10 09:07:39,253 | model_koubei.py | INFO  | 3530 中华V3 口碑：2584849 数据保存成功!
2020-06-10 09:07:39,253 | model_koubei.py | INFO  | 车系：3530 中华V3 口碑：2584700 数据获取中...
2020-06-10 09:07:40,071 | model_koubei.py | INFO  | 3530 中华V3 口碑：2584700 数据保存成功!
2020-06-10 09:07:40,071 | model_koubei.py | INFO  | 车系：3530 中华V3 口碑：2583693 数据获取中...
2020-06-10 09:07:40,486 | model_koubei.py | INFO  | 3530 中华V3 口碑：2583693 数据保存成功!
2020-06-10 09:07:40,488 | model_koubei.py | INFO  | 车系：3530 中华V3 口碑：2583625 数据获取中...
2020-06-10 09:07:41,176 | model_koubei.py | INFO  | 3530 中华V3 口碑：2583625 数据保存成功!
2020-06-10 09:07:41,176 | model_koubei.py | INFO  | 车系：3530 中华V3 口碑：2582973 数据获取中...
2020-06-10 09:07:41,698 | model_koubei.py | INFO  | 3530 中华V3 口碑：2582973 数据保存成功!
2020-06-10 09:07:41,698 | model_koubei.py | INFO  | 车系：3530 中华V3 口碑：2582810 数据获取中...
2020-06-10 09:07:42,308 | model_koubei.py | INFO  | 3530 中华V3 口碑：2582810 数据保存成功!
2020-06-10 09:07:42,309 | model_koubei.py | INFO  | 车系：3530 中华V3 口碑：2582419 数据获取中...
2020-06-10 09:07:42,907 | model_koubei.py | INFO  | 3530 中华V3 口碑：2582419 数据保存成功!
2020-06-10 09:07:42,907 | model_koubei.py | INFO  | 车系：3530 中华V3 口碑：2582337 数据获取中...
2020-06-10 09:07:43,547 | model_koubei.py | INFO  | 3530 中华V3 口碑：2582337 数据保存成功!
2020-06-10 09:07:43,549 | model_koubei.py | INFO  | 车系：3530 中华V3 口碑：2581813 数据获取中...
2020-06-10 09:07:44,002 | model_koubei.py | INFO  | 3530 中华V3 口碑：2581813 数据保存成功!
2020-06-10 09:07:44,003 | model_koubei.py | INFO  | 车系：3530 中华V3 口碑：2581198 数据获取中...
2020-06-10 09:07:44,516 | model_koubei.py | INFO  | 3530 中华V3 口碑：2581198 数据保存成功!
2020-06-10 09:07:44,517 | model_koubei.py | INFO  | 车系：3530 中华V3 口碑：2581113 数据获取中...
2020-06-10 09:07:44,987 | model_koubei.py | INFO  | 3530 中华V3 口碑：2581113 数据保存成功!
2020-06-10 09:07:44,987 | model_koubei.py | INFO  | 车系：3530 中华V3 口碑：2580931 数据获取中...
2020-06-10 09:07:45,373 | model_koubei.py | INFO  | 3530 中华V3 口碑：2580931 数据保存成功!
2020-06-10 09:07:45,374 | model_koubei.py | INFO  | 车系：3530 中华V3 口碑：2580772 数据获取中...
2020-06-10 09:07:46,118 | model_koubei.py | INFO  | 3530 中华V3 口碑：2580772 数据保存成功!
2020-06-10 09:07:46,118 | model_koubei.py | INFO  | 车系：3530 中华V3 口碑：2580551 数据获取中...
2020-06-10 09:07:46,583 | model_koubei.py | INFO  | 3530 中华V3 口碑：2580551 数据保存成功!
2020-06-10 09:07:46,584 | model_koubei.py | INFO  | 车系：3530 中华V3 口碑：2580537 数据获取中...
2020-06-10 09:14:32,612 | model_koubei.py | INFO  | 程序开始时间：2020-06-10 09:14:32.611772
2020-06-10 09:14:33,706 | model_koubei.py | INFO  | 2480 众泰V10(停售)口碑数据获取中...
2020-06-10 09:14:39,395 | model_koubei.py | INFO  | 车系：2480 众泰V10(停售) 口碑：1328533 数据获取中...
2020-06-10 09:14:39,828 | model_koubei.py | INFO  | 2480 众泰V10(停售) 口碑：1328533 数据保存成功!
2020-06-10 09:14:39,828 | model_koubei.py | INFO  | 车系：2480 众泰V10(停售) 口碑：537148 数据获取中...
2020-06-10 09:14:40,548 | model_koubei.py | INFO  | 2480 众泰V10(停售) 口碑：537148 数据保存成功!
2020-06-10 09:14:40,549 | model_koubei.py | INFO  | 车系：2480 众泰V10(停售) 口碑：487451 数据获取中...
2020-06-10 09:14:40,880 | model_koubei.py | INFO  | 2480 众泰V10(停售) 口碑：487451 数据保存成功!
2020-06-10 09:14:40,881 | model_koubei.py | INFO  | 车系：2480 众泰V10(停售) 口碑：228930 数据获取中...
2020-06-10 09:14:41,278 | model_koubei.py | INFO  | 2480 众泰V10(停售) 口碑：228930 数据保存成功!
2020-06-10 09:14:41,665 | model_koubei.py | INFO  | 车系：2480车型口碑ID列表获取完成。
2020-06-10 09:14:41,667 | model_koubei.py | INFO  | 2480 众泰V10(停售) 口碑数据获取完成!
2020-06-10 09:14:42,796 | model_koubei.py | INFO  | 程序结束时间：2020-06-10 09:14:42.795551
2020-06-10 09:14:42,796 | model_koubei.py | INFO  | 程序执行用时：0:00:10.183779s
2020-06-10 09:15:19,375 | model_koubei.py | INFO  | 程序开始时间：2020-06-10 09:15:19.374563
2020-06-10 09:15:20,597 | model_koubei.py | INFO  | 2480 众泰V10(停售) 已获取跳过!
2020-06-10 09:15:20,689 | model_koubei.py | INFO  | 程序结束时间：2020-06-10 09:15:20.688082
2020-06-10 09:15:20,689 | model_koubei.py | INFO  | 程序执行用时：0:00:01.313519s
2020-06-10 09:15:35,030 | model_koubei.py | INFO  | 程序开始时间：2020-06-10 09:15:35.029766
2020-06-10 09:15:36,212 | model_koubei.py | INFO  | 2480 众泰V10(停售)口碑数据获取中...
2020-06-10 09:15:40,348 | model_koubei.py | INFO  | 车系：2480 众泰V10(停售) 口碑：1328533 数据获取中...
2020-06-10 09:15:40,921 | model_koubei.py | INFO  | 2480 众泰V10(停售) 口碑：1328533 数据保存成功!
2020-06-10 09:15:40,921 | model_koubei.py | INFO  | 车系：2480 众泰V10(停售) 口碑：537148 数据获取中...
2020-06-10 09:15:41,331 | model_koubei.py | INFO  | 2480 众泰V10(停售) 口碑：537148 数据保存成功!
2020-06-10 09:15:41,332 | model_koubei.py | INFO  | 车系：2480 众泰V10(停售) 口碑：487451 数据获取中...
2020-06-10 09:15:42,008 | model_koubei.py | INFO  | 2480 众泰V10(停售) 口碑：487451 数据保存成功!
2020-06-10 09:15:42,008 | model_koubei.py | INFO  | 车系：2480 众泰V10(停售) 口碑：228930 数据获取中...
2020-06-10 09:15:42,441 | model_koubei.py | INFO  | 2480 众泰V10(停售) 口碑：228930 数据保存成功!
2020-06-10 09:15:42,782 | model_koubei.py | INFO  | 车系：2480车型口碑ID列表获取完成。
2020-06-10 09:15:42,784 | model_koubei.py | INFO  | 2480 众泰V10(停售) 口碑数据获取完成!
2020-06-10 09:15:43,922 | model_koubei.py | INFO  | 程序结束时间：2020-06-10 09:15:43.921709
2020-06-10 09:15:43,922 | model_koubei.py | INFO  | 程序执行用时：0:00:08.891943s
2020-06-10 09:19:14,114 | model_koubei.py | INFO  | 程序开始时间：2020-06-10 09:19:14.113577
2020-06-10 09:19:15,277 | model_koubei.py | INFO  | 2480 众泰V10(停售)口碑数据获取中...
2020-06-10 09:19:17,475 | model_koubei.py | INFO  | 车系：2480 众泰V10(停售) 口碑：1328533 数据获取中...
2020-06-10 09:19:17,778 | model_koubei.py | INFO  | 2480 众泰V10(停售) 口碑：1328533 数据保存成功!
2020-06-10 09:19:17,778 | model_koubei.py | INFO  | 车系：2480 众泰V10(停售) 口碑：537148 数据获取中...
2020-06-10 09:19:18,077 | model_koubei.py | INFO  | 2480 众泰V10(停售) 口碑：537148 数据保存成功!
2020-06-10 09:19:18,077 | model_koubei.py | INFO  | 车系：2480 众泰V10(停售) 口碑：487451 数据获取中...
2020-06-10 09:19:18,865 | model_koubei.py | INFO  | 2480 众泰V10(停售) 口碑：487451 数据保存成功!
2020-06-10 09:19:18,865 | model_koubei.py | INFO  | 车系：2480 众泰V10(停售) 口碑：228930 数据获取中...
2020-06-10 09:19:19,265 | model_koubei.py | INFO  | 2480 众泰V10(停售) 口碑：228930 数据保存成功!
2020-06-10 09:19:19,365 | model_koubei.py | INFO  | 车系：2480车型口碑ID列表获取完成。
2020-06-10 09:19:19,367 | model_koubei.py | INFO  | 2480 众泰V10(停售) 口碑数据获取完成!
2020-06-10 09:19:20,494 | model_koubei.py | INFO  | 程序结束时间：2020-06-10 09:19:20.494020
2020-06-10 09:19:20,495 | model_koubei.py | INFO  | 程序执行用时：0:00:06.380443s
