2020-06-04 10:28:03,294 | model_koubei.py | INFO  | 程序开始时间：2020-06-04 10:28:03.292030
2020-06-04 10:28:03,344 | model_koubei.py | INFO  | 车系：4502 口碑数据获取中...
2020-06-04 10:28:26,933 | model_koubei.py | INFO  | 车系：4502车型口碑ID列表获取完成。
2020-06-04 10:28:26,998 | model_koubei.py | INFO  | 车系：4502 口碑数据获取完成!
2020-06-04 10:28:26,999 | model_koubei.py | INFO  | 程序结束时间：2020-06-04 10:28:26.999287
2020-06-04 10:28:26,999 | model_koubei.py | INFO  | 程序执行用时：0:00:23.707257s
2020-06-04 10:32:49,338 | model_koubei.py | INFO  | 程序开始时间：2020-06-04 10:32:49.338697
2020-06-04 10:32:49,389 | model_koubei.py | INFO  | 车系：4502 口碑数据获取中...
2020-06-04 10:32:51,068 | model_koubei.py | INFO  | 车系：4502 口碑：1913830 数据获取中...
2020-06-04 10:32:52,125 | model_koubei.py | INFO  | 数据插入失败
2020-06-04 10:32:52,126 | model_koubei.py | INFO  | 车系：4502 口碑：1913830 数据保存成功!
2020-06-04 10:32:52,384 | model_koubei.py | INFO  | 车系：4502车型口碑ID列表获取完成。
2020-06-04 10:32:53,128 | model_koubei.py | INFO  | 车系：4502 口碑：1975992 数据获取中...
2020-06-04 10:32:53,482 | model_koubei.py | INFO  | 数据插入失败
2020-06-04 10:32:53,483 | model_koubei.py | INFO  | 车系：4502 口碑：1975992 数据保存成功!
2020-06-04 10:32:54,490 | model_koubei.py | INFO  | 车系：4502 口碑：1936376 数据获取中...
2020-06-04 10:32:55,029 | model_koubei.py | INFO  | 数据插入失败
2020-06-04 10:32:55,030 | model_koubei.py | INFO  | 车系：4502 口碑：1936376 数据保存成功!
2020-06-04 10:32:56,039 | model_koubei.py | INFO  | 车系：4502 口碑：1827000 数据获取中...
2020-06-04 10:32:56,271 | model_koubei.py | INFO  | 数据插入失败
2020-06-04 10:32:56,272 | model_koubei.py | INFO  | 车系：4502 口碑：1827000 数据保存成功!
2020-06-04 10:32:57,282 | model_koubei.py | INFO  | 车系：4502 口碑：2248874 数据获取中...
2020-06-04 10:32:57,531 | model_koubei.py | INFO  | 数据插入失败
2020-06-04 10:32:57,532 | model_koubei.py | INFO  | 车系：4502 口碑：2248874 数据保存成功!
2020-06-04 10:32:58,537 | model_koubei.py | INFO  | 车系：4502 口碑：2228542 数据获取中...
2020-06-04 10:32:58,887 | model_koubei.py | INFO  | 数据插入失败
2020-06-04 10:32:58,888 | model_koubei.py | INFO  | 车系：4502 口碑：2228542 数据保存成功!
2020-06-04 10:32:59,893 | model_koubei.py | INFO  | 车系：4502 口碑：2204366 数据获取中...
2020-06-04 10:33:00,332 | model_koubei.py | INFO  | 数据插入失败
2020-06-04 10:33:00,333 | model_koubei.py | INFO  | 车系：4502 口碑：2204366 数据保存成功!
2020-06-04 10:33:01,336 | model_koubei.py | INFO  | 车系：4502 口碑：2128546 数据获取中...
2020-06-04 10:33:01,676 | model_koubei.py | INFO  | 数据插入失败
2020-06-04 10:33:01,676 | model_koubei.py | INFO  | 车系：4502 口碑：2128546 数据保存成功!
2020-06-04 10:33:02,678 | model_koubei.py | INFO  | 车系：4502 口碑：2114301 数据获取中...
2020-06-04 10:33:02,911 | model_koubei.py | INFO  | 数据插入失败
2020-06-04 10:33:02,912 | model_koubei.py | INFO  | 车系：4502 口碑：2114301 数据保存成功!
2020-06-04 10:33:03,915 | model_koubei.py | INFO  | 车系：4502 口碑：2043702 数据获取中...
2020-06-04 10:33:04,219 | model_koubei.py | INFO  | 数据插入失败
2020-06-04 10:33:04,219 | model_koubei.py | INFO  | 车系：4502 口碑：2043702 数据保存成功!
2020-06-04 10:33:05,223 | model_koubei.py | INFO  | 车系：4502 口碑：1942738 数据获取中...
2020-06-04 10:33:05,530 | model_koubei.py | INFO  | 数据插入失败
2020-06-04 10:33:05,530 | model_koubei.py | INFO  | 车系：4502 口碑：1942738 数据保存成功!
2020-06-04 10:36:51,005 | model_koubei.py | INFO  | 程序开始时间：2020-06-04 10:36:51.004719
2020-06-04 10:36:51,110 | model_koubei.py | INFO  | 车系：4502 口碑数据获取中...
2020-06-04 10:36:52,126 | model_koubei.py | INFO  | 1913830 已获取跳过!
2020-06-04 10:36:52,128 | model_koubei.py | INFO  | 1975992 已获取跳过!
2020-06-04 10:36:52,130 | model_koubei.py | INFO  | 1936376 已获取跳过!
2020-06-04 10:36:52,131 | model_koubei.py | INFO  | 1827000 已获取跳过!
2020-06-04 10:36:52,133 | model_koubei.py | INFO  | 2248874 已获取跳过!
2020-06-04 10:36:52,135 | model_koubei.py | INFO  | 2228542 已获取跳过!
2020-06-04 10:36:52,136 | model_koubei.py | INFO  | 2204366 已获取跳过!
2020-06-04 10:36:52,138 | model_koubei.py | INFO  | 2128546 已获取跳过!
2020-06-04 10:36:52,140 | model_koubei.py | INFO  | 2114301 已获取跳过!
2020-06-04 10:36:52,142 | model_koubei.py | INFO  | 2043702 已获取跳过!
2020-06-04 10:36:52,143 | model_koubei.py | INFO  | 1942738 已获取跳过!
2020-06-04 10:36:52,146 | model_koubei.py | INFO  | 车系：4502 口碑：1928060 数据获取中...
2020-06-04 10:36:52,698 | model_koubei.py | INFO  | 车系：4502车型口碑ID列表获取完成。
2020-06-04 10:36:53,071 | model_koubei.py | INFO  | 车系：4502 口碑：1916638 数据获取中...
2020-06-04 10:36:53,509 | model_koubei.py | INFO  | 车系：4502 口碑：1906219 数据获取中...
2020-06-04 10:36:53,960 | model_koubei.py | INFO  | 车系：4502 口碑：1900526 数据获取中...
2020-06-04 10:36:54,447 | model_koubei.py | INFO  | 车系：4502 口碑：1886384 数据获取中...
2020-06-04 10:36:55,049 | model_koubei.py | INFO  | 车系：4502 口碑：1881044 数据获取中...
2020-06-04 10:36:55,399 | model_koubei.py | INFO  | 车系：4502 口碑：2619715 数据获取中...
2020-06-04 10:36:55,709 | model_koubei.py | INFO  | 车系：4502 口碑：2594085 数据获取中...
2020-06-04 10:36:56,045 | model_koubei.py | INFO  | 车系：4502 口碑：2173874 数据获取中...
2020-06-04 10:36:56,558 | model_koubei.py | INFO  | 车系：4502 口碑：2254636 数据获取中...
2020-06-04 10:36:57,040 | model_koubei.py | INFO  | 车系：4502 口碑：2254455 数据获取中...
2020-06-04 10:36:57,388 | model_koubei.py | INFO  | 车系：4502 口碑：2241818 数据获取中...
2020-06-04 10:36:57,879 | model_koubei.py | INFO  | 车系：4502 口碑：2202674 数据获取中...
2020-06-04 10:36:58,279 | model_koubei.py | INFO  | 车系：4502 口碑：2231379 数据获取中...
2020-06-04 10:36:58,575 | model_koubei.py | INFO  | 车系：4502 口碑：2218082 数据获取中...
2020-06-04 10:36:58,928 | model_koubei.py | INFO  | 车系：4502 口碑：2217507 数据获取中...
2020-06-04 10:36:59,277 | model_koubei.py | INFO  | 车系：4502 口碑：2190427 数据获取中...
2020-06-04 10:36:59,502 | model_koubei.py | INFO  | 车系：4502 口碑：2190351 数据获取中...
2020-06-04 10:36:59,939 | model_koubei.py | INFO  | 车系：4502 口碑：2176291 数据获取中...
2020-06-04 10:37:00,269 | model_koubei.py | INFO  | 车系：4502 口碑：2095860 数据获取中...
2020-06-04 10:37:00,779 | model_koubei.py | INFO  | 车系：4502 口碑：2090933 数据获取中...
2020-06-04 10:37:01,227 | model_koubei.py | INFO  | 车系：4502 口碑：2037817 数据获取中...
2020-06-04 10:37:01,677 | model_koubei.py | INFO  | 车系：4502 口碑：1845940 数据获取中...
2020-06-04 10:37:02,174 | model_koubei.py | INFO  | 车系：4502 口碑：2012573 数据获取中...
2020-06-04 10:37:02,562 | model_koubei.py | INFO  | 车系：4502 口碑：1953992 数据获取中...
2020-06-04 10:37:02,938 | model_koubei.py | INFO  | 车系：4502 口碑：1940344 数据获取中...
2020-06-04 10:37:03,211 | model_koubei.py | INFO  | 车系：4502 口碑：1936571 数据获取中...
2020-06-04 10:38:04,812 | model_koubei.py | INFO  | 程序开始时间：2020-06-04 10:38:04.811780
2020-06-04 10:38:04,849 | model_koubei.py | INFO  | 车系：4502 口碑数据获取中...
2020-06-04 10:38:05,948 | model_koubei.py | INFO  | 1913830 已获取跳过!
2020-06-04 10:38:05,949 | model_koubei.py | INFO  | 1975992 已获取跳过!
2020-06-04 10:38:05,951 | model_koubei.py | INFO  | 1936376 已获取跳过!
2020-06-04 10:38:05,953 | model_koubei.py | INFO  | 1827000 已获取跳过!
2020-06-04 10:38:05,954 | model_koubei.py | INFO  | 2248874 已获取跳过!
2020-06-04 10:38:05,956 | model_koubei.py | INFO  | 2228542 已获取跳过!
2020-06-04 10:38:05,957 | model_koubei.py | INFO  | 2204366 已获取跳过!
2020-06-04 10:38:05,959 | model_koubei.py | INFO  | 2128546 已获取跳过!
2020-06-04 10:38:05,960 | model_koubei.py | INFO  | 2114301 已获取跳过!
2020-06-04 10:38:05,961 | model_koubei.py | INFO  | 2043702 已获取跳过!
2020-06-04 10:38:05,963 | model_koubei.py | INFO  | 1942738 已获取跳过!
2020-06-04 10:38:05,965 | model_koubei.py | INFO  | 车系：4502 口碑：1928060 数据获取中...
2020-06-04 10:38:06,533 | model_koubei.py | INFO  | 车系：4502车型口碑ID列表获取完成。
2020-06-04 10:38:07,263 | model_koubei.py | INFO  | 数据插入失败
2020-06-04 10:38:07,264 | model_koubei.py | INFO  | 车系：4502 口碑：1928060 数据保存成功!
2020-06-04 10:38:08,268 | model_koubei.py | INFO  | 车系：4502 口碑：1916638 数据获取中...
2020-06-04 10:38:08,371 | model_koubei.py | INFO  | 数据插入失败
2020-06-04 10:38:08,371 | model_koubei.py | INFO  | 车系：4502 口碑：1916638 数据保存成功!
2020-06-04 10:38:09,374 | model_koubei.py | INFO  | 车系：4502 口碑：1906219 数据获取中...
2020-06-04 10:38:09,488 | model_koubei.py | INFO  | 数据插入失败
2020-06-04 10:38:09,488 | model_koubei.py | INFO  | 车系：4502 口碑：1906219 数据保存成功!
2020-06-04 10:38:10,495 | model_koubei.py | INFO  | 车系：4502 口碑：1900526 数据获取中...
2020-06-04 10:38:10,623 | model_koubei.py | INFO  | 数据插入失败
2020-06-04 10:38:10,623 | model_koubei.py | INFO  | 车系：4502 口碑：1900526 数据保存成功!
2020-06-04 10:38:11,627 | model_koubei.py | INFO  | 车系：4502 口碑：1886384 数据获取中...
2020-06-04 10:38:11,741 | model_koubei.py | INFO  | 数据插入失败
2020-06-04 10:38:11,741 | model_koubei.py | INFO  | 车系：4502 口碑：1886384 数据保存成功!
2020-06-04 10:38:12,747 | model_koubei.py | INFO  | 车系：4502 口碑：1881044 数据获取中...
2020-06-04 10:38:12,866 | model_koubei.py | INFO  | 数据插入失败
2020-06-04 10:38:12,867 | model_koubei.py | INFO  | 车系：4502 口碑：1881044 数据保存成功!
2020-06-04 10:38:13,881 | model_koubei.py | INFO  | 车系：4502 口碑：2619715 数据获取中...
2020-06-04 10:38:14,308 | model_koubei.py | INFO  | 数据插入失败
2020-06-04 10:38:14,309 | model_koubei.py | INFO  | 车系：4502 口碑：2619715 数据保存成功!
2020-06-04 10:38:15,313 | model_koubei.py | INFO  | 车系：4502 口碑：2594085 数据获取中...
2020-06-04 10:39:38,556 | model_koubei.py | INFO  | 程序开始时间：2020-06-04 10:39:38.555072
2020-06-04 10:39:38,588 | model_koubei.py | INFO  | 车系：4502 口碑数据获取中...
2020-06-04 10:39:39,639 | model_koubei.py | INFO  | 1913830 已获取跳过!
2020-06-04 10:39:39,641 | model_koubei.py | INFO  | 1975992 已获取跳过!
2020-06-04 10:39:39,644 | model_koubei.py | INFO  | 1936376 已获取跳过!
2020-06-04 10:39:39,646 | model_koubei.py | INFO  | 1827000 已获取跳过!
2020-06-04 10:39:39,648 | model_koubei.py | INFO  | 2248874 已获取跳过!
2020-06-04 10:39:39,650 | model_koubei.py | INFO  | 2228542 已获取跳过!
2020-06-04 10:39:39,652 | model_koubei.py | INFO  | 2204366 已获取跳过!
2020-06-04 10:39:39,654 | model_koubei.py | INFO  | 2128546 已获取跳过!
2020-06-04 10:39:39,657 | model_koubei.py | INFO  | 2114301 已获取跳过!
2020-06-04 10:39:39,659 | model_koubei.py | INFO  | 2043702 已获取跳过!
2020-06-04 10:39:39,661 | model_koubei.py | INFO  | 1942738 已获取跳过!
2020-06-04 10:39:39,663 | model_koubei.py | INFO  | 1928060 已获取跳过!
2020-06-04 10:39:39,665 | model_koubei.py | INFO  | 1916638 已获取跳过!
2020-06-04 10:39:39,667 | model_koubei.py | INFO  | 1906219 已获取跳过!
2020-06-04 10:39:39,669 | model_koubei.py | INFO  | 1900526 已获取跳过!
2020-06-04 10:39:39,671 | model_koubei.py | INFO  | 1886384 已获取跳过!
2020-06-04 10:39:39,673 | model_koubei.py | INFO  | 1881044 已获取跳过!
2020-06-04 10:39:39,676 | model_koubei.py | INFO  | 2619715 已获取跳过!
2020-06-04 10:39:39,679 | model_koubei.py | INFO  | 车系：4502 口碑：2594085 数据获取中...
2020-06-04 10:39:40,250 | model_koubei.py | INFO  | 车系：4502车型口碑ID列表获取完成。
2020-06-04 10:39:40,726 | model_koubei.py | INFO  | 成功插入：1条数据
2020-06-04 10:39:40,726 | model_koubei.py | INFO  | 车系：4502 口碑：2594085 数据保存成功!
2020-06-04 10:39:41,729 | model_koubei.py | INFO  | 车系：4502 口碑：2173874 数据获取中...
2020-06-04 10:39:42,027 | model_koubei.py | INFO  | 成功插入：1条数据
2020-06-04 10:39:42,028 | model_koubei.py | INFO  | 车系：4502 口碑：2173874 数据保存成功!
2020-06-04 10:39:43,035 | model_koubei.py | INFO  | 车系：4502 口碑：2254636 数据获取中...
2020-06-04 10:39:43,500 | model_koubei.py | INFO  | 成功插入：1条数据
2020-06-04 10:39:43,502 | model_koubei.py | INFO  | 车系：4502 口碑：2254636 数据保存成功!
2020-06-04 10:39:44,512 | model_koubei.py | INFO  | 车系：4502 口碑：2254455 数据获取中...
2020-06-04 10:39:44,786 | model_koubei.py | INFO  | 成功插入：1条数据
2020-06-04 10:39:44,787 | model_koubei.py | INFO  | 车系：4502 口碑：2254455 数据保存成功!
2020-06-04 10:39:45,791 | model_koubei.py | INFO  | 车系：4502 口碑：2241818 数据获取中...
2020-06-04 10:39:46,119 | model_koubei.py | INFO  | 成功插入：1条数据
2020-06-04 10:39:46,119 | model_koubei.py | INFO  | 车系：4502 口碑：2241818 数据保存成功!
2020-06-04 10:39:47,122 | model_koubei.py | INFO  | 车系：4502 口碑：2202674 数据获取中...
2020-06-04 10:39:47,360 | model_koubei.py | INFO  | 成功插入：1条数据
2020-06-04 10:39:47,360 | model_koubei.py | INFO  | 车系：4502 口碑：2202674 数据保存成功!
2020-06-04 10:39:48,364 | model_koubei.py | INFO  | 车系：4502 口碑：2231379 数据获取中...
2020-06-04 10:39:48,647 | model_koubei.py | INFO  | 成功插入：1条数据
2020-06-04 10:39:48,648 | model_koubei.py | INFO  | 车系：4502 口碑：2231379 数据保存成功!
2020-06-04 10:39:49,653 | model_koubei.py | INFO  | 车系：4502 口碑：2218082 数据获取中...
2020-06-04 10:39:50,035 | model_koubei.py | INFO  | 成功插入：1条数据
2020-06-04 10:39:50,036 | model_koubei.py | INFO  | 车系：4502 口碑：2218082 数据保存成功!
2020-06-04 10:39:51,044 | model_koubei.py | INFO  | 车系：4502 口碑：2217507 数据获取中...
2020-06-04 10:39:51,420 | model_koubei.py | INFO  | 成功插入：1条数据
2020-06-04 10:39:51,421 | model_koubei.py | INFO  | 车系：4502 口碑：2217507 数据保存成功!
2020-06-04 10:39:52,424 | model_koubei.py | INFO  | 车系：4502 口碑：2190427 数据获取中...
2020-06-04 10:39:52,675 | model_koubei.py | INFO  | 成功插入：1条数据
2020-06-04 10:39:52,675 | model_koubei.py | INFO  | 车系：4502 口碑：2190427 数据保存成功!
2020-06-04 10:39:53,678 | model_koubei.py | INFO  | 车系：4502 口碑：2190351 数据获取中...
2020-06-04 10:39:54,072 | model_koubei.py | INFO  | 成功插入：1条数据
2020-06-04 10:39:54,073 | model_koubei.py | INFO  | 车系：4502 口碑：2190351 数据保存成功!
2020-06-04 10:39:55,077 | model_koubei.py | INFO  | 车系：4502 口碑：2176291 数据获取中...
2020-06-04 10:39:55,427 | model_koubei.py | INFO  | 成功插入：1条数据
2020-06-04 10:39:55,427 | model_koubei.py | INFO  | 车系：4502 口碑：2176291 数据保存成功!
2020-06-04 10:39:56,432 | model_koubei.py | INFO  | 车系：4502 口碑：2095860 数据获取中...
2020-06-04 10:39:56,735 | model_koubei.py | INFO  | 成功插入：1条数据
2020-06-04 10:39:56,735 | model_koubei.py | INFO  | 车系：4502 口碑：2095860 数据保存成功!
2020-06-04 10:39:57,738 | model_koubei.py | INFO  | 车系：4502 口碑：2090933 数据获取中...
2020-06-04 10:39:57,945 | model_koubei.py | INFO  | 成功插入：1条数据
2020-06-04 10:39:57,945 | model_koubei.py | INFO  | 车系：4502 口碑：2090933 数据保存成功!
2020-06-04 10:39:58,948 | model_koubei.py | INFO  | 车系：4502 口碑：2037817 数据获取中...
2020-06-04 10:39:59,432 | model_koubei.py | INFO  | 成功插入：1条数据
2020-06-04 10:39:59,433 | model_koubei.py | INFO  | 车系：4502 口碑：2037817 数据保存成功!
2020-06-04 10:40:00,440 | model_koubei.py | INFO  | 车系：4502 口碑：1845940 数据获取中...
2020-06-04 10:40:00,618 | model_koubei.py | INFO  | 成功插入：1条数据
2020-06-04 10:40:00,619 | model_koubei.py | INFO  | 车系：4502 口碑：1845940 数据保存成功!
2020-06-04 10:40:01,624 | model_koubei.py | INFO  | 车系：4502 口碑：2012573 数据获取中...
2020-06-04 10:41:46,237 | model_koubei.py | INFO  | 程序开始时间：2020-06-04 10:41:46.236688
2020-06-04 10:41:46,282 | model_koubei.py | INFO  | 车系：4502 口碑数据获取中...
2020-06-04 10:41:48,628 | model_koubei.py | INFO  | 车系：4502车型口碑ID列表获取完成。
2020-06-04 10:41:48,751 | model_koubei.py | INFO  | 车系：4502 口碑数据获取完成!
2020-06-04 10:41:48,751 | model_koubei.py | INFO  | 程序结束时间：2020-06-04 10:41:48.751093
2020-06-04 10:41:48,752 | model_koubei.py | INFO  | 程序执行用时：0:00:02.514405s
2020-06-04 10:45:24,752 | model_koubei.py | INFO  | 程序开始时间：2020-06-04 10:45:24.752018
2020-06-04 10:45:24,788 | model_koubei.py | INFO  | 车系：4502 口碑数据获取中...
2020-06-04 10:45:47,675 | model_koubei.py | INFO  | 车系：4502车型口碑ID列表获取完成。
2020-06-04 10:45:47,729 | model_koubei.py | INFO  | 车系：4502 口碑数据获取完成!
2020-06-04 10:45:47,730 | model_koubei.py | INFO  | 程序结束时间：2020-06-04 10:45:47.730642
2020-06-04 10:45:47,730 | model_koubei.py | INFO  | 程序执行用时：0:00:22.978624s
2020-06-04 11:33:33,382 | model_koubei.py | INFO  | 程序开始时间：2020-06-04 11:33:33.381712
2020-06-04 11:33:33,420 | model_koubei.py | INFO  | 车系：4502 口碑数据获取中...
2020-06-04 11:33:47,478 | model_koubei.py | INFO  | 车系：4502 口碑：1913830 数据获取中...
2020-06-04 11:33:48,491 | model_koubei.py | INFO  | 车系：4502 口碑：1975992 数据获取中...
2020-06-04 11:33:48,926 | model_koubei.py | INFO  | 车系：4502 口碑：1936376 数据获取中...
2020-06-04 11:33:49,399 | model_koubei.py | INFO  | 车系：4502 口碑：1827000 数据获取中...
2020-06-04 11:33:49,606 | model_koubei.py | INFO  | 车系：4502 口碑：2248874 数据获取中...
2020-06-04 11:33:49,908 | model_koubei.py | INFO  | 车系：4502 口碑：2228542 数据获取中...
2020-06-04 11:33:50,290 | model_koubei.py | INFO  | 车系：4502 口碑：2204366 数据获取中...
2020-06-04 11:33:50,894 | model_koubei.py | INFO  | 车系：4502 口碑：2128546 数据获取中...
2020-06-04 11:33:51,117 | model_koubei.py | INFO  | 车系：4502 口碑：2114301 数据获取中...
2020-06-04 11:33:51,442 | model_koubei.py | INFO  | 车系：4502 口碑：2043702 数据获取中...
2020-06-04 11:33:51,684 | model_koubei.py | INFO  | 车系：4502 口碑：1942738 数据获取中...
2020-06-04 11:33:52,095 | model_koubei.py | INFO  | 车系：4502 口碑：1928060 数据获取中...
2020-06-04 11:33:52,424 | model_koubei.py | INFO  | 车系：4502 口碑：1916638 数据获取中...
2020-06-04 11:33:52,865 | model_koubei.py | INFO  | 车系：4502 口碑：1906219 数据获取中...
2020-06-04 11:33:53,120 | model_koubei.py | INFO  | 车系：4502 口碑：1900526 数据获取中...
2020-06-04 11:33:53,420 | model_koubei.py | INFO  | 车系：4502 口碑：1886384 数据获取中...
2020-06-04 11:33:53,689 | model_koubei.py | INFO  | 车系：4502 口碑：1881044 数据获取中...
2020-06-04 11:33:54,053 | model_koubei.py | INFO  | 车系：4502 口碑：2619715 数据获取中...
2020-06-04 11:33:54,405 | model_koubei.py | INFO  | 车系：4502 口碑：2594085 数据获取中...
2020-06-04 11:33:54,589 | model_koubei.py | INFO  | 车系：4502 口碑：2173874 数据获取中...
2020-06-04 11:33:54,874 | model_koubei.py | INFO  | 车系：4502 口碑：2254636 数据获取中...
2020-06-04 11:33:55,105 | model_koubei.py | INFO  | 车系：4502 口碑：2254455 数据获取中...
2020-06-04 11:33:55,322 | model_koubei.py | INFO  | 车系：4502 口碑：2241818 数据获取中...
2020-06-04 11:33:55,621 | model_koubei.py | INFO  | 车系：4502车型口碑ID列表获取完成。
2020-06-04 11:33:55,748 | model_koubei.py | INFO  | 车系：4502 口碑：2202674 数据获取中...
2020-06-04 11:33:55,927 | model_koubei.py | INFO  | 车系：4502 口碑：2231379 数据获取中...
2020-06-04 11:33:56,296 | model_koubei.py | INFO  | 车系：4502 口碑：2218082 数据获取中...
2020-06-04 11:33:56,643 | model_koubei.py | INFO  | 车系：4502 口碑：2217507 数据获取中...
2020-06-04 11:33:56,907 | model_koubei.py | INFO  | 车系：4502 口碑：2190427 数据获取中...
2020-06-04 11:33:57,314 | model_koubei.py | INFO  | 车系：4502 口碑：2190351 数据获取中...
2020-06-04 11:33:57,721 | model_koubei.py | INFO  | 车系：4502 口碑：2176291 数据获取中...
2020-06-04 11:33:57,968 | model_koubei.py | INFO  | 车系：4502 口碑：2095860 数据获取中...
2020-06-04 11:33:58,385 | model_koubei.py | INFO  | 车系：4502 口碑：2090933 数据获取中...
2020-06-04 11:33:58,571 | model_koubei.py | INFO  | 车系：4502 口碑：2037817 数据获取中...
2020-06-04 11:33:58,827 | model_koubei.py | INFO  | 车系：4502 口碑：1845940 数据获取中...
2020-06-04 11:33:59,004 | model_koubei.py | INFO  | 车系：4502 口碑：2012573 数据获取中...
2020-06-04 11:33:59,367 | model_koubei.py | INFO  | 车系：4502 口碑：1953992 数据获取中...
2020-06-04 11:33:59,603 | model_koubei.py | INFO  | 车系：4502 口碑：1940344 数据获取中...
2020-06-04 11:33:59,820 | model_koubei.py | INFO  | 车系：4502 口碑：1936571 数据获取中...
2020-06-04 11:34:00,170 | model_koubei.py | INFO  | 车系：4502 口碑：1935401 数据获取中...
2020-06-04 11:34:00,466 | model_koubei.py | INFO  | 车系：4502 口碑：1931110 数据获取中...
2020-06-04 11:34:00,635 | model_koubei.py | INFO  | 车系：4502 口碑：1928654 数据获取中...
2020-06-04 11:34:00,898 | model_koubei.py | INFO  | 车系：4502 口碑：1877130 数据获取中...
2020-06-04 11:34:01,248 | model_koubei.py | INFO  | 车系：4502 口碑：1906330 数据获取中...
2020-06-04 11:34:01,532 | model_koubei.py | INFO  | 车系：4502 口碑：1893568 数据获取中...
2020-06-04 11:34:01,639 | model_koubei.py | INFO  | 车系：4502 口碑：1885708 数据获取中...
2020-06-04 11:34:01,946 | model_koubei.py | INFO  | 车系：4502 口碑：1878640 数据获取中...
2020-06-04 11:34:02,276 | model_koubei.py | INFO  | 车系：4502 口碑：1876521 数据获取中...
2020-06-04 11:34:02,491 | model_koubei.py | INFO  | 车系：4502 口碑：1869417 数据获取中...
2020-06-04 11:34:02,847 | model_koubei.py | INFO  | 车系：4502 口碑：1865659 数据获取中...
2020-06-04 11:34:03,168 | model_koubei.py | INFO  | 车系：4502 口碑：1865557 数据获取中...
2020-06-04 11:34:03,488 | model_koubei.py | INFO  | 车系：4502 口碑：1913830 数据获取中...
2020-06-04 11:34:03,547 | model_koubei.py | INFO  | 车系：4502 口碑：1975992 数据获取中...
2020-06-04 11:34:03,620 | model_koubei.py | INFO  | 车系：4502 口碑：1936376 数据获取中...
2020-06-04 11:34:03,678 | model_koubei.py | INFO  | 车系：4502 口碑：1827000 数据获取中...
2020-06-04 11:34:03,732 | model_koubei.py | INFO  | 车系：4502 口碑：2248874 数据获取中...
2020-06-04 11:34:03,944 | model_koubei.py | INFO  | 车系：4502 口碑：2228542 数据获取中...
2020-06-04 11:34:04,008 | model_koubei.py | INFO  | 车系：4502 口碑：2204366 数据获取中...
2020-06-04 11:34:04,064 | model_koubei.py | INFO  | 车系：4502 口碑：2128546 数据获取中...
2020-06-04 11:34:04,261 | model_koubei.py | INFO  | 车系：4502 口碑：2114301 数据获取中...
2020-06-04 11:34:04,313 | model_koubei.py | INFO  | 车系：4502 口碑：2043702 数据获取中...
2020-06-04 11:34:04,364 | model_koubei.py | INFO  | 车系：4502 口碑：1942738 数据获取中...
2020-06-04 11:34:04,523 | model_koubei.py | INFO  | 车系：4502 口碑：1928060 数据获取中...
2020-06-04 11:34:04,574 | model_koubei.py | INFO  | 车系：4502 口碑：1916638 数据获取中...
2020-06-04 11:34:04,624 | model_koubei.py | INFO  | 车系：4502 口碑：1906219 数据获取中...
2020-06-04 11:34:04,686 | model_koubei.py | INFO  | 车系：4502 口碑：1900526 数据获取中...
2020-06-04 11:34:04,739 | model_koubei.py | INFO  | 车系：4502 口碑：1886384 数据获取中...
2020-06-04 11:34:05,043 | model_koubei.py | INFO  | 车系：4502 口碑：1881044 数据获取中...
2020-06-04 11:34:05,586 | model_koubei.py | INFO  | 车系：4502 口碑：2619715 数据获取中...
2020-06-04 11:34:05,833 | model_koubei.py | INFO  | 车系：4502 口碑：2594085 数据获取中...
2020-06-04 11:34:05,889 | model_koubei.py | INFO  | 车系：4502 口碑：2173874 数据获取中...
2020-06-04 11:34:05,944 | model_koubei.py | INFO  | 车系：4502 口碑：2254636 数据获取中...
2020-06-04 11:34:05,995 | model_koubei.py | INFO  | 车系：4502 口碑：2254455 数据获取中...
2020-06-04 11:34:06,073 | model_koubei.py | INFO  | 车系：4502 口碑：2241818 数据获取中...
2020-06-04 11:34:06,493 | model_koubei.py | INFO  | 车系：4502 口碑：2202674 数据获取中...
2020-06-04 11:34:06,559 | model_koubei.py | INFO  | 车系：4502 口碑：2231379 数据获取中...
2020-06-04 11:34:06,624 | model_koubei.py | INFO  | 车系：4502 口碑：2218082 数据获取中...
2020-06-04 11:34:06,679 | model_koubei.py | INFO  | 车系：4502 口碑：2217507 数据获取中...
2020-06-04 11:34:06,745 | model_koubei.py | INFO  | 车系：4502 口碑：2190427 数据获取中...
2020-06-04 11:34:06,796 | model_koubei.py | INFO  | 车系：4502 口碑：2190351 数据获取中...
2020-06-04 11:34:06,855 | model_koubei.py | INFO  | 车系：4502 口碑：2176291 数据获取中...
2020-06-04 11:34:06,906 | model_koubei.py | INFO  | 车系：4502 口碑：2095860 数据获取中...
2020-06-04 11:34:07,263 | model_koubei.py | INFO  | 车系：4502 口碑：2090933 数据获取中...
2020-06-04 11:34:07,616 | model_koubei.py | INFO  | 车系：4502 口碑：2037817 数据获取中...
2020-06-04 11:34:07,664 | model_koubei.py | INFO  | 车系：4502 口碑：1845940 数据获取中...
2020-06-04 11:34:07,982 | model_koubei.py | INFO  | 车系：4502 口碑：2012573 数据获取中...
2020-06-04 11:34:08,284 | model_koubei.py | INFO  | 车系：4502 口碑：1953992 数据获取中...
2020-06-04 11:34:08,340 | model_koubei.py | INFO  | 车系：4502 口碑：1940344 数据获取中...
2020-06-04 11:34:08,394 | model_koubei.py | INFO  | 车系：4502 口碑：1936571 数据获取中...
2020-06-04 11:34:08,549 | model_koubei.py | INFO  | 车系：4502 口碑：1935401 数据获取中...
2020-06-04 11:34:08,602 | model_koubei.py | INFO  | 车系：4502 口碑：1931110 数据获取中...
2020-06-04 11:34:08,667 | model_koubei.py | INFO  | 车系：4502 口碑：1928654 数据获取中...
2020-06-04 11:34:08,728 | model_koubei.py | INFO  | 车系：4502 口碑：1877130 数据获取中...
2020-06-04 11:34:08,783 | model_koubei.py | INFO  | 车系：4502 口碑：1906330 数据获取中...
2020-06-04 11:34:09,078 | model_koubei.py | INFO  | 车系：4502 口碑：1893568 数据获取中...
2020-06-04 11:34:09,140 | model_koubei.py | INFO  | 车系：4502 口碑：1885708 数据获取中...
2020-06-04 11:34:09,191 | model_koubei.py | INFO  | 车系：4502 口碑：1878640 数据获取中...
2020-06-04 11:34:09,467 | model_koubei.py | INFO  | 车系：4502 口碑：1876521 数据获取中...
2020-06-04 11:34:09,721 | model_koubei.py | INFO  | 车系：4502 口碑：1869417 数据获取中...
2020-06-04 11:34:09,808 | model_koubei.py | INFO  | 车系：4502 口碑：1865659 数据获取中...
2020-06-04 11:34:09,863 | model_koubei.py | INFO  | 车系：4502 口碑：1865557 数据获取中...
2020-06-04 11:34:10,036 | model_koubei.py | INFO  | 车系：4502 口碑：1856612 数据获取中...
2020-06-04 11:34:10,280 | model_koubei.py | INFO  | 车系：4502 口碑：1854991 数据获取中...
2020-06-04 11:34:10,535 | model_koubei.py | INFO  | 车系：4502 口碑：2138879 数据获取中...
2020-06-04 11:34:10,739 | model_koubei.py | INFO  | 车系：4502 口碑：2107051 数据获取中...
2020-06-04 11:34:10,890 | model_koubei.py | INFO  | 车系：4502 口碑：2092796 数据获取中...
2020-06-04 11:34:11,082 | model_koubei.py | INFO  | 车系：4502 口碑：2052761 数据获取中...
2020-06-04 11:34:11,359 | model_koubei.py | INFO  | 车系：4502 口碑：2035878 数据获取中...
2020-06-04 11:34:11,551 | model_koubei.py | INFO  | 车系：4502 口碑：2056803 数据获取中...
2020-06-04 11:34:11,905 | model_koubei.py | INFO  | 车系：4502 口碑：2136030 数据获取中...
2020-06-04 11:34:12,085 | model_koubei.py | INFO  | 车系：4502 口碑：1963558 数据获取中...
2020-06-04 11:34:12,358 | model_koubei.py | INFO  | 车系：4502 口碑：1868804 数据获取中...
2020-06-04 11:34:12,656 | model_koubei.py | INFO  | 车系：4502 口碑：2412782 数据获取中...
2020-06-04 11:34:12,826 | model_koubei.py | INFO  | 车系：4502 口碑：2203694 数据获取中...
2020-06-04 11:34:13,059 | model_koubei.py | INFO  | 车系：4502 口碑：2177908 数据获取中...
2020-06-04 11:34:13,350 | model_koubei.py | INFO  | 车系：4502 口碑：2138720 数据获取中...
2020-06-04 11:34:13,538 | model_koubei.py | INFO  | 车系：4502 口碑：2089923 数据获取中...
2020-06-04 11:34:13,777 | model_koubei.py | INFO  | 车系：4502 口碑：2065440 数据获取中...
2020-06-04 11:34:13,924 | model_koubei.py | INFO  | 车系：4502 口碑：2041785 数据获取中...
2020-06-04 11:34:14,391 | model_koubei.py | INFO  | 车系：4502 口碑：2041638 数据获取中...
2020-06-04 11:34:14,676 | model_koubei.py | INFO  | 车系：4502 口碑：2040982 数据获取中...
2020-06-04 11:34:14,831 | model_koubei.py | INFO  | 车系：4502 口碑：1970316 数据获取中...
2020-06-04 11:34:15,201 | model_koubei.py | INFO  | 车系：4502 口碑：1964583 数据获取中...
2020-06-04 11:34:15,464 | model_koubei.py | INFO  | 车系：4502 口碑：1953134 数据获取中...
2020-06-04 11:34:16,369 | model_koubei.py | INFO  | 车系：4502 口碑：1940248 数据获取中...
2020-06-04 11:34:16,609 | model_koubei.py | INFO  | 车系：4502 口碑：1937777 数据获取中...
2020-06-04 11:34:16,826 | model_koubei.py | INFO  | 车系：4502 口碑：1926293 数据获取中...
2020-06-04 11:34:17,224 | model_koubei.py | INFO  | 车系：4502 口碑数据获取完成!
2020-06-04 11:34:17,225 | model_koubei.py | INFO  | 程序结束时间：2020-06-04 11:34:17.225127
2020-06-04 11:34:17,226 | model_koubei.py | INFO  | 程序执行用时：0:00:43.843415s
2020-06-04 11:37:02,875 | model_koubei.py | INFO  | 程序开始时间：2020-06-04 11:37:02.874109
2020-06-04 11:37:02,924 | model_koubei.py | INFO  | 车系：4502 口碑数据获取中...
2020-06-04 11:37:04,246 | model_koubei.py | INFO  | 车系：4502 口碑：1913830 数据获取中...
2020-06-04 11:37:04,793 | model_koubei.py | INFO  | 车系：4502车型口碑ID列表获取完成。
2020-06-04 11:37:04,956 | model_koubei.py | INFO  | 数据插入失败
2020-06-04 11:37:04,962 | model_koubei.py | INFO  | 车系：4502 口碑：1975992 数据获取中...
2020-06-04 11:37:05,016 | model_koubei.py | INFO  | 数据插入失败
2020-06-04 11:37:05,020 | model_koubei.py | INFO  | 车系：4502 口碑：1936376 数据获取中...
2020-06-04 11:37:05,074 | model_koubei.py | INFO  | 数据插入失败
2020-06-04 11:37:05,078 | model_koubei.py | INFO  | 车系：4502 口碑：1827000 数据获取中...
2020-06-04 11:37:05,125 | model_koubei.py | INFO  | 数据插入失败
2020-06-04 11:37:05,128 | model_koubei.py | INFO  | 车系：4502 口碑：2248874 数据获取中...
2020-06-04 11:37:05,342 | model_koubei.py | INFO  | 数据插入失败
2020-06-04 11:37:05,345 | model_koubei.py | INFO  | 车系：4502 口碑：2228542 数据获取中...
2020-06-04 11:37:05,439 | model_koubei.py | INFO  | 数据插入失败
2020-06-04 11:37:05,443 | model_koubei.py | INFO  | 车系：4502 口碑：2204366 数据获取中...
2020-06-04 11:37:05,492 | model_koubei.py | INFO  | 数据插入失败
2020-06-04 11:37:05,495 | model_koubei.py | INFO  | 车系：4502 口碑：2128546 数据获取中...
2020-06-04 11:37:05,723 | model_koubei.py | INFO  | 数据插入失败
2020-06-04 11:37:05,726 | model_koubei.py | INFO  | 车系：4502 口碑：2114301 数据获取中...
2020-06-04 11:37:05,790 | model_koubei.py | INFO  | 数据插入失败
2020-06-04 11:37:05,794 | model_koubei.py | INFO  | 车系：4502 口碑：2043702 数据获取中...
2020-06-04 11:37:05,851 | model_koubei.py | INFO  | 数据插入失败
2020-06-04 11:37:05,855 | model_koubei.py | INFO  | 车系：4502 口碑：1942738 数据获取中...
2020-06-04 11:37:06,002 | model_koubei.py | INFO  | 数据插入失败
2020-06-04 11:37:06,005 | model_koubei.py | INFO  | 车系：4502 口碑：1928060 数据获取中...
2020-06-04 11:37:06,056 | model_koubei.py | INFO  | 数据插入失败
2020-06-04 11:37:06,059 | model_koubei.py | INFO  | 车系：4502 口碑：1916638 数据获取中...
2020-06-04 11:37:06,109 | model_koubei.py | INFO  | 数据插入失败
2020-06-04 11:37:06,112 | model_koubei.py | INFO  | 车系：4502 口碑：1906219 数据获取中...
2020-06-04 11:37:06,163 | model_koubei.py | INFO  | 数据插入失败
2020-06-04 11:37:06,167 | model_koubei.py | INFO  | 车系：4502 口碑：1900526 数据获取中...
2020-06-04 11:37:06,217 | model_koubei.py | INFO  | 数据插入失败
2020-06-04 11:37:06,221 | model_koubei.py | INFO  | 车系：4502 口碑：1886384 数据获取中...
2020-06-04 11:37:06,273 | model_koubei.py | INFO  | 数据插入失败
2020-06-04 11:37:06,278 | model_koubei.py | INFO  | 车系：4502 口碑：1881044 数据获取中...
2020-06-04 11:37:06,630 | model_koubei.py | INFO  | 数据插入失败
2020-06-04 11:37:06,633 | model_koubei.py | INFO  | 车系：4502 口碑：2619715 数据获取中...
2020-06-04 11:37:06,857 | model_koubei.py | INFO  | 数据插入失败
2020-06-04 11:37:06,860 | model_koubei.py | INFO  | 车系：4502 口碑：2594085 数据获取中...
2020-06-04 11:37:06,906 | model_koubei.py | INFO  | 数据插入失败
2020-06-04 11:37:06,910 | model_koubei.py | INFO  | 车系：4502 口碑：2173874 数据获取中...
2020-06-04 11:37:06,962 | model_koubei.py | INFO  | 数据插入失败
2020-06-04 11:37:06,966 | model_koubei.py | INFO  | 车系：4502 口碑：2254636 数据获取中...
2020-06-04 11:37:07,026 | model_koubei.py | INFO  | 数据插入失败
2020-06-04 11:37:07,029 | model_koubei.py | INFO  | 车系：4502 口碑：2254455 数据获取中...
2020-06-04 11:37:07,091 | model_koubei.py | INFO  | 数据插入失败
2020-06-04 11:37:07,094 | model_koubei.py | INFO  | 车系：4502 口碑：2241818 数据获取中...
2020-06-04 11:37:07,418 | model_koubei.py | INFO  | 数据插入失败
2020-06-04 11:37:07,420 | model_koubei.py | INFO  | 车系：4502 口碑：2202674 数据获取中...
2020-06-04 11:37:07,472 | model_koubei.py | INFO  | 数据插入失败
2020-06-04 11:37:07,475 | model_koubei.py | INFO  | 车系：4502 口碑：2231379 数据获取中...
2020-06-04 11:37:07,527 | model_koubei.py | INFO  | 数据插入失败
2020-06-04 11:37:07,530 | model_koubei.py | INFO  | 车系：4502 口碑：2218082 数据获取中...
2020-06-04 11:37:07,580 | model_koubei.py | INFO  | 数据插入失败
2020-06-04 11:37:07,583 | model_koubei.py | INFO  | 车系：4502 口碑：2217507 数据获取中...
2020-06-04 11:37:07,635 | model_koubei.py | INFO  | 数据插入失败
2020-06-04 11:37:07,640 | model_koubei.py | INFO  | 车系：4502 口碑：2190427 数据获取中...
2020-06-04 11:37:07,694 | model_koubei.py | INFO  | 数据插入失败
2020-06-04 11:37:07,697 | model_koubei.py | INFO  | 车系：4502 口碑：2190351 数据获取中...
2020-06-04 11:37:07,752 | model_koubei.py | INFO  | 数据插入失败
2020-06-04 11:37:07,755 | model_koubei.py | INFO  | 车系：4502 口碑：2176291 数据获取中...
2020-06-04 11:37:07,803 | model_koubei.py | INFO  | 数据插入失败
2020-06-04 11:37:07,808 | model_koubei.py | INFO  | 车系：4502 口碑：2095860 数据获取中...
2020-06-04 11:37:08,157 | model_koubei.py | INFO  | 数据插入失败
2020-06-04 11:37:08,161 | model_koubei.py | INFO  | 车系：4502 口碑：2090933 数据获取中...
2020-06-04 11:37:08,422 | model_koubei.py | INFO  | 数据插入失败
2020-06-04 11:37:08,426 | model_koubei.py | INFO  | 车系：4502 口碑：2037817 数据获取中...
2020-06-04 11:37:08,493 | model_koubei.py | INFO  | 数据插入失败
2020-06-04 11:37:08,496 | model_koubei.py | INFO  | 车系：4502 口碑：1845940 数据获取中...
2020-06-04 11:37:08,807 | model_koubei.py | INFO  | 数据插入失败
2020-06-04 11:37:08,812 | model_koubei.py | INFO  | 车系：4502 口碑：2012573 数据获取中...
2020-06-04 11:37:09,133 | model_koubei.py | INFO  | 数据插入失败
2020-06-04 11:37:09,140 | model_koubei.py | INFO  | 车系：4502 口碑：1953992 数据获取中...
2020-06-04 11:37:09,208 | model_koubei.py | INFO  | 数据插入失败
2020-06-04 11:37:09,213 | model_koubei.py | INFO  | 车系：4502 口碑：1940344 数据获取中...
2020-06-04 11:37:09,264 | model_koubei.py | INFO  | 数据插入失败
2020-06-04 11:37:09,268 | model_koubei.py | INFO  | 车系：4502 口碑：1936571 数据获取中...
2020-06-04 11:37:09,546 | model_koubei.py | INFO  | 数据插入失败
2020-06-04 11:37:09,550 | model_koubei.py | INFO  | 车系：4502 口碑：1935401 数据获取中...
2020-06-04 11:37:09,617 | model_koubei.py | INFO  | 数据插入失败
2020-06-04 11:37:09,621 | model_koubei.py | INFO  | 车系：4502 口碑：1931110 数据获取中...
2020-06-04 11:37:09,675 | model_koubei.py | INFO  | 数据插入失败
2020-06-04 11:37:09,679 | model_koubei.py | INFO  | 车系：4502 口碑：1928654 数据获取中...
2020-06-04 11:37:09,741 | model_koubei.py | INFO  | 数据插入失败
2020-06-04 11:37:09,745 | model_koubei.py | INFO  | 车系：4502 口碑：1877130 数据获取中...
2020-06-04 11:37:09,810 | model_koubei.py | INFO  | 数据插入失败
2020-06-04 11:37:09,815 | model_koubei.py | INFO  | 车系：4502 口碑：1906330 数据获取中...
2020-06-04 11:37:09,916 | model_koubei.py | INFO  | 数据插入失败
2020-06-04 11:37:09,921 | model_koubei.py | INFO  | 车系：4502 口碑：1893568 数据获取中...
2020-06-04 11:38:33,481 | model_koubei.py | INFO  | 程序开始时间：2020-06-04 11:38:33.480056
2020-06-04 11:38:33,525 | model_koubei.py | INFO  | 车系：4502 口碑数据获取中...
2020-06-04 11:38:34,543 | model_koubei.py | INFO  | 车系：4502 口碑：1913830 数据获取中...
2020-06-04 11:38:35,235 | model_koubei.py | INFO  | 成功插入：True条数据
2020-06-04 11:38:35,240 | model_koubei.py | INFO  | 车系：4502 口碑：1975992 数据获取中...
2020-06-04 11:38:35,387 | model_koubei.py | INFO  | 车系：4502车型口碑ID列表获取完成。
2020-06-04 11:38:35,511 | model_koubei.py | INFO  | 成功插入：True条数据
2020-06-04 11:38:35,514 | model_koubei.py | INFO  | 车系：4502 口碑：1936376 数据获取中...
2020-06-04 11:38:35,817 | model_koubei.py | INFO  | 成功插入：True条数据
2020-06-04 11:38:35,824 | model_koubei.py | INFO  | 车系：4502 口碑：1827000 数据获取中...
2020-06-04 11:38:36,133 | model_koubei.py | INFO  | 成功插入：True条数据
2020-06-04 11:38:36,137 | model_koubei.py | INFO  | 车系：4502 口碑：2248874 数据获取中...
2020-06-04 11:38:36,439 | model_koubei.py | INFO  | 成功插入：True条数据
2020-06-04 11:38:36,446 | model_koubei.py | INFO  | 车系：4502 口碑：2228542 数据获取中...
2020-06-04 11:38:36,713 | model_koubei.py | INFO  | 成功插入：True条数据
2020-06-04 11:38:36,716 | model_koubei.py | INFO  | 车系：4502 口碑：2204366 数据获取中...
2020-06-04 11:38:36,969 | model_koubei.py | INFO  | 成功插入：True条数据
2020-06-04 11:38:36,978 | model_koubei.py | INFO  | 车系：4502 口碑：2128546 数据获取中...
2020-06-04 11:38:37,191 | model_koubei.py | INFO  | 成功插入：True条数据
2020-06-04 11:38:37,195 | model_koubei.py | INFO  | 车系：4502 口碑：2114301 数据获取中...
2020-06-04 11:38:37,376 | model_koubei.py | INFO  | 成功插入：True条数据
2020-06-04 11:38:37,379 | model_koubei.py | INFO  | 车系：4502 口碑：2043702 数据获取中...
2020-06-04 11:38:37,576 | model_koubei.py | INFO  | 成功插入：True条数据
2020-06-04 11:38:37,580 | model_koubei.py | INFO  | 车系：4502 口碑：1942738 数据获取中...
2020-06-04 11:38:37,741 | model_koubei.py | INFO  | 成功插入：True条数据
2020-06-04 11:38:37,745 | model_koubei.py | INFO  | 车系：4502 口碑：1928060 数据获取中...
2020-06-04 11:38:37,930 | model_koubei.py | INFO  | 成功插入：True条数据
2020-06-04 11:38:37,934 | model_koubei.py | INFO  | 车系：4502 口碑：1916638 数据获取中...
2020-06-04 11:38:38,108 | model_koubei.py | INFO  | 成功插入：True条数据
2020-06-04 11:38:38,111 | model_koubei.py | INFO  | 车系：4502 口碑：1906219 数据获取中...
2020-06-04 11:38:38,363 | model_koubei.py | INFO  | 成功插入：True条数据
2020-06-04 11:38:38,366 | model_koubei.py | INFO  | 车系：4502 口碑：1900526 数据获取中...
2020-06-04 11:38:38,595 | model_koubei.py | INFO  | 成功插入：True条数据
2020-06-04 11:38:38,599 | model_koubei.py | INFO  | 车系：4502 口碑：1886384 数据获取中...
2020-06-04 11:38:38,851 | model_koubei.py | INFO  | 成功插入：True条数据
2020-06-04 11:38:38,855 | model_koubei.py | INFO  | 车系：4502 口碑：1881044 数据获取中...
2020-06-04 11:38:39,102 | model_koubei.py | INFO  | 成功插入：True条数据
2020-06-04 11:38:39,106 | model_koubei.py | INFO  | 车系：4502 口碑：2619715 数据获取中...
2020-06-04 11:38:39,299 | model_koubei.py | INFO  | 成功插入：True条数据
2020-06-04 11:38:39,305 | model_koubei.py | INFO  | 车系：4502 口碑：2594085 数据获取中...
2020-06-04 11:38:39,465 | model_koubei.py | INFO  | 成功插入：True条数据
2020-06-04 11:38:39,468 | model_koubei.py | INFO  | 车系：4502 口碑：2173874 数据获取中...
2020-06-04 11:38:39,627 | model_koubei.py | INFO  | 成功插入：True条数据
2020-06-04 11:38:39,630 | model_koubei.py | INFO  | 车系：4502 口碑：2254636 数据获取中...
2020-06-04 11:38:39,794 | model_koubei.py | INFO  | 成功插入：True条数据
2020-06-04 11:38:39,797 | model_koubei.py | INFO  | 车系：4502 口碑：2254455 数据获取中...
2020-06-04 11:38:39,960 | model_koubei.py | INFO  | 成功插入：True条数据
2020-06-04 11:38:39,963 | model_koubei.py | INFO  | 车系：4502 口碑：2241818 数据获取中...
2020-06-04 11:38:40,537 | model_koubei.py | INFO  | 成功插入：True条数据
2020-06-04 11:38:40,541 | model_koubei.py | INFO  | 车系：4502 口碑：2202674 数据获取中...
2020-06-04 11:38:40,726 | model_koubei.py | INFO  | 成功插入：True条数据
2020-06-04 11:38:40,729 | model_koubei.py | INFO  | 车系：4502 口碑：2231379 数据获取中...
2020-06-04 11:38:40,893 | model_koubei.py | INFO  | 成功插入：True条数据
2020-06-04 11:38:40,897 | model_koubei.py | INFO  | 车系：4502 口碑：2218082 数据获取中...
2020-06-04 11:38:41,070 | model_koubei.py | INFO  | 成功插入：True条数据
2020-06-04 11:38:41,076 | model_koubei.py | INFO  | 车系：4502 口碑：2217507 数据获取中...
2020-06-04 11:38:41,240 | model_koubei.py | INFO  | 成功插入：True条数据
2020-06-04 11:38:41,245 | model_koubei.py | INFO  | 车系：4502 口碑：2190427 数据获取中...
2020-06-04 11:38:41,414 | model_koubei.py | INFO  | 成功插入：True条数据
2020-06-04 11:38:41,417 | model_koubei.py | INFO  | 车系：4502 口碑：2190351 数据获取中...
2020-06-04 11:38:41,570 | model_koubei.py | INFO  | 成功插入：True条数据
2020-06-04 11:38:41,579 | model_koubei.py | INFO  | 车系：4502 口碑：2176291 数据获取中...
2020-06-04 11:38:41,746 | model_koubei.py | INFO  | 成功插入：True条数据
2020-06-04 11:38:41,749 | model_koubei.py | INFO  | 车系：4502 口碑：2095860 数据获取中...
2020-06-04 11:38:41,934 | model_koubei.py | INFO  | 成功插入：True条数据
2020-06-04 11:38:41,938 | model_koubei.py | INFO  | 车系：4502 口碑：2090933 数据获取中...
2020-06-04 11:38:42,112 | model_koubei.py | INFO  | 成功插入：True条数据
2020-06-04 11:38:42,115 | model_koubei.py | INFO  | 车系：4502 口碑：2037817 数据获取中...
2020-06-04 11:38:42,280 | model_koubei.py | INFO  | 成功插入：True条数据
2020-06-04 11:38:42,288 | model_koubei.py | INFO  | 车系：4502 口碑：1845940 数据获取中...
2020-06-04 11:38:42,801 | model_koubei.py | INFO  | 成功插入：True条数据
2020-06-04 11:38:42,804 | model_koubei.py | INFO  | 车系：4502 口碑：2012573 数据获取中...
2020-06-04 11:38:42,945 | model_koubei.py | INFO  | 成功插入：True条数据
2020-06-04 11:38:42,947 | model_koubei.py | INFO  | 车系：4502 口碑：1953992 数据获取中...
2020-06-04 11:38:43,100 | model_koubei.py | INFO  | 成功插入：True条数据
2020-06-04 11:38:43,104 | model_koubei.py | INFO  | 车系：4502 口碑：1940344 数据获取中...
2020-06-04 11:38:43,246 | model_koubei.py | INFO  | 成功插入：True条数据
2020-06-04 11:38:43,254 | model_koubei.py | INFO  | 车系：4502 口碑：1936571 数据获取中...
2020-06-04 11:38:43,422 | model_koubei.py | INFO  | 成功插入：True条数据
2020-06-04 11:38:43,427 | model_koubei.py | INFO  | 车系：4502 口碑：1935401 数据获取中...
2020-06-04 11:38:43,594 | model_koubei.py | INFO  | 成功插入：True条数据
2020-06-04 11:38:43,599 | model_koubei.py | INFO  | 车系：4502 口碑：1931110 数据获取中...
2020-06-04 11:38:43,755 | model_koubei.py | INFO  | 成功插入：True条数据
2020-06-04 11:38:43,757 | model_koubei.py | INFO  | 车系：4502 口碑：1928654 数据获取中...
2020-06-04 11:38:43,903 | model_koubei.py | INFO  | 成功插入：True条数据
2020-06-04 11:38:43,907 | model_koubei.py | INFO  | 车系：4502 口碑：1877130 数据获取中...
2020-06-04 11:38:44,076 | model_koubei.py | INFO  | 成功插入：True条数据
2020-06-04 11:38:44,081 | model_koubei.py | INFO  | 车系：4502 口碑：1906330 数据获取中...
2020-06-04 11:38:44,242 | model_koubei.py | INFO  | 成功插入：True条数据
2020-06-04 11:38:44,246 | model_koubei.py | INFO  | 车系：4502 口碑：1893568 数据获取中...
2020-06-04 11:38:44,381 | model_koubei.py | INFO  | 成功插入：True条数据
2020-06-04 11:38:44,391 | model_koubei.py | INFO  | 车系：4502 口碑：1885708 数据获取中...
2020-06-04 11:38:44,556 | model_koubei.py | INFO  | 成功插入：True条数据
2020-06-04 11:38:44,566 | model_koubei.py | INFO  | 车系：4502 口碑：1878640 数据获取中...
2020-06-04 11:38:45,035 | model_koubei.py | INFO  | 成功插入：True条数据
2020-06-04 11:38:45,038 | model_koubei.py | INFO  | 车系：4502 口碑：1876521 数据获取中...
2020-06-04 11:38:45,196 | model_koubei.py | INFO  | 成功插入：True条数据
2020-06-04 11:38:45,200 | model_koubei.py | INFO  | 车系：4502 口碑：1869417 数据获取中...
2020-06-04 11:38:45,345 | model_koubei.py | INFO  | 成功插入：True条数据
2020-06-04 11:38:45,348 | model_koubei.py | INFO  | 车系：4502 口碑：1865659 数据获取中...
2020-06-04 11:38:45,534 | model_koubei.py | INFO  | 成功插入：True条数据
2020-06-04 11:38:45,537 | model_koubei.py | INFO  | 车系：4502 口碑：1865557 数据获取中...
2020-06-04 11:38:46,022 | model_koubei.py | INFO  | 成功插入：True条数据
2020-06-04 11:38:46,025 | model_koubei.py | INFO  | 车系：4502 口碑：1913830 数据获取中...
2020-06-04 11:38:46,195 | model_koubei.py | INFO  | 成功插入：True条数据
2020-06-04 11:38:46,198 | model_koubei.py | INFO  | 车系：4502 口碑：1975992 数据获取中...
2020-06-04 11:38:46,365 | model_koubei.py | INFO  | 成功插入：True条数据
2020-06-04 11:38:46,369 | model_koubei.py | INFO  | 车系：4502 口碑：1936376 数据获取中...
2020-06-04 11:38:46,544 | model_koubei.py | INFO  | 成功插入：True条数据
2020-06-04 11:38:46,553 | model_koubei.py | INFO  | 车系：4502 口碑：1827000 数据获取中...
2020-06-04 11:38:46,750 | model_koubei.py | INFO  | 成功插入：True条数据
2020-06-04 11:38:46,755 | model_koubei.py | INFO  | 车系：4502 口碑：2248874 数据获取中...
2020-06-04 11:38:46,928 | model_koubei.py | INFO  | 成功插入：True条数据
2020-06-04 11:38:46,931 | model_koubei.py | INFO  | 车系：4502 口碑：2228542 数据获取中...
2020-06-04 11:38:47,094 | model_koubei.py | INFO  | 成功插入：True条数据
2020-06-04 11:38:47,100 | model_koubei.py | INFO  | 车系：4502 口碑：2204366 数据获取中...
2020-06-04 11:38:47,349 | model_koubei.py | INFO  | 成功插入：True条数据
2020-06-04 11:38:47,354 | model_koubei.py | INFO  | 车系：4502 口碑：2128546 数据获取中...
2020-06-04 11:38:47,601 | model_koubei.py | INFO  | 成功插入：True条数据
2020-06-04 11:38:47,607 | model_koubei.py | INFO  | 车系：4502 口碑：2114301 数据获取中...
2020-06-04 11:38:47,806 | model_koubei.py | INFO  | 成功插入：True条数据
2020-06-04 11:38:47,820 | model_koubei.py | INFO  | 车系：4502 口碑：2043702 数据获取中...
2020-06-04 11:38:47,982 | model_koubei.py | INFO  | 成功插入：True条数据
2020-06-04 11:38:47,986 | model_koubei.py | INFO  | 车系：4502 口碑：1942738 数据获取中...
2020-06-04 11:38:48,184 | model_koubei.py | INFO  | 成功插入：True条数据
2020-06-04 11:38:48,192 | model_koubei.py | INFO  | 车系：4502 口碑：1928060 数据获取中...
2020-06-04 11:38:48,358 | model_koubei.py | INFO  | 成功插入：True条数据
2020-06-04 11:38:48,363 | model_koubei.py | INFO  | 车系：4502 口碑：1916638 数据获取中...
2020-06-04 11:38:48,543 | model_koubei.py | INFO  | 成功插入：True条数据
2020-06-04 11:38:48,548 | model_koubei.py | INFO  | 车系：4502 口碑：1906219 数据获取中...
2020-06-04 11:42:51,122 | model_koubei.py | INFO  | 程序开始时间：2020-06-04 11:42:51.120729
2020-06-04 11:42:52,534 | model_koubei.py | INFO  | 车系：4502 口碑数据获取中...
2020-06-04 11:43:04,196 | model_koubei.py | INFO  | 车系：4502 口碑：1913830 数据获取中...
2020-06-04 11:43:04,196 | model_koubei.py | INFO  | 车系：4502 口碑：1975992 数据获取中...
2020-06-04 11:43:04,197 | model_koubei.py | INFO  | 车系：4502 口碑：1936376 数据获取中...
2020-06-04 11:43:04,209 | model_koubei.py | INFO  | 车系：4502 口碑：1827000 数据获取中...
2020-06-04 11:43:04,210 | model_koubei.py | INFO  | 车系：4502 口碑：2248874 数据获取中...
2020-06-04 11:43:04,216 | model_koubei.py | INFO  | 车系：4502 口碑：2228542 数据获取中...
2020-06-04 11:43:04,219 | model_koubei.py | INFO  | 车系：4502 口碑：2204366 数据获取中...
2020-06-04 11:43:04,224 | model_koubei.py | INFO  | 车系：4502 口碑：2043702 数据获取中...
2020-06-04 11:43:04,225 | model_koubei.py | INFO  | 车系：4502 口碑：2114301 数据获取中...
2020-06-04 11:43:04,226 | model_koubei.py | INFO  | 车系：4502 口碑：2128546 数据获取中...
2020-06-04 11:43:06,191 | model_koubei.py | INFO  | 车系：4502 口碑：1942738 数据获取中...
2020-06-04 11:43:06,405 | model_koubei.py | INFO  | 车系：4502 口碑：1928060 数据获取中...
2020-06-04 11:43:06,743 | model_koubei.py | INFO  | 车系：4502 口碑：1916638 数据获取中...
2020-06-04 11:43:07,107 | model_koubei.py | INFO  | 车系：4502 口碑：1906219 数据获取中...
2020-06-04 11:43:07,324 | model_koubei.py | INFO  | 车系：4502 口碑：1900526 数据获取中...
2020-06-04 11:43:07,502 | model_koubei.py | INFO  | 车系：4502 口碑：1886384 数据获取中...
2020-06-04 11:43:07,634 | model_koubei.py | INFO  | 车系：4502 口碑：1881044 数据获取中...
2020-06-04 11:43:07,775 | model_koubei.py | INFO  | 车系：4502 口碑：2619715 数据获取中...
2020-06-04 11:43:07,921 | model_koubei.py | INFO  | 车系：4502 口碑：2594085 数据获取中...
2020-06-04 11:43:08,076 | model_koubei.py | INFO  | 车系：4502 口碑：2173874 数据获取中...
2020-06-04 11:43:08,222 | model_koubei.py | INFO  | 车系：4502 口碑：2254636 数据获取中...
2020-06-04 11:43:08,354 | model_koubei.py | INFO  | 车系：4502 口碑：2254455 数据获取中...
2020-06-04 11:43:08,357 | model_koubei.py | INFO  | 车系：4502车型口碑ID列表获取完成。
2020-06-04 11:43:08,489 | model_koubei.py | INFO  | 车系：4502 口碑：2241818 数据获取中...
2020-06-04 11:43:08,676 | model_koubei.py | INFO  | 车系：4502 口碑：2202674 数据获取中...
2020-06-04 11:43:08,842 | model_koubei.py | INFO  | 车系：4502 口碑：2231379 数据获取中...
2020-06-04 11:43:08,986 | model_koubei.py | INFO  | 车系：4502 口碑：2218082 数据获取中...
2020-06-04 11:43:09,101 | model_koubei.py | INFO  | 车系：4502 口碑：2217507 数据获取中...
2020-06-04 11:43:09,190 | model_koubei.py | INFO  | 车系：4502 口碑：2190427 数据获取中...
2020-06-04 11:43:09,313 | model_koubei.py | INFO  | 车系：4502 口碑：2190351 数据获取中...
2020-06-04 11:43:09,446 | model_koubei.py | INFO  | 车系：4502 口碑：2176291 数据获取中...
2020-06-04 11:43:09,547 | model_koubei.py | INFO  | 车系：4502 口碑：2095860 数据获取中...
2020-06-04 11:43:09,667 | model_koubei.py | INFO  | 车系：4502 口碑：2090933 数据获取中...
2020-06-04 11:43:09,807 | model_koubei.py | INFO  | 车系：4502 口碑：2037817 数据获取中...
2020-06-04 11:43:09,885 | model_koubei.py | INFO  | 车系：4502 口碑：1845940 数据获取中...
2020-06-04 11:43:09,975 | model_koubei.py | INFO  | 车系：4502 口碑：2012573 数据获取中...
2020-06-04 11:43:10,072 | model_koubei.py | INFO  | 车系：4502 口碑：1953992 数据获取中...
2020-06-04 11:43:10,186 | model_koubei.py | INFO  | 车系：4502 口碑：1940344 数据获取中...
2020-06-04 11:43:10,306 | model_koubei.py | INFO  | 车系：4502 口碑：1936571 数据获取中...
2020-06-04 11:43:10,417 | model_koubei.py | INFO  | 车系：4502 口碑：1935401 数据获取中...
2020-06-04 11:43:10,518 | model_koubei.py | INFO  | 车系：4502 口碑：1931110 数据获取中...
2020-06-04 11:43:10,656 | model_koubei.py | INFO  | 车系：4502 口碑：1928654 数据获取中...
2020-06-04 11:43:10,775 | model_koubei.py | INFO  | 车系：4502 口碑：1877130 数据获取中...
2020-06-04 11:43:10,894 | model_koubei.py | INFO  | 车系：4502 口碑：1906330 数据获取中...
2020-06-04 11:43:11,027 | model_koubei.py | INFO  | 车系：4502 口碑：1893568 数据获取中...
2020-06-04 11:43:11,137 | model_koubei.py | INFO  | 车系：4502 口碑：1885708 数据获取中...
2020-06-04 11:43:11,238 | model_koubei.py | INFO  | 车系：4502 口碑：1878640 数据获取中...
2020-06-04 11:43:11,327 | model_koubei.py | INFO  | 车系：4502 口碑：1876521 数据获取中...
2020-06-04 11:43:11,414 | model_koubei.py | INFO  | 车系：4502 口碑：1869417 数据获取中...
2020-06-04 11:43:11,537 | model_koubei.py | INFO  | 车系：4502 口碑：1865659 数据获取中...
2020-06-04 11:43:11,636 | model_koubei.py | INFO  | 车系：4502 口碑：1865557 数据获取中...
2020-06-04 11:43:11,771 | model_koubei.py | INFO  | 车系：4502 口碑：1913830 数据获取中...
2020-06-04 11:43:11,888 | model_koubei.py | INFO  | 车系：4502 口碑：1975992 数据获取中...
2020-06-04 11:43:11,987 | model_koubei.py | INFO  | 车系：4502 口碑：1936376 数据获取中...
2020-06-04 11:43:12,126 | model_koubei.py | INFO  | 车系：4502 口碑：1827000 数据获取中...
2020-06-04 11:43:12,214 | model_koubei.py | INFO  | 车系：4502 口碑：2248874 数据获取中...
2020-06-04 11:43:12,341 | model_koubei.py | INFO  | 车系：4502 口碑：2228542 数据获取中...
2020-06-04 11:43:12,437 | model_koubei.py | INFO  | 车系：4502 口碑：2204366 数据获取中...
2020-06-04 11:43:12,525 | model_koubei.py | INFO  | 车系：4502 口碑：2128546 数据获取中...
2020-06-04 11:43:12,628 | model_koubei.py | INFO  | 车系：4502 口碑：2114301 数据获取中...
2020-06-04 11:43:12,714 | model_koubei.py | INFO  | 车系：4502 口碑：2043702 数据获取中...
2020-06-04 11:43:12,826 | model_koubei.py | INFO  | 车系：4502 口碑：1942738 数据获取中...
2020-06-04 11:43:12,937 | model_koubei.py | INFO  | 车系：4502 口碑：1928060 数据获取中...
2020-06-04 11:43:13,035 | model_koubei.py | INFO  | 车系：4502 口碑：1916638 数据获取中...
2020-06-04 11:43:13,157 | model_koubei.py | INFO  | 车系：4502 口碑：1906219 数据获取中...
2020-06-04 11:43:13,256 | model_koubei.py | INFO  | 车系：4502 口碑：1900526 数据获取中...
2020-06-04 11:43:13,395 | model_koubei.py | INFO  | 车系：4502 口碑：1886384 数据获取中...
2020-06-04 11:43:13,505 | model_koubei.py | INFO  | 车系：4502 口碑：1881044 数据获取中...
2020-06-04 11:43:13,658 | model_koubei.py | INFO  | 车系：4502 口碑：2619715 数据获取中...
2020-06-04 11:43:13,778 | model_koubei.py | INFO  | 车系：4502 口碑：2594085 数据获取中...
2020-06-04 11:43:13,891 | model_koubei.py | INFO  | 车系：4502 口碑：2173874 数据获取中...
2020-06-04 11:43:13,977 | model_koubei.py | INFO  | 车系：4502 口碑：2254636 数据获取中...
2020-06-04 11:43:14,078 | model_koubei.py | INFO  | 车系：4502 口碑：2254455 数据获取中...
2020-06-04 11:43:14,188 | model_koubei.py | INFO  | 车系：4502 口碑：2241818 数据获取中...
2020-06-04 11:43:14,287 | model_koubei.py | INFO  | 车系：4502 口碑：2202674 数据获取中...
2020-06-04 11:43:14,410 | model_koubei.py | INFO  | 车系：4502 口碑：2231379 数据获取中...
2020-06-04 11:43:14,510 | model_koubei.py | INFO  | 车系：4502 口碑：2218082 数据获取中...
2020-06-04 11:43:14,610 | model_koubei.py | INFO  | 车系：4502 口碑：2217507 数据获取中...
2020-06-04 11:43:14,744 | model_koubei.py | INFO  | 车系：4502 口碑：2190427 数据获取中...
2020-06-04 11:43:14,754 | model_koubei.py | INFO  | 车系：4502 口碑：2190351 数据获取中...
2020-06-04 11:43:14,881 | model_koubei.py | INFO  | 车系：4502 口碑：2176291 数据获取中...
2020-06-04 11:43:14,978 | model_koubei.py | INFO  | 车系：4502 口碑：2095860 数据获取中...
2020-06-04 11:43:15,088 | model_koubei.py | INFO  | 车系：4502 口碑：2090933 数据获取中...
2020-06-04 11:43:15,190 | model_koubei.py | INFO  | 车系：4502 口碑：2037817 数据获取中...
2020-06-04 11:43:15,286 | model_koubei.py | INFO  | 车系：4502 口碑：1845940 数据获取中...
2020-06-04 11:43:15,393 | model_koubei.py | INFO  | 车系：4502 口碑：2012573 数据获取中...
2020-06-04 11:43:15,514 | model_koubei.py | INFO  | 车系：4502 口碑：1953992 数据获取中...
2020-06-04 11:43:15,654 | model_koubei.py | INFO  | 车系：4502 口碑：1940344 数据获取中...
2020-06-04 11:43:15,764 | model_koubei.py | INFO  | 车系：4502 口碑：1936571 数据获取中...
2020-06-04 11:43:15,876 | model_koubei.py | INFO  | 车系：4502 口碑：1935401 数据获取中...
2020-06-04 11:43:16,000 | model_koubei.py | INFO  | 车系：4502 口碑：1931110 数据获取中...
2020-06-04 11:43:16,142 | model_koubei.py | INFO  | 车系：4502 口碑：1928654 数据获取中...
2020-06-04 11:43:16,275 | model_koubei.py | INFO  | 车系：4502 口碑：1877130 数据获取中...
2020-06-04 11:43:16,382 | model_koubei.py | INFO  | 车系：4502 口碑：1906330 数据获取中...
2020-06-04 11:43:16,496 | model_koubei.py | INFO  | 车系：4502 口碑：1893568 数据获取中...
2020-06-04 11:43:16,607 | model_koubei.py | INFO  | 车系：4502 口碑：1885708 数据获取中...
2020-06-04 11:43:16,720 | model_koubei.py | INFO  | 车系：4502 口碑：1878640 数据获取中...
2020-06-04 11:43:16,820 | model_koubei.py | INFO  | 车系：4502 口碑：1876521 数据获取中...
2020-06-04 11:43:16,955 | model_koubei.py | INFO  | 车系：4502 口碑：1869417 数据获取中...
2020-06-04 11:43:17,056 | model_koubei.py | INFO  | 车系：4502 口碑：1865659 数据获取中...
2020-06-04 11:43:17,146 | model_koubei.py | INFO  | 车系：4502 口碑：1865557 数据获取中...
2020-06-04 11:43:17,252 | model_koubei.py | INFO  | 车系：4502 口碑：1856612 数据获取中...
2020-06-04 11:43:17,356 | model_koubei.py | INFO  | 车系：4502 口碑：1854991 数据获取中...
2020-06-04 11:43:17,485 | model_koubei.py | INFO  | 车系：4502 口碑：2138879 数据获取中...
2020-06-04 11:43:17,637 | model_koubei.py | INFO  | 车系：4502 口碑：2107051 数据获取中...
2020-06-04 11:43:17,747 | model_koubei.py | INFO  | 车系：4502 口碑：2092796 数据获取中...
2020-06-04 11:43:17,860 | model_koubei.py | INFO  | 车系：4502 口碑：2052761 数据获取中...
2020-06-04 11:43:17,977 | model_koubei.py | INFO  | 车系：4502 口碑：2035878 数据获取中...
2020-06-04 11:43:18,093 | model_koubei.py | INFO  | 车系：4502 口碑：2056803 数据获取中...
2020-06-04 11:43:18,127 | model_koubei.py | INFO  | 车系：4502 口碑：2136030 数据获取中...
2020-06-04 11:43:18,227 | model_koubei.py | INFO  | 车系：4502 口碑：1963558 数据获取中...
2020-06-04 11:43:18,253 | model_koubei.py | INFO  | 车系：4502 口碑：1868804 数据获取中...
2020-06-04 11:43:18,350 | model_koubei.py | INFO  | 车系：4502 口碑：2412782 数据获取中...
2020-06-04 11:43:18,472 | model_koubei.py | INFO  | 车系：4502 口碑：2203694 数据获取中...
2020-06-04 11:43:18,582 | model_koubei.py | INFO  | 车系：4502 口碑：2177908 数据获取中...
2020-06-04 11:43:18,726 | model_koubei.py | INFO  | 车系：4502 口碑：2138720 数据获取中...
2020-06-04 11:43:18,926 | model_koubei.py | INFO  | 车系：4502 口碑：2089923 数据获取中...
2020-06-04 11:43:19,093 | model_koubei.py | INFO  | 车系：4502 口碑：2065440 数据获取中...
2020-06-04 11:43:19,258 | model_koubei.py | INFO  | 车系：4502 口碑：2041785 数据获取中...
2020-06-04 11:43:19,364 | model_koubei.py | INFO  | 车系：4502 口碑：2041638 数据获取中...
2020-06-04 11:43:19,486 | model_koubei.py | INFO  | 车系：4502 口碑：2040982 数据获取中...
2020-06-04 11:43:19,603 | model_koubei.py | INFO  | 车系：4502 口碑：1970316 数据获取中...
2020-06-04 11:43:19,718 | model_koubei.py | INFO  | 车系：4502 口碑：1964583 数据获取中...
2020-06-04 11:43:19,877 | model_koubei.py | INFO  | 车系：4502 口碑：1953134 数据获取中...
2020-06-04 11:43:19,973 | model_koubei.py | INFO  | 车系：4502 口碑：1940248 数据获取中...
2020-06-04 11:43:20,069 | model_koubei.py | INFO  | 车系：4502 口碑：1937777 数据获取中...
2020-06-04 11:43:20,205 | model_koubei.py | INFO  | 车系：4502 口碑：1926293 数据获取中...
2020-06-04 11:43:21,790 | model_koubei.py | INFO  | 车系：4502 口碑数据获取完成!
2020-06-04 11:43:21,792 | model_koubei.py | INFO  | 程序结束时间：2020-06-04 11:43:21.792136
2020-06-04 11:43:21,792 | model_koubei.py | INFO  | 程序执行用时：0:00:30.671407s
2020-06-04 11:47:34,136 | model_koubei.py | INFO  | 程序开始时间：2020-06-04 11:47:34.135123
2020-06-04 11:47:34,175 | model_koubei.py | INFO  | 车系：4502 口碑数据获取中...
2020-06-04 11:47:35,330 | model_koubei.py | INFO  | 车系：4502 口碑：1913830 数据获取中...
2020-06-04 11:47:35,979 | model_koubei.py | INFO  | 车系：4502车型口碑ID列表获取完成。
2020-06-04 11:47:36,202 | model_koubei.py | INFO  | 车系：4502 口碑：1913830 数据保存成功!
2020-06-04 11:47:37,206 | model_koubei.py | INFO  | 车系：4502 口碑：1975992 数据获取中...
2020-06-04 11:47:37,529 | model_koubei.py | INFO  | 车系：4502 口碑：1975992 数据保存成功!
2020-06-04 11:47:38,537 | model_koubei.py | INFO  | 车系：4502 口碑：1936376 数据获取中...
2020-06-04 11:47:38,871 | model_koubei.py | INFO  | 车系：4502 口碑：1936376 数据保存成功!
2020-06-04 11:47:39,879 | model_koubei.py | INFO  | 车系：4502 口碑：1827000 数据获取中...
2020-06-04 11:47:40,238 | model_koubei.py | INFO  | 车系：4502 口碑：1827000 数据保存成功!
2020-06-04 11:47:41,243 | model_koubei.py | INFO  | 车系：4502 口碑：2248874 数据获取中...
2020-06-04 11:47:41,559 | model_koubei.py | INFO  | 车系：4502 口碑：2248874 数据保存成功!
2020-06-04 11:47:42,565 | model_koubei.py | INFO  | 车系：4502 口碑：2228542 数据获取中...
2020-06-04 11:47:42,844 | model_koubei.py | INFO  | 车系：4502 口碑：2228542 数据保存成功!
2020-06-04 11:47:43,851 | model_koubei.py | INFO  | 车系：4502 口碑：2204366 数据获取中...
2020-06-04 11:47:44,078 | model_koubei.py | INFO  | 车系：4502 口碑：2204366 数据保存成功!
2020-06-04 11:47:45,082 | model_koubei.py | INFO  | 车系：4502 口碑：2128546 数据获取中...
2020-06-04 11:47:45,328 | model_koubei.py | INFO  | 车系：4502 口碑：2128546 数据保存成功!
2020-06-04 11:47:46,331 | model_koubei.py | INFO  | 车系：4502 口碑：2114301 数据获取中...
2020-06-04 11:48:43,056 | model_koubei.py | INFO  | 程序开始时间：2020-06-04 11:48:43.055997
2020-06-04 11:48:44,754 | model_koubei.py | INFO  | 车系：4502 口碑数据获取中...
2020-06-04 11:48:57,536 | model_koubei.py | INFO  | 车系：4502 口碑：1913830 数据获取中...
2020-06-04 11:48:57,537 | model_koubei.py | INFO  | 车系：4502 口碑：1936376 数据获取中...
2020-06-04 11:48:57,553 | model_koubei.py | INFO  | 车系：4502 口碑：1827000 数据获取中...
2020-06-04 11:48:57,568 | model_koubei.py | INFO  | 车系：4502 口碑：2204366 数据获取中...
2020-06-04 11:48:57,569 | model_koubei.py | INFO  | 车系：4502 口碑：2114301 数据获取中...
2020-06-04 11:48:57,571 | model_koubei.py | INFO  | 车系：4502 口碑：2043702 数据获取中...
2020-06-04 11:48:57,575 | model_koubei.py | INFO  | 车系：4502 口碑：2248874 数据获取中...
2020-06-04 11:48:57,581 | model_koubei.py | INFO  | 车系：4502 口碑：2128546 数据获取中...
2020-06-04 11:48:57,623 | model_koubei.py | INFO  | 车系：4502 口碑：2228542 数据获取中...
2020-06-04 11:48:59,275 | model_koubei.py | INFO  | 车系：4502 口碑：2128546 数据保存成功!
2020-06-04 11:48:59,393 | model_koubei.py | INFO  | 车系：4502 口碑：2248874 数据保存成功!
2020-06-04 11:48:59,531 | model_koubei.py | INFO  | 车系：4502 口碑：2228542 数据保存成功!
2020-06-04 11:48:59,626 | model_koubei.py | INFO  | 车系：4502 口碑：2043702 数据保存成功!
2020-06-04 11:48:59,748 | model_koubei.py | INFO  | 车系：4502 口碑：2114301 数据保存成功!
2020-06-04 11:48:59,874 | model_koubei.py | INFO  | 车系：4502 口碑：1936376 数据保存成功!
2020-06-04 11:48:59,993 | model_koubei.py | INFO  | 车系：4502 口碑：1827000 数据保存成功!
2020-06-04 11:49:00,126 | model_koubei.py | INFO  | 车系：4502 口碑：2204366 数据保存成功!
2020-06-04 11:49:00,259 | model_koubei.py | INFO  | 车系：4502 口碑：1975992 数据保存成功!
2020-06-04 11:49:00,278 | model_koubei.py | INFO  | 车系：4502 口碑：1942738 数据获取中...
2020-06-04 11:49:00,396 | model_koubei.py | INFO  | 车系：4502 口碑：1928060 数据获取中...
2020-06-04 11:49:00,440 | model_koubei.py | INFO  | 车系：4502 口碑：1913830 数据保存成功!
2020-06-04 11:49:00,533 | model_koubei.py | INFO  | 车系：4502 口碑：1916638 数据获取中...
2020-06-04 11:49:00,584 | model_koubei.py | INFO  | 车系：4502 口碑：1942738 数据保存成功!
2020-06-04 11:49:00,628 | model_koubei.py | INFO  | 车系：4502 口碑：1906219 数据获取中...
2020-06-04 11:49:00,752 | model_koubei.py | INFO  | 车系：4502 口碑：1900526 数据获取中...
2020-06-04 11:49:00,879 | model_koubei.py | INFO  | 车系：4502 口碑：1886384 数据获取中...
2020-06-04 11:49:00,940 | model_koubei.py | INFO  | 车系：4502 口碑：1928060 数据保存成功!
2020-06-04 11:49:00,996 | model_koubei.py | INFO  | 车系：4502 口碑：1881044 数据获取中...
2020-06-04 11:49:01,080 | model_koubei.py | INFO  | 车系：4502 口碑：1916638 数据保存成功!
2020-06-04 11:49:01,129 | model_koubei.py | INFO  | 车系：4502 口碑：2619715 数据获取中...
2020-06-04 11:49:01,207 | model_koubei.py | INFO  | 车系：4502 口碑：1906219 数据保存成功!
2020-06-04 11:49:01,262 | model_koubei.py | INFO  | 车系：4502 口碑：2594085 数据获取中...
2020-06-04 11:49:01,340 | model_koubei.py | INFO  | 车系：4502 口碑：1900526 数据保存成功!
2020-06-04 11:49:01,444 | model_koubei.py | INFO  | 车系：4502 口碑：2173874 数据获取中...
2020-06-04 11:49:01,456 | model_koubei.py | INFO  | 车系：4502 口碑：2619715 数据保存成功!
2020-06-04 11:49:01,588 | model_koubei.py | INFO  | 车系：4502 口碑：2254636 数据获取中...
2020-06-04 11:49:01,590 | model_koubei.py | INFO  | 车系：4502 口碑：1886384 数据保存成功!
2020-06-04 11:49:01,701 | model_koubei.py | INFO  | 车系：4502 口碑：2594085 数据保存成功!
2020-06-04 11:49:01,845 | model_koubei.py | INFO  | 车系：4502 口碑：1881044 数据保存成功!
2020-06-04 11:49:01,945 | model_koubei.py | INFO  | 车系：4502 口碑：2254455 数据获取中...
2020-06-04 11:49:01,967 | model_koubei.py | INFO  | 车系：4502 口碑：2173874 数据保存成功!
2020-06-04 11:49:02,073 | model_koubei.py | INFO  | 车系：4502 口碑：2254636 数据保存成功!
2020-06-04 11:49:02,087 | model_koubei.py | INFO  | 车系：4502 口碑：2241818 数据获取中...
2020-06-04 11:49:02,211 | model_koubei.py | INFO  | 车系：4502 口碑：2202674 数据获取中...
2020-06-04 11:49:02,239 | model_koubei.py | INFO  | 车系：4502 口碑：2254455 数据保存成功!
2020-06-04 11:49:02,343 | model_koubei.py | INFO  | 车系：4502 口碑：2231379 数据获取中...
2020-06-04 11:49:02,344 | model_koubei.py | INFO  | 车系：4502 口碑：2241818 数据保存成功!
2020-06-04 11:49:02,459 | model_koubei.py | INFO  | 车系：4502 口碑：2218082 数据获取中...
2020-06-04 11:49:02,598 | model_koubei.py | INFO  | 车系：4502 口碑：2217507 数据获取中...
2020-06-04 11:49:02,706 | model_koubei.py | INFO  | 车系：4502 口碑：2190427 数据获取中...
2020-06-04 11:49:02,710 | model_koubei.py | INFO  | 车系：4502 口碑：2202674 数据保存成功!
2020-06-04 11:49:02,833 | model_koubei.py | INFO  | 车系：4502 口碑：2231379 数据保存成功!
2020-06-04 11:49:02,850 | model_koubei.py | INFO  | 车系：4502 口碑：2190351 数据获取中...
2020-06-04 11:49:02,971 | model_koubei.py | INFO  | 车系：4502 口碑：2176291 数据获取中...
2020-06-04 11:49:03,003 | model_koubei.py | INFO  | 车系：4502 口碑：2218082 数据保存成功!
2020-06-04 11:49:03,077 | model_koubei.py | INFO  | 车系：4502 口碑：2095860 数据获取中...
2020-06-04 11:49:03,155 | model_koubei.py | INFO  | 车系：4502 口碑：2217507 数据保存成功!
2020-06-04 11:49:03,244 | model_koubei.py | INFO  | 车系：4502 口碑：2090933 数据获取中...
2020-06-04 11:49:03,288 | model_koubei.py | INFO  | 车系：4502 口碑：2190351 数据保存成功!
2020-06-04 11:49:03,348 | model_koubei.py | INFO  | 车系：4502 口碑：2037817 数据获取中...
2020-06-04 11:49:03,409 | model_koubei.py | INFO  | 车系：4502 口碑：2176291 数据保存成功!
2020-06-04 11:49:03,520 | model_koubei.py | INFO  | 车系：4502 口碑：2090933 数据保存成功!
2020-06-04 11:49:03,643 | model_koubei.py | INFO  | 车系：4502 口碑：2190427 数据保存成功!
2020-06-04 11:49:03,714 | model_koubei.py | INFO  | 车系：4502 口碑：1845940 数据获取中...
2020-06-04 11:49:03,780 | model_koubei.py | INFO  | 车系：4502 口碑：2095860 数据保存成功!
2020-06-04 11:49:03,813 | model_koubei.py | INFO  | 车系：4502车型口碑ID列表获取完成。
2020-06-04 11:49:03,835 | model_koubei.py | INFO  | 车系：4502 口碑：2012573 数据获取中...
2020-06-04 11:49:03,931 | model_koubei.py | INFO  | 车系：4502 口碑：1845940 数据保存成功!
2020-06-04 11:49:04,008 | model_koubei.py | INFO  | 车系：4502 口碑：1953992 数据获取中...
2020-06-04 11:49:04,035 | model_koubei.py | INFO  | 车系：4502 口碑：2012573 数据保存成功!
2020-06-04 11:49:04,135 | model_koubei.py | INFO  | 车系：4502 口碑：2037817 数据保存成功!
2020-06-04 11:49:04,159 | model_koubei.py | INFO  | 车系：4502 口碑：1940344 数据获取中...
2020-06-04 11:49:04,292 | model_koubei.py | INFO  | 车系：4502 口碑：1936571 数据获取中...
2020-06-04 11:49:04,397 | model_koubei.py | INFO  | 车系：4502 口碑：1953992 数据保存成功!
2020-06-04 11:49:04,414 | model_koubei.py | INFO  | 车系：4502 口碑：1935401 数据获取中...
2020-06-04 11:49:04,496 | model_koubei.py | INFO  | 车系：4502 口碑：1936571 数据保存成功!
2020-06-04 11:49:04,523 | model_koubei.py | INFO  | 车系：4502 口碑：1931110 数据获取中...
2020-06-04 11:49:04,652 | model_koubei.py | INFO  | 车系：4502 口碑：1928654 数据获取中...
2020-06-04 11:49:04,718 | model_koubei.py | INFO  | 车系：4502 口碑：1940344 数据保存成功!
2020-06-04 11:49:04,786 | model_koubei.py | INFO  | 车系：4502 口碑：1877130 数据获取中...
2020-06-04 11:49:04,885 | model_koubei.py | INFO  | 车系：4502 口碑：1935401 数据保存成功!
2020-06-04 11:49:04,936 | model_koubei.py | INFO  | 车系：4502 口碑：1906330 数据获取中...
2020-06-04 11:49:05,039 | model_koubei.py | INFO  | 车系：4502 口碑：1893568 数据获取中...
2020-06-04 11:49:05,044 | model_koubei.py | INFO  | 车系：4502 口碑：1931110 数据保存成功!
2020-06-04 11:49:05,138 | model_koubei.py | INFO  | 车系：4502 口碑：1885708 数据获取中...
2020-06-04 11:49:05,140 | model_koubei.py | INFO  | 车系：4502 口碑：1906330 数据保存成功!
2020-06-04 11:49:05,252 | model_koubei.py | INFO  | 车系：4502 口碑：1928654 数据保存成功!
2020-06-04 11:49:05,384 | model_koubei.py | INFO  | 车系：4502 口碑：1893568 数据保存成功!
2020-06-04 11:49:05,401 | model_koubei.py | INFO  | 车系：4502 口碑：1878640 数据获取中...
2020-06-04 11:49:05,484 | model_koubei.py | INFO  | 车系：4502 口碑：1877130 数据保存成功!
2020-06-04 11:49:05,501 | model_koubei.py | INFO  | 车系：4502 口碑：1876521 数据获取中...
2020-06-04 11:49:05,606 | model_koubei.py | INFO  | 车系：4502 口碑：1878640 数据保存成功!
2020-06-04 11:49:05,695 | model_koubei.py | INFO  | 车系：4502 口碑：1885708 数据保存成功!
2020-06-04 11:49:05,723 | model_koubei.py | INFO  | 车系：4502 口碑：1869417 数据获取中...
2020-06-04 11:49:05,822 | model_koubei.py | INFO  | 车系：4502 口碑：1876521 数据保存成功!
2020-06-04 11:49:05,887 | model_koubei.py | INFO  | 车系：4502 口碑：1865659 数据获取中...
2020-06-04 11:49:06,051 | model_koubei.py | INFO  | 车系：4502 口碑：1865557 数据获取中...
2020-06-04 11:49:06,072 | model_koubei.py | INFO  | 车系：4502 口碑：1869417 数据保存成功!
2020-06-04 11:49:06,150 | model_koubei.py | INFO  | 1913830 已获取跳过!
2020-06-04 11:49:06,154 | model_koubei.py | INFO  | 1975992 已获取跳过!
2020-06-04 11:49:06,158 | model_koubei.py | INFO  | 1936376 已获取跳过!
2020-06-04 11:49:06,160 | model_koubei.py | INFO  | 1827000 已获取跳过!
2020-06-04 11:49:06,162 | model_koubei.py | INFO  | 2248874 已获取跳过!
2020-06-04 11:49:06,165 | model_koubei.py | INFO  | 2228542 已获取跳过!
2020-06-04 11:49:06,167 | model_koubei.py | INFO  | 2204366 已获取跳过!
2020-06-04 11:49:06,169 | model_koubei.py | INFO  | 2128546 已获取跳过!
2020-06-04 11:49:06,171 | model_koubei.py | INFO  | 2114301 已获取跳过!
2020-06-04 11:49:06,174 | model_koubei.py | INFO  | 2043702 已获取跳过!
2020-06-04 11:49:06,176 | model_koubei.py | INFO  | 1942738 已获取跳过!
2020-06-04 11:49:06,177 | model_koubei.py | INFO  | 1928060 已获取跳过!
2020-06-04 11:49:06,179 | model_koubei.py | INFO  | 1916638 已获取跳过!
2020-06-04 11:49:06,181 | model_koubei.py | INFO  | 1906219 已获取跳过!
2020-06-04 11:49:06,184 | model_koubei.py | INFO  | 1900526 已获取跳过!
2020-06-04 11:49:06,186 | model_koubei.py | INFO  | 1886384 已获取跳过!
2020-06-04 11:49:06,187 | model_koubei.py | INFO  | 1881044 已获取跳过!
2020-06-04 11:49:06,189 | model_koubei.py | INFO  | 2619715 已获取跳过!
2020-06-04 11:49:06,191 | model_koubei.py | INFO  | 2594085 已获取跳过!
2020-06-04 11:49:06,193 | model_koubei.py | INFO  | 2173874 已获取跳过!
2020-06-04 11:49:06,193 | model_koubei.py | INFO  | 车系：4502 口碑：1865659 数据保存成功!
2020-06-04 11:49:06,195 | model_koubei.py | INFO  | 2254636 已获取跳过!
2020-06-04 11:49:06,198 | model_koubei.py | INFO  | 2254455 已获取跳过!
2020-06-04 11:49:06,200 | model_koubei.py | INFO  | 2241818 已获取跳过!
2020-06-04 11:49:06,202 | model_koubei.py | INFO  | 2202674 已获取跳过!
2020-06-04 11:49:06,205 | model_koubei.py | INFO  | 2231379 已获取跳过!
2020-06-04 11:49:06,207 | model_koubei.py | INFO  | 2218082 已获取跳过!
2020-06-04 11:49:06,209 | model_koubei.py | INFO  | 2217507 已获取跳过!
2020-06-04 11:49:06,211 | model_koubei.py | INFO  | 2190427 已获取跳过!
2020-06-04 11:49:06,213 | model_koubei.py | INFO  | 2190351 已获取跳过!
2020-06-04 11:49:06,215 | model_koubei.py | INFO  | 2176291 已获取跳过!
2020-06-04 11:49:06,217 | model_koubei.py | INFO  | 2095860 已获取跳过!
2020-06-04 11:49:06,219 | model_koubei.py | INFO  | 2090933 已获取跳过!
2020-06-04 11:49:06,221 | model_koubei.py | INFO  | 2037817 已获取跳过!
2020-06-04 11:49:06,223 | model_koubei.py | INFO  | 1845940 已获取跳过!
2020-06-04 11:49:06,225 | model_koubei.py | INFO  | 2012573 已获取跳过!
2020-06-04 11:49:06,227 | model_koubei.py | INFO  | 1953992 已获取跳过!
2020-06-04 11:49:06,230 | model_koubei.py | INFO  | 1940344 已获取跳过!
2020-06-04 11:49:06,232 | model_koubei.py | INFO  | 1936571 已获取跳过!
2020-06-04 11:49:06,233 | model_koubei.py | INFO  | 1935401 已获取跳过!
2020-06-04 11:49:06,237 | model_koubei.py | INFO  | 1931110 已获取跳过!
2020-06-04 11:49:06,239 | model_koubei.py | INFO  | 1928654 已获取跳过!
2020-06-04 11:49:06,241 | model_koubei.py | INFO  | 1877130 已获取跳过!
2020-06-04 11:49:06,243 | model_koubei.py | INFO  | 1906330 已获取跳过!
2020-06-04 11:49:06,245 | model_koubei.py | INFO  | 1893568 已获取跳过!
2020-06-04 11:49:06,247 | model_koubei.py | INFO  | 1885708 已获取跳过!
2020-06-04 11:49:06,248 | model_koubei.py | INFO  | 1878640 已获取跳过!
2020-06-04 11:49:06,252 | model_koubei.py | INFO  | 1876521 已获取跳过!
2020-06-04 11:49:06,255 | model_koubei.py | INFO  | 1869417 已获取跳过!
2020-06-04 11:49:06,259 | model_koubei.py | INFO  | 1865659 已获取跳过!
5557 数据获取中...
2020-06-04 11:49:06,267 | model_koubei.py | INFO  | 车系：4502 口碑：1856612 数据获取中...
2020-06-04 11:49:06,284 | model_koubei.py | INFO  | 车系：4502 口碑：1865557 数据保存成功!
2020-06-04 11:49:06,387 | model_koubei.py | INFO  | 车系：4502 口碑：1854991 数据获取中...
2020-06-04 11:49:06,483 | model_koubei.py | INFO  | 车系：4502 口碑：1865557 数据保存成功!
2020-06-04 11:49:06,488 | model_koubei.py | INFO  | 车系：4502 口碑：2138879 数据获取中...
2020-06-04 11:49:06,609 | model_koubei.py | INFO  | 车系：4502 口碑：2107051 数据获取中...
2020-06-04 11:49:06,619 | model_koubei.py | INFO  | 车系：4502 口碑：1854991 数据保存成功!
2020-06-04 11:49:06,699 | model_koubei.py | INFO  | 车系：4502 口碑：2092796 数据获取中...
2020-06-04 11:49:06,798 | model_koubei.py | INFO  | 车系：4502 口碑：2138879 数据保存成功!
2020-06-04 11:49:06,824 | model_koubei.py | INFO  | 车系：4502 口碑：2052761 数据获取中...
2020-06-04 11:49:06,904 | model_koubei.py | INFO  | 车系：4502 口碑：2107051 数据保存成功!
2020-06-04 11:49:07,053 | model_koubei.py | INFO  | 车系：4502 口碑：2092796 数据保存成功!
2020-06-04 11:49:07,075 | model_koubei.py | INFO  | 车系：4502 口碑：2035878 数据获取中...
2020-06-04 11:49:07,170 | model_koubei.py | INFO  | 车系：4502 口碑：2052761 数据保存成功!
2020-06-04 11:49:07,197 | model_koubei.py | INFO  | 车系：4502 口碑：2056803 数据获取中...
2020-06-04 11:49:07,286 | model_koubei.py | INFO  | 车系：4502 口碑：2035878 数据保存成功!
2020-06-04 11:49:07,288 | model_koubei.py | INFO  | 车系：4502 口碑：2136030 数据获取中...
2020-06-04 11:49:07,414 | model_koubei.py | INFO  | 车系：4502 口碑：2056803 数据保存成功!
2020-06-04 11:49:07,487 | model_koubei.py | INFO  | 车系：4502 口碑：1963558 数据获取中...
2020-06-04 11:49:07,526 | model_koubei.py | INFO  | 车系：4502 口碑：2136030 数据保存成功!
2020-06-04 11:49:07,623 | model_koubei.py | INFO  | 车系：4502 口碑：1868804 数据获取中...
2020-06-04 11:49:07,729 | model_koubei.py | INFO  | 车系：4502 口碑：1963558 数据保存成功!
2020-06-04 11:49:07,801 | model_koubei.py | INFO  | 车系：4502 口碑：2412782 数据获取中...
2020-06-04 11:49:07,840 | model_koubei.py | INFO  | 车系：4502 口碑：1868804 数据保存成功!
2020-06-04 11:49:07,906 | model_koubei.py | INFO  | 车系：4502 口碑：2203694 数据获取中...
2020-06-04 11:49:08,018 | model_koubei.py | INFO  | 车系：4502 口碑：2412782 数据保存成功!
2020-06-04 11:49:08,056 | model_koubei.py | INFO  | 车系：4502 口碑：2177908 数据获取中...
2020-06-04 11:49:08,118 | model_koubei.py | INFO  | 车系：4502 口碑：2203694 数据保存成功!
2020-06-04 11:49:08,175 | model_koubei.py | INFO  | 车系：4502 口碑：2138720 数据获取中...
2020-06-04 11:49:08,235 | model_koubei.py | INFO  | 车系：4502 口碑：1856612 数据保存成功!
2020-06-04 11:49:08,290 | model_koubei.py | INFO  | 车系：4502 口碑：2089923 数据获取中...
2020-06-04 11:49:08,340 | model_koubei.py | INFO  | 车系：4502 口碑：2177908 数据保存成功!
2020-06-04 11:49:08,420 | model_koubei.py | INFO  | 车系：4502 口碑：2065440 数据获取中...
2020-06-04 11:49:08,506 | model_koubei.py | INFO  | 车系：4502 口碑：2138720 数据保存成功!
2020-06-04 11:49:08,530 | model_koubei.py | INFO  | 车系：4502 口碑：2041785 数据获取中...
2020-06-04 11:49:08,659 | model_koubei.py | INFO  | 车系：4502 口碑：2089923 数据保存成功!
2020-06-04 11:49:08,733 | model_koubei.py | INFO  | 车系：4502 口碑：2041638 数据获取中...
2020-06-04 11:49:08,756 | model_koubei.py | INFO  | 车系：4502 口碑：2041785 数据保存成功!
2020-06-04 11:49:08,843 | model_koubei.py | INFO  | 车系：4502 口碑：2040982 数据获取中...
2020-06-04 11:49:08,856 | model_koubei.py | INFO  | 车系：4502 口碑：2065440 数据保存成功!
2020-06-04 11:49:08,990 | model_koubei.py | INFO  | 车系：4502 口碑：2041638 数据保存成功!
2020-06-04 11:49:09,020 | model_koubei.py | INFO  | 车系：4502 口碑：1970316 数据获取中...
2020-06-04 11:49:09,104 | model_koubei.py | INFO  | 车系：4502 口碑：2040982 数据保存成功!
2020-06-04 11:49:09,120 | model_koubei.py | INFO  | 车系：4502 口碑：1964583 数据获取中...
2020-06-04 11:49:09,201 | model_koubei.py | INFO  | 车系：4502 口碑：1970316 数据保存成功!
2020-06-04 11:49:09,238 | model_koubei.py | INFO  | 车系：4502 口碑：1953134 数据获取中...
2020-06-04 11:49:09,343 | model_koubei.py | INFO  | 车系：4502 口碑：1940248 数据获取中...
2020-06-04 11:49:09,356 | model_koubei.py | INFO  | 车系：4502 口碑：1964583 数据保存成功!
2020-06-04 11:49:09,468 | model_koubei.py | INFO  | 车系：4502 口碑：1953134 数据保存成功!
2020-06-04 11:49:09,509 | model_koubei.py | INFO  | 车系：4502 口碑：1937777 数据获取中...
2020-06-04 11:49:09,567 | model_koubei.py | INFO  | 车系：4502 口碑：1940248 数据保存成功!
2020-06-04 11:49:09,664 | model_koubei.py | INFO  | 车系：4502 口碑：1926293 数据获取中...
2020-06-04 11:49:09,729 | model_koubei.py | INFO  | 车系：4502 口碑：1937777 数据保存成功!
2020-06-04 11:49:09,867 | model_koubei.py | INFO  | 车系：4502 口碑：1926293 数据保存成功!
2020-06-04 11:49:11,130 | model_koubei.py | INFO  | 车系：4502 口碑数据获取完成!
2020-06-04 11:49:11,132 | model_koubei.py | INFO  | 程序结束时间：2020-06-04 11:49:11.132932
2020-06-04 11:49:11,133 | model_koubei.py | INFO  | 程序执行用时：0:00:28.076935s
2020-06-04 11:50:46,174 | model_koubei.py | INFO  | 程序开始时间：2020-06-04 11:50:46.173291
2020-06-04 11:50:47,632 | model_koubei.py | INFO  | 车系：4502 口碑数据获取中...
2020-06-04 11:50:49,748 | model_koubei.py | INFO  | 车系：4502 口碑：1936376 数据获取中...
2020-06-04 11:50:49,751 | model_koubei.py | INFO  | 车系：4502 口碑：1827000 数据获取中...
2020-06-04 11:50:49,756 | model_koubei.py | INFO  | 车系：4502 口碑：2228542 数据获取中...
2020-06-04 11:50:49,756 | model_koubei.py | INFO  | 车系：4502 口碑：2204366 数据获取中...
2020-06-04 11:50:49,770 | model_koubei.py | INFO  | 车系：4502 口碑：1913830 数据获取中...
2020-06-04 11:50:49,770 | model_koubei.py | INFO  | 车系：4502 口碑：1975992 数据获取中...
2020-06-04 11:50:49,781 | model_koubei.py | INFO  | 车系：4502 口碑：2128546 数据获取中...
2020-06-04 11:50:49,786 | model_koubei.py | INFO  | 车系：4502 口碑：2114301 数据获取中...
2020-06-04 11:50:49,789 | model_koubei.py | INFO  | 车系：4502 口碑：2043702 数据获取中...
2020-06-04 11:50:49,805 | model_koubei.py | INFO  | 车系：4502 口碑：2248874 数据获取中...
2020-06-04 11:50:50,436 | model_koubei.py | INFO  | 车系：4502车型口碑ID列表获取完成。
2020-06-04 11:50:51,517 | model_koubei.py | INFO  | 车系：4502 口碑：1936376 数据保存成功!
2020-06-04 11:50:51,716 | model_koubei.py | INFO  | 车系：4502 口碑：2204366 数据保存成功!
2020-06-04 11:50:51,924 | model_koubei.py | INFO  | 车系：4502 口碑：2128546 数据保存成功!
2020-06-04 11:50:52,161 | model_koubei.py | INFO  | 车系：4502 口碑：2248874 数据保存成功!
2020-06-04 11:50:52,465 | model_koubei.py | INFO  | 车系：4502 口碑：1913830 数据保存成功!
2020-06-04 11:50:52,521 | model_koubei.py | INFO  | 车系：4502 口碑：1942738 数据获取中...
2020-06-04 11:50:52,689 | model_koubei.py | INFO  | 车系：4502 口碑：1975992 数据保存成功!
2020-06-04 11:50:52,722 | model_koubei.py | INFO  | 车系：4502 口碑：1928060 数据获取中...
2020-06-04 11:50:52,870 | model_koubei.py | INFO  | 车系：4502 口碑：1942738 数据保存成功!
2020-06-04 11:50:52,927 | model_koubei.py | INFO  | 车系：4502 口碑：1916638 数据获取中...
2020-06-04 11:50:52,999 | model_koubei.py | INFO  | 车系：4502 口碑：2043702 数据保存成功!
2020-06-04 11:50:53,167 | model_koubei.py | INFO  | 车系：4502 口碑：1827000 数据保存成功!
2020-06-04 11:50:53,169 | model_koubei.py | INFO  | 车系：4502 口碑：1906219 数据获取中...
2020-06-04 11:50:53,301 | model_koubei.py | INFO  | 车系：4502 口碑：1916638 数据保存成功!
2020-06-04 11:50:53,420 | model_koubei.py | INFO  | 车系：4502 口碑：1928060 数据保存成功!
2020-06-04 11:50:53,469 | model_koubei.py | INFO  | 车系：4502 口碑：1900526 数据获取中...
2020-06-04 11:50:53,604 | model_koubei.py | INFO  | 车系：4502 口碑：2114301 数据保存成功!
2020-06-04 11:50:53,695 | model_koubei.py | INFO  | 车系：4502 口碑：1886384 数据获取中...
2020-06-04 11:50:53,770 | model_koubei.py | INFO  | 车系：4502 口碑：1906219 数据保存成功!
2020-06-04 11:50:53,873 | model_koubei.py | INFO  | 车系：4502 口碑：1881044 数据获取中...
2020-06-04 11:50:53,930 | model_koubei.py | INFO  | 车系：4502 口碑：2228542 数据保存成功!
2020-06-04 11:50:54,006 | model_koubei.py | INFO  | 车系：4502 口碑：2619715 数据获取中...
2020-06-04 11:50:54,068 | model_koubei.py | INFO  | 车系：4502 口碑：1900526 数据保存成功!
2020-06-04 11:50:54,167 | model_koubei.py | INFO  | 车系：4502 口碑：1886384 数据保存成功!
2020-06-04 11:50:54,173 | model_koubei.py | INFO  | 车系：4502 口碑：2594085 数据获取中...
2020-06-04 11:50:54,307 | model_koubei.py | INFO  | 车系：4502 口碑：2173874 数据获取中...
2020-06-04 11:50:54,309 | model_koubei.py | INFO  | 车系：4502 口碑：2619715 数据保存成功!
2020-06-04 11:50:54,423 | model_koubei.py | INFO  | 车系：4502 口碑：2254636 数据获取中...
2020-06-04 11:50:54,474 | model_koubei.py | INFO  | 车系：4502 口碑：1881044 数据保存成功!
2020-06-04 11:50:54,613 | model_koubei.py | INFO  | 车系：4502 口碑：2254455 数据获取中...
2020-06-04 11:50:54,620 | model_koubei.py | INFO  | 车系：4502 口碑：2594085 数据保存成功!
2020-06-04 11:50:54,775 | model_koubei.py | INFO  | 车系：4502 口碑：2241818 数据获取中...
2020-06-04 11:50:54,800 | model_koubei.py | INFO  | 车系：4502 口碑：2173874 数据保存成功!
2020-06-04 11:50:54,935 | model_koubei.py | INFO  | 车系：4502 口碑：2202674 数据获取中...
2020-06-04 11:50:54,943 | model_koubei.py | INFO  | 车系：4502 口碑：2254636 数据保存成功!
2020-06-04 11:50:55,074 | model_koubei.py | INFO  | 车系：4502 口碑：2231379 数据获取中...
2020-06-04 11:50:55,075 | model_koubei.py | INFO  | 车系：4502 口碑：2241818 数据保存成功!
2020-06-04 11:50:55,171 | model_koubei.py | INFO  | 车系：4502 口碑：2218082 数据获取中...
2020-06-04 11:50:55,190 | model_koubei.py | INFO  | 车系：4502 口碑：2254455 数据保存成功!
2020-06-04 11:50:55,317 | model_koubei.py | INFO  | 车系：4502 口碑：2217507 数据获取中...
2020-06-04 11:50:55,365 | model_koubei.py | INFO  | 车系：4502 口碑：2218082 数据保存成功!
2020-06-04 11:50:55,466 | model_koubei.py | INFO  | 车系：4502 口碑：2202674 数据保存成功!
2020-06-04 11:50:55,477 | model_koubei.py | INFO  | 车系：4502 口碑：2190427 数据获取中...
2020-06-04 11:50:55,561 | model_koubei.py | INFO  | 车系：4502 口碑：2231379 数据保存成功!
2020-06-04 11:50:55,626 | model_koubei.py | INFO  | 车系：4502 口碑：2190351 数据获取中...
2020-06-04 11:50:55,672 | model_koubei.py | INFO  | 车系：4502 口碑：2217507 数据保存成功!
2020-06-04 11:50:55,804 | model_koubei.py | INFO  | 车系：4502 口碑：2176291 数据获取中...
2020-06-04 11:50:55,946 | model_koubei.py | INFO  | 车系：4502 口碑：2190427 数据保存成功!
2020-06-04 11:50:55,947 | model_koubei.py | INFO  | 车系：4502 口碑：2095860 数据获取中...
2020-06-04 11:50:56,079 | model_koubei.py | INFO  | 车系：4502 口碑：2090933 数据获取中...
2020-06-04 11:50:56,116 | model_koubei.py | INFO  | 车系：4502 口碑：2176291 数据保存成功!
2020-06-04 11:50:56,194 | model_koubei.py | INFO  | 车系：4502 口碑：2037817 数据获取中...
2020-06-04 11:50:56,216 | model_koubei.py | INFO  | 车系：4502 口碑：2095860 数据保存成功!
2020-06-04 11:50:56,349 | model_koubei.py | INFO  | 车系：4502 口碑：2090933 数据保存成功!
2020-06-04 11:50:56,378 | model_koubei.py | INFO  | 车系：4502 口碑：1845940 数据获取中...
2020-06-04 11:50:56,470 | model_koubei.py | INFO  | 车系：4502 口碑：2012573 数据获取中...
2020-06-04 11:50:56,482 | model_koubei.py | INFO  | 车系：4502 口碑：2037817 数据保存成功!
2020-06-04 11:50:56,573 | model_koubei.py | INFO  | 车系：4502 口碑：1845940 数据保存成功!
2020-06-04 11:50:56,576 | model_koubei.py | INFO  | 车系：4502 口碑：1953992 数据获取中...
2020-06-04 11:50:56,677 | model_koubei.py | INFO  | 车系：4502 口碑：1940344 数据获取中...
2020-06-04 11:50:56,693 | model_koubei.py | INFO  | 车系：4502 口碑：2012573 数据保存成功!
2020-06-04 11:50:56,848 | model_koubei.py | INFO  | 车系：4502 口碑：2190351 数据保存成功!
2020-06-04 11:50:56,948 | model_koubei.py | INFO  | 车系：4502 口碑：1936571 数据获取中...
2020-06-04 11:50:57,040 | model_koubei.py | INFO  | 车系：4502 口碑：1953992 数据保存成功!
2020-06-04 11:50:57,119 | model_koubei.py | INFO  | 车系：4502 口碑：1935401 数据获取中...
2020-06-04 11:50:57,181 | model_koubei.py | INFO  | 车系：4502 口碑：1936571 数据保存成功!
2020-06-04 11:50:57,220 | model_koubei.py | INFO  | 车系：4502 口碑：1931110 数据获取中...
2020-06-04 11:50:57,314 | model_koubei.py | INFO  | 车系：4502 口碑：1940344 数据保存成功!
2020-06-04 11:50:57,352 | model_koubei.py | INFO  | 车系：4502 口碑：1928654 数据获取中...
2020-06-04 11:50:57,485 | model_koubei.py | INFO  | 车系：4502 口碑：1877130 数据获取中...
2020-06-04 11:50:57,570 | model_koubei.py | INFO  | 车系：4502 口碑：1928654 数据保存成功!
2020-06-04 11:50:57,584 | model_koubei.py | INFO  | 车系：4502 口碑：1906330 数据获取中...
2020-06-04 11:50:57,680 | model_koubei.py | INFO  | 车系：4502 口碑：1931110 数据保存成功!
2020-06-04 11:50:57,696 | model_koubei.py | INFO  | 车系：4502 口碑：1893568 数据获取中...
2020-06-04 11:50:57,792 | model_koubei.py | INFO  | 车系：4502 口碑：1877130 数据保存成功!
2020-06-04 11:50:57,852 | model_koubei.py | INFO  | 车系：4502 口碑：1885708 数据获取中...
2020-06-04 11:50:57,902 | model_koubei.py | INFO  | 车系：4502 口碑：1935401 数据保存成功!
2020-06-04 11:50:58,010 | model_koubei.py | INFO  | 车系：4502 口碑：1906330 数据保存成功!
2020-06-04 11:50:58,045 | model_koubei.py | INFO  | 车系：4502 口碑：1878640 数据获取中...
2020-06-04 11:50:58,107 | model_koubei.py | INFO  | 车系：4502 口碑：1893568 数据保存成功!
2020-06-04 11:50:58,184 | model_koubei.py | INFO  | 车系：4502 口碑：1876521 数据获取中...
2020-06-04 11:50:58,246 | model_koubei.py | INFO  | 车系：4502 口碑：1878640 数据保存成功!
2020-06-04 11:50:58,318 | model_koubei.py | INFO  | 车系：4502 口碑：1869417 数据获取中...
2020-06-04 11:50:58,373 | model_koubei.py | INFO  | 车系：4502 口碑：1885708 数据保存成功!
2020-06-04 11:50:58,557 | model_koubei.py | INFO  | 车系：4502 口碑：1869417 数据保存成功!
2020-06-04 11:50:58,573 | model_koubei.py | INFO  | 车系：4502 口碑：1865659 数据获取中...
2020-06-04 11:50:58,668 | model_koubei.py | INFO  | 车系：4502 口碑：1876521 数据保存成功!
2020-06-04 11:50:58,683 | model_koubei.py | INFO  | 车系：4502 口碑：1865557 数据获取中...
2020-06-04 11:50:58,796 | model_koubei.py | INFO  | 1913830 已获取跳过!
2020-06-04 11:50:58,798 | model_koubei.py | INFO  | 1975992 已获取跳过!
2020-06-04 11:50:58,800 | model_koubei.py | INFO  | 1936376 已获取跳过!
2020-06-04 11:50:58,802 | model_koubei.py | INFO  | 1827000 已获取跳过!
2020-06-04 11:50:58,804 | model_koubei.py | INFO  | 2248874 已获取跳过!
2020-06-04 11:50:58,806 | model_koubei.py | INFO  | 车系：4502 口碑：1865659 数据保存成功!
2020-06-04 11:50:58,807 | model_koubei.py | INFO  | 2228542 已获取跳过!
2020-06-04 11:50:58,810 | model_koubei.py | INFO  | 2204366 已获取跳过!
2020-06-04 11:50:58,812 | model_koubei.py | INFO  | 2128546 已获取跳过!
2020-06-04 11:50:58,814 | model_koubei.py | INFO  | 2114301 已获取跳过!
2020-06-04 11:50:58,817 | model_koubei.py | INFO  | 2043702 已获取跳过!
2020-06-04 11:50:58,819 | model_koubei.py | INFO  | 1942738 已获取跳过!
2020-06-04 11:50:58,821 | model_koubei.py | INFO  | 1928060 已获取跳过!
2020-06-04 11:50:58,824 | model_koubei.py | INFO  | 1916638 已获取跳过!
2020-06-04 11:50:58,827 | model_koubei.py | INFO  | 1906219 已获取跳过!
2020-06-04 11:50:58,829 | model_koubei.py | INFO  | 1900526 已获取跳过!
2020-06-04 11:50:58,831 | model_koubei.py | INFO  | 1886384 已获取跳过!
2020-06-04 11:50:58,834 | model_koubei.py | INFO  | 1881044 已获取跳过!
2020-06-04 11:50:58,835 | model_koubei.py | INFO  | 2619715 已获取跳过!
2020-06-04 11:50:58,837 | model_koubei.py | INFO  | 2594085 已获取跳过!
2020-06-04 11:50:58,840 | model_koubei.py | INFO  | 2173874 已获取跳过!
2020-06-04 11:50:58,842 | model_koubei.py | INFO  | 2254636 已获取跳过!
2020-06-04 11:50:58,844 | model_koubei.py | INFO  | 2254455 已获取跳过!
2020-06-04 11:50:58,847 | model_koubei.py | INFO  | 2241818 已获取跳过!
2020-06-04 11:50:58,849 | model_koubei.py | INFO  | 2202674 已获取跳过!
2020-06-04 11:50:58,851 | model_koubei.py | INFO  | 2231379 已获取跳过!
2020-06-04 11:50:58,853 | model_koubei.py | INFO  | 2218082 已获取跳过!
2020-06-04 11:50:58,855 | model_koubei.py | INFO  | 2217507 已获取跳过!
2020-06-04 11:50:58,857 | model_koubei.py | INFO  | 2190427 已获取跳过!
2020-06-04 11:50:58,860 | model_koubei.py | INFO  | 2190351 已获取跳过!
2020-06-04 11:50:58,864 | model_koubei.py | INFO  | 2176291 已获取跳过!
2020-06-04 11:50:58,867 | model_koubei.py | INFO  | 2095860 已获取跳过!
2020-06-04 11:50:58,869 | model_koubei.py | INFO  | 2090933 已获取跳过!
2020-06-04 11:50:58,872 | model_koubei.py | INFO  | 2037817 已获取跳过!
2020-06-04 11:50:58,874 | model_koubei.py | INFO  | 1845940 已获取跳过!
2020-06-04 11:50:58,878 | model_koubei.py | INFO  | 2012573 已获取跳过!
2020-06-04 11:50:58,880 | model_koubei.py | INFO  | 1953992 已获取跳过!
2020-06-04 11:50:58,883 | model_koubei.py | INFO  | 1940344 已获取跳过!
2020-06-04 11:50:58,885 | model_koubei.py | INFO  | 1936571 已获取跳过!
2020-06-04 11:50:58,888 | model_koubei.py | INFO  | 1935401 已获取跳过!
2020-06-04 11:50:58,893 | model_koubei.py | INFO  | 1931110 已获取跳过!
2020-06-04 11:50:58,896 | model_koubei.py | INFO  | 1928654 已获取跳过!
2020-06-04 11:50:58,898 | model_koubei.py | INFO  | 1877130 已获取跳过!
2020-06-04 11:50:58,900 | model_koubei.py | INFO  | 1906330 已获取跳过!
2020-06-04 11:50:58,903 | model_koubei.py | INFO  | 1893568 已获取跳过!
2020-06-04 11:50:58,905 | model_koubei.py | INFO  | 1885708 已获取跳过!
2020-06-04 11:50:58,905 | model_koubei.py | INFO  | 1878640 已获取跳过!
2020-06-04 11:50:58,907 | model_koubei.py | INFO  | 1876521 已获取跳过!
2020-06-04 11:50:58,908 | model_koubei.py | INFO  | 1869417 已获取跳过!
2020-06-04 11:50:58,910 | model_koubei.py | INFO  | 1865659 已获取跳过!
5557 数据获取中...
2020-06-04 11:50:58,913 | model_koubei.py | INFO  | 车系：4502 口碑：1856612 数据获取中...
2020-06-04 11:50:58,923 | model_koubei.py | INFO  | 车系：4502 口碑：1865557 数据保存成功!
2020-06-04 11:50:59,018 | model_koubei.py | INFO  | 车系：4502 口碑：1854991 数据获取中...
2020-06-04 11:50:59,110 | model_koubei.py | INFO  | 车系：4502 口碑：2138879 数据获取中...
2020-06-04 11:50:59,134 | model_koubei.py | INFO  | 车系：4502 口碑：1865557 数据保存成功!
2020-06-04 11:50:59,234 | model_koubei.py | INFO  | 车系：4502 口碑：1856612 数据保存成功!
2020-06-04 11:50:59,250 | model_koubei.py | INFO  | 车系：4502 口碑：2107051 数据获取中...
2020-06-04 11:50:59,345 | model_koubei.py | INFO  | 车系：4502 口碑：2138879 数据保存成功!
2020-06-04 11:50:59,380 | model_koubei.py | INFO  | 车系：4502 口碑：2092796 数据获取中...
2020-06-04 11:50:59,460 | model_koubei.py | INFO  | 车系：4502 口碑：2107051 数据保存成功!
2020-06-04 11:50:59,560 | model_koubei.py | INFO  | 车系：4502 口碑：2052761 数据获取中...
2020-06-04 11:50:59,672 | model_koubei.py | INFO  | 车系：4502 口碑：2035878 数据获取中...
2020-06-04 11:50:59,733 | model_koubei.py | INFO  | 车系：4502 口碑：1854991 数据保存成功!
2020-06-04 11:50:59,810 | model_koubei.py | INFO  | 车系：4502 口碑：2056803 数据获取中...
2020-06-04 11:50:59,855 | model_koubei.py | INFO  | 车系：4502 口碑：2052761 数据保存成功!
2020-06-04 11:50:59,927 | model_koubei.py | INFO  | 车系：4502 口碑：2136030 数据获取中...
2020-06-04 11:51:00,054 | model_koubei.py | INFO  | 车系：4502 口碑：2092796 数据保存成功!
2020-06-04 11:51:00,137 | model_koubei.py | INFO  | 车系：4502 口碑：1963558 数据获取中...
2020-06-04 11:51:00,181 | model_koubei.py | INFO  | 车系：4502 口碑：2035878 数据保存成功!
2020-06-04 11:51:00,239 | model_koubei.py | INFO  | 车系：4502 口碑：1868804 数据获取中...
2020-06-04 11:51:00,299 | model_koubei.py | INFO  | 车系：4502 口碑：2056803 数据保存成功!
2020-06-04 11:51:00,350 | model_koubei.py | INFO  | 车系：4502 口碑：2412782 数据获取中...
2020-06-04 11:51:00,403 | model_koubei.py | INFO  | 车系：4502 口碑：2136030 数据保存成功!
2020-06-04 11:51:00,464 | model_koubei.py | INFO  | 车系：4502 口碑：2203694 数据获取中...
2020-06-04 11:51:00,565 | model_koubei.py | INFO  | 车系：4502 口碑：1963558 数据保存成功!
2020-06-04 11:51:00,698 | model_koubei.py | INFO  | 车系：4502 口碑：2203694 数据保存成功!
2020-06-04 11:51:00,736 | model_koubei.py | INFO  | 车系：4502 口碑：2177908 数据获取中...
2020-06-04 11:51:00,825 | model_koubei.py | INFO  | 车系：4502 口碑：1868804 数据保存成功!
2020-06-04 11:51:00,857 | model_koubei.py | INFO  | 车系：4502 口碑：2138720 数据获取中...
2020-06-04 11:51:00,909 | model_koubei.py | INFO  | 车系：4502 口碑：2412782 数据保存成功!
2020-06-04 11:51:01,056 | model_koubei.py | INFO  | 车系：4502 口碑：2089923 数据获取中...
2020-06-04 11:51:01,075 | model_koubei.py | INFO  | 车系：4502 口碑：2177908 数据保存成功!
2020-06-04 11:51:01,184 | model_koubei.py | INFO  | 车系：4502 口碑：2065440 数据获取中...
2020-06-04 11:51:01,275 | model_koubei.py | INFO  | 车系：4502 口碑：2089923 数据保存成功!
2020-06-04 11:51:01,304 | model_koubei.py | INFO  | 车系：4502 口碑：2041785 数据获取中...
2020-06-04 11:51:01,405 | model_koubei.py | INFO  | 车系：4502 口碑：2041638 数据获取中...
2020-06-04 11:51:01,410 | model_koubei.py | INFO  | 车系：4502 口碑：2138720 数据保存成功!
2020-06-04 11:51:01,570 | model_koubei.py | INFO  | 车系：4502 口碑：2040982 数据获取中...
2020-06-04 11:51:01,613 | model_koubei.py | INFO  | 车系：4502 口碑：2065440 数据保存成功!
2020-06-04 11:51:01,702 | model_koubei.py | INFO  | 车系：4502 口碑：1970316 数据获取中...
2020-06-04 11:51:01,789 | model_koubei.py | INFO  | 车系：4502 口碑：2040982 数据保存成功!
2020-06-04 11:51:01,829 | model_koubei.py | INFO  | 车系：4502 口碑：1964583 数据获取中...
2020-06-04 11:51:01,879 | model_koubei.py | INFO  | 车系：4502 口碑：2041785 数据保存成功!
2020-06-04 11:51:01,913 | model_koubei.py | INFO  | 车系：4502 口碑：1953134 数据获取中...
2020-06-04 11:51:02,030 | model_koubei.py | INFO  | 车系：4502 口碑：1970316 数据保存成功!
2020-06-04 11:51:02,079 | model_koubei.py | INFO  | 车系：4502 口碑：1940248 数据获取中...
2020-06-04 11:51:02,163 | model_koubei.py | INFO  | 车系：4502 口碑：2041638 数据保存成功!
2020-06-04 11:51:02,263 | model_koubei.py | INFO  | 车系：4502 口碑：1964583 数据保存成功!
2020-06-04 11:51:02,279 | model_koubei.py | INFO  | 车系：4502 口碑：1937777 数据获取中...
2020-06-04 11:51:02,399 | model_koubei.py | INFO  | 车系：4502 口碑：1940248 数据保存成功!
2020-06-04 11:51:02,415 | model_koubei.py | INFO  | 车系：4502 口碑：1926293 数据获取中...
2020-06-04 11:51:02,488 | model_koubei.py | INFO  | 车系：4502 口碑：1937777 数据保存成功!
2020-06-04 11:51:02,689 | model_koubei.py | INFO  | 车系：4502 口碑：1953134 数据保存成功!
2020-06-04 11:51:02,987 | model_koubei.py | INFO  | 车系：4502 口碑：1926293 数据保存成功!
2020-06-04 11:51:04,187 | model_koubei.py | INFO  | 车系：4502 口碑数据获取完成!
2020-06-04 11:51:04,190 | model_koubei.py | INFO  | 程序结束时间：2020-06-04 11:51:04.190349
2020-06-04 11:51:04,190 | model_koubei.py | INFO  | 程序执行用时：0:00:18.017058s
2020-06-04 14:44:23,042 | model_koubei.py | INFO  | 程序开始时间：2020-06-04 14:44:23.041072
2020-06-04 14:44:55,287 | model_koubei.py | INFO  | 程序开始时间：2020-06-04 14:44:55.286001
2020-06-04 14:44:55,317 | model_koubei.py | INFO  | 车系：4502 口碑数据获取中...
2020-06-04 14:45:10,559 | model_koubei.py | INFO  | 车系：4502 口碑：1913830 数据获取中...
2020-06-04 14:45:11,703 | model_koubei.py | INFO  | 车系：4502 口碑：1913830 数据保存成功!
2020-06-04 14:45:12,706 | model_koubei.py | INFO  | 车系：4502 口碑：1975992 数据获取中...
2020-06-04 14:45:13,280 | model_koubei.py | INFO  | 车系：4502 口碑：1975992 数据保存成功!
2020-06-04 14:45:14,282 | model_koubei.py | INFO  | 车系：4502 口碑：1936376 数据获取中...
2020-06-04 14:45:14,958 | model_koubei.py | INFO  | 车系：4502 口碑：1936376 数据保存成功!
2020-06-04 14:45:15,964 | model_koubei.py | INFO  | 车系：4502 口碑：1827000 数据获取中...
2020-06-04 14:45:16,320 | model_koubei.py | INFO  | 车系：4502 口碑：1827000 数据保存成功!
2020-06-04 14:45:17,325 | model_koubei.py | INFO  | 车系：4502 口碑：2248874 数据获取中...
2020-06-04 14:45:17,728 | model_koubei.py | INFO  | 车系：4502 口碑：2248874 数据保存成功!
2020-06-04 14:45:18,729 | model_koubei.py | INFO  | 车系：4502 口碑：2228542 数据获取中...
2020-06-04 14:45:19,247 | model_koubei.py | INFO  | 车系：4502 口碑：2228542 数据保存成功!
2020-06-04 14:45:20,251 | model_koubei.py | INFO  | 车系：4502 口碑：2204366 数据获取中...
2020-06-04 14:45:20,791 | model_koubei.py | INFO  | 车系：4502 口碑：2204366 数据保存成功!
2020-06-04 14:45:21,798 | model_koubei.py | INFO  | 车系：4502 口碑：2128546 数据获取中...
2020-06-04 14:45:22,258 | model_koubei.py | INFO  | 车系：4502 口碑：2128546 数据保存成功!
